0	[-0.001000000000000001, 0]	0.03898628545792618
1	[-0.001000000000000001, 0]	0.037264980161400736
2	[-0.001000000000000001, 0]	0.05733566234304073
3	[-0.001000000000000001, 0]	0.056254654020542236
4	[-0.001000000000000001, 0]	0.042558673316831726
5	[-0.001000000000000001, 0]	0.0675320647418778
6	[-0.001000000000000001, 0]	0.05929122423127489
7	[-0.001000000000000001, 0]	0.03958463808491223
avg	[-0.001000000000000001, 0]	0.0027213014175210748
0	[0, -0.001000000000000001]	0.03982732402281207
1	[0, -0.001000000000000001]	0.03958751011384277
2	[0, -0.001000000000000001]	0.05572607110813605
3	[0, -0.001000000000000001]	0.05539539934474228
4	[0, -0.001000000000000001]	0.03974610149347187
5	[0, -0.001000000000000001]	0.06236066461550423
6	[0, -0.001000000000000001]	0.060757012788430126
7	[0, -0.001000000000000001]	0.04336276440673175
avg	[0, -0.001000000000000001]	0.0019159475902060152
0	[-0.001000000000000001, 0]	0.03898628545792618
1	[-0.001000000000000001, 0]	0.037264980161400736
2	[-0.001000000000000001, 0]	0.05733566234304073
3	[-0.001000000000000001, 0]	0.056254654020542236
4	[-0.001000000000000001, 0]	0.042558673316831726
5	[-0.001000000000000001, 0]	0.0675320647418778
6	[-0.001000000000000001, 0]	0.05929122423127489
7	[-0.001000000000000001, 0]	0.03958463808491223
avg	[-0.001000000000000001, 0]	0.0027213014175210748
0	[-0.001000000000000001, 0]	0.03898628545792618
1	[-0.001000000000000001, 0]	0.037264980161400736
2	[-0.001000000000000001, 0]	0.05733566234304073
3	[-0.001000000000000001, 0]	0.056254654020542236
4	[-0.001000000000000001, 0]	0.042558673316831726
5	[-0.001000000000000001, 0]	0.0675320647418778
6	[-0.001000000000000001, 0]	0.05929122423127489
7	[-0.001000000000000001, 0]	0.03958463808491223
avg	[-0.001000000000000001, 0]	0.0027213014175210748
0	[-0.001000000000000001, 0]	0.03898628545792618
1	[-0.001000000000000001, 0]	0.037264980161400736
2	[-0.001000000000000001, 0]	0.05733566234304073
3	[-0.001000000000000001, 0]	0.056254654020542236
0	[-0.001000000000000001, 0]	0.03898628545792618
1	[-0.001000000000000001, 0]	0.037264980161400736
2	[-0.001000000000000001, 0]	0.05733566234304073
3	[-0.001000000000000001, 0]	0.056254654020542236
4	[-0.001000000000000001, 0]	0.042558673316831726
5	[-0.001000000000000001, 0]	0.0675320647418778
6	[-0.001000000000000001, 0]	0.05929122423127489
7	[-0.001000000000000001, 0]	0.03958463808491223
avg	[-0.001000000000000001, 0]	0.0027213014175210748
0	[-0.0006473082037010408, 0]	0.03876514294837385
1	[-0.0006473082037010408, 0]	0.037462573138821766
2	[-0.0006473082037010408, 0]	0.056327943269012186
3	[-0.0006473082037010408, 0]	0.05555910223133914
4	[-0.0006473082037010408, 0]	0.041424371825556264
5	[-0.0006473082037010408, 0]	0.06570652507456219
6	[-0.0006473082037010408, 0]	0.05927224186293608
7	[-0.0006473082037010408, 0]	0.03950025508201703
avg	[-0.0006473082037010408, 0]	0.001996527420878212
0	[-0.00041900791057866737, 0]	0.03866951752723612
1	[-0.00041900791057866737, 0]	0.03764653007649511
2	[-0.00041900791057866737, 0]	0.055699951418671664
3	[-0.00041900791057866737, 0]	0.0551394605331505
4	[-0.00041900791057866737, 0]	0.04071709926428563
5	[-0.00041900791057866737, 0]	0.06452627268199776
6	[-0.00041900791057866737, 0]	0.059293036799013515
7	[-0.00041900791057866737, 0]	0.03944646840601464
avg	[-0.00041900791057866737, 0]	0.0015881353397998986
0	[-0.000271227257933203, 0]	0.03862770134003867
1	[-0.000271227257933203, 0]	0.037788747958094594
2	[-0.000271227257933203, 0]	0.05530400826047607
3	[-0.000271227257933203, 0]	0.05488096064734851
4	[-0.000271227257933203, 0]	0.040271216742140216
5	[-0.000271227257933203, 0]	0.0637629261117158
6	[-0.000271227257933203, 0]	0.05932034755642077
7	[-0.000271227257933203, 0]	0.039412002755598786
avg	[-0.000271227257933203, 0]	0.0013873716287591356
0	[-0.00017556762912750013, 0]	0.03860907973613071
1	[-0.00017556762912750013, 0]	0.037890390048770865
2	[-0.00017556762912750013, 0]	0.05505223879351163
3	[-0.00017556762912750013, 0]	0.05471922040354552
4	[-0.00017556762912750013, 0]	0.03998777615251495
5	[-0.00017556762912750013, 0]	0.06326908537692945
6	[-0.00017556762912750013, 0]	0.05934382135699818
7	[-0.00017556762912750013, 0]	0.03938984015269452
avg	[-0.00017556762912750013, 0]	0.0013005691825574122
0	[-0.00011364636663857255, 0]	0.038600570760880366
1	[-0.00011364636663857255, 0]	0.037960165482960405
2	[-0.00011364636663857255, 0]	0.05489119153444189
3	[-0.00011364636663857255, 0]	0.05461688874682259
4	[-0.00011364636663857255, 0]	0.03980652405724574
5	[-0.00011364636663857255, 0]	0.06294953866103452
6	[-0.00011364636663857255, 0]	0.059361441441417855
7	[-0.00011364636663857255, 0]	0.0393755559067897
avg	[-0.00011364636663857255, 0]	0.0012642832437203032
0	[-7.356422544596421e-05, 0]	0.03859654930174327
1	[-7.356422544596421e-05, 0]	0.038006990354229955
2	[-7.356422544596421e-05, 0]	0.054787758610996475
3	[-7.356422544596421e-05, 0]	0.05455164519312976
4	[-7.356422544596421e-05, 0]	0.039690142481077176
5	[-7.356422544596421e-05, 0]	0.06274274481430228
6	[-7.356422544596421e-05, 0]	0.05937386233220622
7	[-7.356422544596421e-05, 0]	0.039366335506353246
avg	[-7.356422544596421e-05, 0]	0.0012486775712266017
0	[-4.76187266300854e-05, 0]	0.038594569238771845
1	[-4.76187266300854e-05, 0]	0.038037992751278955
2	[-4.76187266300854e-05, 0]	0.054721148895854735
3	[-4.76187266300854e-05, 0]	0.054509831680733485
4	[-4.76187266300854e-05, 0]	0.03961520716740286
5	[-4.76187266300854e-05, 0]	0.0626089072304329
6	[-4.76187266300854e-05, 0]	0.05938232759681208
7	[-4.76187266300854e-05, 0]	0.0393603779268126
avg	[-4.76187266300854e-05, 0]	0.0012417226343557773
0	[-3.082399239745143e-05, 0]	0.038593548639341474
1	[-3.082399239745143e-05, 0]	0.038058350172940805
2	[-3.082399239745143e-05, 0]	0.05467817627391924
3	[-3.082399239745143e-05, 0]	0.0544829415214583
4	[-3.082399239745143e-05, 0]	0.039566869306525955
5	[-3.082399239745143e-05, 0]	0.0625222822540187
6	[-3.082399239745143e-05, 0]	0.05938798527921161
7	[-3.082399239745143e-05, 0]	0.0393565260890748
avg	[-3.082399239745143e-05, 0]	0.0012384872821922554
0	[-1.9952623149688786e-05, 0]	0.03859299741419199
1	[-1.9952623149688786e-05, 0]	0.03807164871784343
2	[-1.9952623149688786e-05, 0]	0.05465042039773587
3	[-1.9952623149688786e-05, 0]	0.05446560919244609
4	[-1.9952623149688786e-05, 0]	0.039535650642550234
5	[-1.9952623149688786e-05, 0]	0.06246621306521925
6	[-1.9952623149688786e-05, 0]	0.059391722123733275
7	[-1.9952623149688786e-05, 0]	0.03935403467076856
avg	[-1.9952623149688786e-05, 0]	0.0012369212682746594
0	[0.0, 0]	0.038592209483197845
1	[0.0, 0]	0.03809630310909738
2	[0.0, 0]	0.054599603324526555
3	[0.0, 0]	0.054433949839792516
4	[0.0, 0]	0.03947849922034365
5	[0.0, 0]	0.06236331516981802
6	[0.0, 0]	0.05939873295284465
7	[0.0, 0]	0.03934946598120578
avg	[0.0, 0]	0.001235119867225156
0	[1.9952623149688786e-05, 0]	0.03859171124001841
1	[1.9952623149688786e-05, 0]	0.038121276850636654
2	[1.9952623149688786e-05, 0]	0.05454894756239337
3	[1.9952623149688786e-05, 0]	0.05440248666284215
4	[1.9952623149688786e-05, 0]	0.03942153665115948
5	[1.9952623149688786e-05, 0]	0.062260427607901854
6	[1.9952623149688786e-05, 0]	0.05940594110037283
7	[1.9952623149688786e-05, 0]	0.03934490234410167
avg	[1.9952623149688786e-05, 0]	0.0012347109843727348
0	[3.082399239745143e-05, 0]	0.03859156169123154
1	[3.082399239745143e-05, 0]	0.03813501820161392
2	[3.082399239745143e-05, 0]	0.054521415358567464
3	[3.082399239745143e-05, 0]	0.05438542634868712
4	[3.082399239745143e-05, 0]	0.03939057984941542
5	[3.082399239745143e-05, 0]	0.06220437274750507
6	[3.082399239745143e-05, 0]	0.05940995154406036
7	[3.082399239745143e-05, 0]	0.03934241793148104
avg	[3.082399239745143e-05, 0]	0.0012350800702549804
0	[4.76187266300854e-05, 0]	0.038591499720041875
1	[4.76187266300854e-05, 0]	0.038156432411416294
2	[4.76187266300854e-05, 0]	0.05447897655110556
3	[4.76187266300854e-05, 0]	0.054359185375560705
4	[4.76187266300854e-05, 0]	0.03934286694888833
5	[4.76187266300854e-05, 0]	0.06211778196756799
6	[4.76187266300854e-05, 0]	0.059416262192919886
7	[4.76187266300854e-05, 0]	0.03933858281344149
avg	[4.76187266300854e-05, 0]	0.0012364845350087814
0	[7.356422544596421e-05, 0]	0.038591807461235826
1	[7.356422544596421e-05, 0]	0.038189956880898615
2	[7.356422544596421e-05, 0]	0.05441364083390228
3	[7.356422544596421e-05, 0]	0.05431892119433573
4	[7.356422544596421e-05, 0]	0.039269423174138965
5	[7.356422544596421e-05, 0]	0.06198402599927043
6	[7.356422544596421e-05, 0]	0.05942628580629134
7	[7.356422544596421e-05, 0]	0.03933266513695299
avg	[7.356422544596421e-05, 0]	0.0012406787769075776
0	[0.00011364636663857255, 0]	0.03859324577762748
1	[0.00011364636663857255, 0]	0.03824280063479464
2	[0.00011364636663857255, 0]	0.0543132484309949
3	[0.00011364636663857255, 0]	0.05425737520242438
4	[0.00011364636663857255, 0]	0.03915660137459257
5	[0.00011364636663857255, 0]	0.061777426950292876
6	[0.00011364636663857255, 0]	0.059442425754766874
7	[0.00011364636663857255, 0]	0.03932353996868524
avg	[0.00011364636663857255, 0]	0.00125227597149941
0	[0.00017556762912750013, 0]	0.038597765483657995
1	[0.00017556762912750013, 0]	0.038326939136959136
2	[0.00017556762912750013, 0]	0.054159457704470455
3	[0.00017556762912750013, 0]	0.054163867788960963
4	[0.00017556762912750013, 0]	0.03898384549001985
5	[0.00017556762912750013, 0]	0.061458345221401485
6	[0.00017556762912750013, 0]	0.05946892123978241
7	[0.00017556762912750013, 0]	0.039309483002637986
avg	[0.00017556762912750013, 0]	0.001283357930516481
0	[0.000271227257933203, 0]	0.03861022909925533
1	[0.000271227257933203, 0]	0.038462851234429746
2	[0.000271227257933203, 0]	0.053925006929331144
3	[0.000271227257933203, 0]	0.05402318557172185
4	[0.000271227257933203, 0]	0.038720684623670586
5	[0.000271227257933203, 0]	0.06096561470233588
6	[0.000271227257933203, 0]	0.059513574335808804
7	[0.000271227257933203, 0]	0.03928786282201508
avg	[0.000271227257933203, 0]	0.0013654644558659624
0	[0.00041900791057866737, 0]	0.03864254997464271
1	[0.00041900791057866737, 0]	0.0386868078012383
2	[0.00041900791057866737, 0]	0.053570398225123626
3	[0.00041900791057866737, 0]	0.05381493217712316
4	[0.00041900791057866737, 0]	0.03832321711000279
5	[0.00041900791057866737, 0]	0.06020492051253288
6	[0.00041900791057866737, 0]	0.05959141632804741
7	[0.00041900791057866737, 0]	0.039254691702504264
avg	[0.00041900791057866737, 0]	0.0015660590093019393
0	[0.0006473082037010408, 0]	0.03872357212316235
1	[0.0006473082037010408, 0]	0.03906555861185368
2	[0.0006473082037010408, 0]	0.05304106507988661
3	[0.0006473082037010408, 0]	0.05351514911194674
4	[0.0006473082037010408, 0]	0.03773157956826793
5	[0.0006473082037010408, 0]	0.05903101397155422
6	[0.0006473082037010408, 0]	0.05973272297416761
7	[0.0006473082037010408, 0]	0.03920399449190461
avg	[0.0006473082037010408, 0]	0.0019800118947024014
0	[0.001000000000000001, 0]	0.03892239323260326
1	[0.001000000000000001, 0]	0.03972644186996393
2	[0.001000000000000001, 0]	0.052268860392063195
3	[0.001000000000000001, 0]	0.0531053138267226
4	[0.001000000000000001, 0]	0.036873743832010836
5	[0.001000000000000001, 0]	0.05722070924004083
6	[0.001000000000000001, 0]	0.060000866761397154
7	[0.001000000000000001, 0]	0.03912698449745249
avg	[0.001000000000000001, 0]	0.0027141835983256484
0	[0, -0.001000000000000001]	0.03982732402281207
1	[0, -0.001000000000000001]	0.03958751011384277
2	[0, -0.001000000000000001]	0.05572607110813605
3	[0, -0.001000000000000001]	0.05539539934474228
4	[0, -0.001000000000000001]	0.03974610149347187
5	[0, -0.001000000000000001]	0.06236066461550423
6	[0, -0.001000000000000001]	0.060757012788430126
7	[0, -0.001000000000000001]	0.04336276440673175
avg	[0, -0.001000000000000001]	0.0019159475902060152
0	[0, -0.0006473082037010408]	0.03938929773943382
1	[0, -0.0006473082037010408]	0.039061203649849774
2	[0, -0.0006473082037010408]	0.05532657942468194
3	[0, -0.0006473082037010408]	0.055053333912061554
4	[0, -0.0006473082037010408]	0.039644889069189865
5	[0, -0.0006473082037010408]	0.0623570926873132
6	[0, -0.0006473082037010408]	0.06027712490359084
7	[0, -0.0006473082037010408]	0.04193565388206261
avg	[0, -0.0006473082037010408]	0.0015766316126878297
0	[0, -0.00041900791057866737]	0.03910714216052539
1	[0, -0.00041900791057866737]	0.03872073252074185
2	[0, -0.00041900791057866737]	0.05506924985258136
3	[0, -0.00041900791057866737]	0.054833624976315755
4	[0, -0.00041900791057866737]	0.03958333105834166
5	[0, -0.00041900791057866737]	0.062357398975273766
6	[0, -0.00041900791057866737]	0.059966969217885746
7	[0, -0.00041900791057866737]	0.04101836296612792
avg	[0, -0.00041900791057866737]	0.001401969546055437
0	[0, -0.000271227257933203]	0.03892509327507761
1	[0, -0.000271227257933203]	0.03850043392269848
2	[0, -0.000271227257933203]	0.054903216223225644
3	[0, -0.000271227257933203]	0.05469213254484549
4	[0, -0.000271227257933203]	0.03954515067895304
5	[0, -0.000271227257933203]	0.06235869438744067
6	[0, -0.000271227257933203]	0.059766407301169465
7	[0, -0.000271227257933203]	0.04042751176486735
avg	[0, -0.000271227257933203]	0.0013168073134762306
0	[0, -0.00017556762912750013]	0.038807503639692584
1	[0, -0.00017556762912750013]	0.0383578717540724
2	[0, -0.00017556762912750013]	0.05479596888341949
3	[0, -0.00017556762912750013]	0.05460085047598072
4	[0, -0.00017556762912750013]	0.03952113671035824
5	[0, -0.00017556762912750013]	0.06235999260641284
6	[0, -0.00017556762912750013]	0.05963666851577092
7	[0, -0.00017556762912750013]	0.040046330203694545
avg	[0, -0.00017556762912750013]	0.0012760917310074553
0	[0, -0.00011364636663857255]	0.038731493566007545
1	[0, -0.00011364636663857255]	0.038265606601870936
2	[0, -0.00011364636663857255]	0.054726642764739424
3	[0, -0.00011364636663857255]	0.05454189223166297
4	[0, -0.00011364636663857255]	0.03950588636195212
5	[0, -0.00011364636663857255]	0.062361025555018774
6	[0, -0.00011364636663857255]	0.05955272407540524
7	[0, -0.00011364636663857255]	0.039800141710352094
avg	[0, -0.00011364636663857255]	0.0012564587839412641
0	[0, -7.356422544596421e-05]	0.038682336595783615
1	[0, -7.356422544596421e-05]	0.038205889584557486
2	[0, -7.356422544596421e-05]	0.05468180777331849
3	[0, -7.356422544596421e-05]	0.054503782479406654
4	[0, -7.356422544596421e-05]	0.039496138065272246
5	[0, -7.356422544596421e-05]	0.06236177488822885
6	[0, -7.356422544596421e-05]	0.05949840153155924
7	[0, -7.356422544596421e-05]	0.03964101842841313
avg	[0, -7.356422544596421e-05]	0.0012467325647498185
0	[0, -4.76187266300854e-05]	0.03865053580706929
1	[0, -4.76187266300854e-05]	0.038167237206028194
2	[0, -4.76187266300854e-05]	0.0546528026772421
3	[0, -4.76187266300854e-05]	0.054479136570647964
4	[0, -4.76187266300854e-05]	0.039489879650529754
5	[0, -4.76187266300854e-05]	0.0623622937492047
6	[0, -4.76187266300854e-05]	0.059463244567308865
7	[0, -4.76187266300854e-05]	0.0395381170250299
avg	[0, -4.76187266300854e-05]	0.0012417001311574134
0	[0, -3.082399239745143e-05]	0.03862995884479935
1	[0, -3.082399239745143e-05]	0.038142218438922314
2	[0, -3.082399239745143e-05]	0.0546340345598315
3	[0, -3.082399239745143e-05]	0.054463192658512016
4	[0, -3.082399239745143e-05]	0.039485850216825324
5	[0, -3.082399239745143e-05]	0.06236264377905822
6	[0, -3.082399239745143e-05]	0.059440489889646404
7	[0, -3.082399239745143e-05]	0.03947155052542934
avg	[0, -3.082399239745143e-05]	0.001238984204166315
0	[0, -1.9952623149688786e-05]	0.03861664254476459
1	[0, -1.9952623149688786e-05]	0.03812602410415942
2	[0, -1.9952623149688786e-05]	0.0546218887897763
3	[0, -1.9952623149688786e-05]	0.05445287605410757
4	[0, -1.9952623149688786e-05]	0.03948325102237391
5	[0, -1.9952623149688786e-05]	0.06236287629218482
6	[0, -1.9952623149688786e-05]	0.059425761738613005
7	[0, -1.9952623149688786e-05]	0.039428479356446465
avg	[0, -1.9952623149688786e-05]	0.0012374566791862021
0	[0, 0.0]	0.038592209483197845
1	[0, 0.0]	0.03809630310909738
2	[0, 0.0]	0.054599603324526555
3	[0, 0.0]	0.054433949839792516
4	[0, 0.0]	0.03947849922034365
5	[0, 0.0]	0.06236331516981802
6	[0, 0.0]	0.05939873295284465
7	[0, 0.0]	0.03934946598120578
avg	[0, 0.0]	0.001235119867225156
0	[0, 1.9952623149688786e-05]	0.03856778528185343
1	[0, 1.9952623149688786e-05]	0.03806658349192789
2	[0, 1.9952623149688786e-05]	0.0545773257809056
3	[0, 1.9952623149688786e-05]	0.05441503428778033
4	[0, 1.9952623149688786e-05]	0.03947377149906804
5	[0, 1.9952623149688786e-05]	0.062363769760902694
6	[0, 1.9952623149688786e-05]	0.05937170718789304
7	[0, 1.9952623149688786e-05]	0.03927050039345691
avg	[0, 1.9952623149688786e-05]	0.001233396816808785
0	[0, 3.082399239745143e-05]	0.03855448126732263
1	[0, 3.082399239745143e-05]	0.03805039106774012
2	[0, 3.082399239745143e-05]	0.05456519099490304
3	[0, 3.082399239745143e-05]	0.05440473246761795
4	[0, 3.082399239745143e-05]	0.03947120569473452
5	[0, 3.082399239745143e-05]	0.062364024062137056
6	[0, 3.082399239745143e-05]	0.059356983225494105
7	[0, 3.082399239745143e-05]	0.039227495486713115
avg	[0, 3.082399239745143e-05]	0.0012327145059366981
0	[0, 4.76187266300854e-05]	0.03853393362555707
1	[0, 4.76187266300854e-05]	0.038025376860405684
2	[0, 4.76187266300854e-05]	0.05454644909193612
3	[0, 4.76187266300854e-05]	0.05438882383941487
4	[0, 4.76187266300854e-05]	0.03946725594949165
5	[0, 4.76187266300854e-05]	0.06236442609125053
6	[0, 4.76187266300854e-05]	0.05933423854439404
7	[0, 4.76187266300854e-05]	0.03916108713068577
avg	[0, 4.76187266300854e-05]	0.001232021569647774
0	[0, 7.356422544596421e-05]	0.03850220281312982
1	[0, 7.356422544596421e-05]	0.03798673536425788
2	[0, 7.356422544596421e-05]	0.05451750655907634
3	[0, 7.356422544596421e-05]	0.05436426213899876
4	[0, 7.356422544596421e-05]	0.03946118771812407
5	[0, 7.356422544596421e-05]	0.06236506905304152
6	[0, 7.356422544596421e-05]	0.05929910543789028
7	[0, 7.356422544596421e-05]	0.03905856316700889
avg	[0, 7.356422544596421e-05]	0.0012318136100701667
0	[0, 0.00011364636663857255]	0.0384532128491367
1	[0, 0.00011364636663857255]	0.0379270443191499
2	[0, 0.00011364636663857255]	0.054472820880909996
3	[0, 0.00011364636663857255]	0.05432635335790045
4	[0, 0.00011364636663857255]	0.039451893309463776
5	[0, 0.00011364636663857255]	0.062366114563488305
6	[0, 0.00011364636663857255]	0.05924483983299961
7	[0, 0.00011364636663857255]	0.0389003407692307
avg	[0, 0.00011364636663857255]	0.0012335531981311075
0	[0, 0.00017556762912750013]	0.038377601359579364
1	[0, 0.00017556762912750013]	0.03783484115438053
2	[0, 0.00017556762912750013]	0.05440385111469963
3	[0, 0.00017556762912750013]	0.054267874751502555
4	[0, 0.00017556762912750013]	0.03943772619600126
5	[0, 0.00017556762912750013]	0.062367854362807694
6	[0, 0.00017556762912750013]	0.05916103128427596
7	[0, 0.00017556762912750013]	0.03865630283188324
avg	[0, 0.00017556762912750013]	0.0012411113434586747
0	[0, 0.000271227257933203]	0.03826096303091146
1	[0, 0.000271227257933203]	0.03769242693818028
2	[0, 0.000271227257933203]	0.054297454259031784
3	[0, 0.000271227257933203]	0.05417773739417496
4	[0, 0.000271227257933203]	0.039416297410362296
5	[0, 0.000271227257933203]	0.06237083952821439
6	[0, 0.000271227257933203]	0.05903161682624968
7	[0, 0.000271227257933203]	0.03828025670058508
avg	[0, 0.000271227257933203]	0.0012642951018167065
0	[0, 0.00041900791057866737]	0.03808118480864661
1	[0, 0.00041900791057866737]	0.03747248152079976
2	[0, 0.00041900791057866737]	0.05413345048310834
3	[0, 0.00041900791057866737]	0.05403897699118975
4	[0, 0.00041900791057866737]	0.039384286491838054
5	[0, 0.00041900791057866737]	0.06237616089690852
6	[0, 0.00041900791057866737]	0.058831829001552094
7	[0, 0.00041900791057866737]	0.037701678397054496
avg	[0, 0.00041900791057866737]	0.0013258627235233896
0	[0, 0.0006473082037010408]	0.037804449990672354
1	[0, 0.0006473082037010408]	0.03713285373879572
2	[0, 0.0006473082037010408]	0.05388096588909623
3	[0, 0.0006473082037010408]	0.05382578869457732
4	[0, 0.0006473082037010408]	0.039337450685855396
5	[0, 0.0006473082037010408]	0.06238607496420663
6	[0, 0.0006473082037010408]	0.058523521072824644
7	[0, 0.0006473082037010408]	0.03681377338856912
avg	[0, 0.0006473082037010408]	0.0014733324371457926
0	[0, 0.001000000000000001]	0.0373793700654288
1	[0, 0.001000000000000001]	0.036608562563379785
2	[0, 0.001000000000000001]	0.05349304031674036
3	[0, 0.001000000000000001]	0.05349928767449014
4	[0, 0.001000000000000001]	0.03927136406412629
5	[0, 0.001000000000000001]	0.06240542986100751
6	[0, 0.001000000000000001]	0.05804804483134939
7	[0, 0.001000000000000001]	0.03545734218986628
avg	[0, 0.001000000000000001]	0.0017881900426319907
0	[-0.001000000000000001, 0]	0.035080046573401684
1	[-0.001000000000000001, 0]	0.05378012337671712
2	[-0.001000000000000001, 0]	0.061320434142531265
3	[-0.001000000000000001, 0]	0.03738959709533925
4	[-0.001000000000000001, 0]	0.05929122423127489
5	[-0.001000000000000001, 0]	0.05883415592553871
6	[-0.001000000000000001, 0]	0.04957124980824111
7	[-0.001000000000000001, 0]	0.006900345961682801
avg	[-0.001000000000000001, 0]	0.005679526440509889
0	[-0.0006473082037010408, 0]	0.035856269792860926
1	[-0.0006473082037010408, 0]	0.055622345193286585
2	[-0.0006473082037010408, 0]	0.06172910360346081
3	[-0.0006473082037010408, 0]	0.039223171984793574
4	[-0.0006473082037010408, 0]	0.05927224186293608
5	[-0.0006473082037010408, 0]	0.0597748610305871
6	[-0.0006473082037010408, 0]	0.05146835536285862
7	[-0.0006473082037010408, 0]	0.0049045450856307704
avg	[-0.0006473082037010408, 0]	0.003679208895395872
0	[-0.00041900791057866737, 0]	0.03640632103643404
1	[-0.00041900791057866737, 0]	0.05681988635702045
2	[-0.00041900791057866737, 0]	0.06202627082000815
3	[-0.00041900791057866737, 0]	0.04041751871484526
4	[-0.00041900791057866737, 0]	0.059293036799013515
5	[-0.00041900791057866737, 0]	0.06041041789917416
6	[-0.00041900791057866737, 0]	0.05269984163719823
7	[-0.00041900791057866737, 0]	0.003615959121459492
avg	[-0.00041900791057866737, 0]	0.002384436878364529
0	[-0.000271227257933203, 0]	0.03678137758802864
1	[-0.000271227257933203, 0]	0.05759703835614755
2	[-0.000271227257933203, 0]	0.06223209727991379
3	[-0.000271227257933203, 0]	0.04119346151410293
4	[-0.000271227257933203, 0]	0.05932034755642077
5	[-0.000271227257933203, 0]	0.060832606001609224
6	[-0.000271227257933203, 0]	0.053498337322728705
7	[-0.000271227257933203, 0]	0.002785281031052798
avg	[-0.000271227257933203, 0]	0.0015464137772595815
0	[-0.00017556762912750013, 0]	0.03703186194412496
1	[-0.00017556762912750013, 0]	0.05810088580513616
2	[-0.00017556762912750013, 0]	0.062370914432648826
3	[-0.00017556762912750013, 0]	0.041696850888322534
4	[-0.00017556762912750013, 0]	0.05934382135699818
5	[-0.00017556762912750013, 0]	0.06111031179271528
6	[-0.00017556762912750013, 0]	0.05401574572882713
7	[-0.00017556762912750013, 0]	0.0022507340137213764
avg	[-0.00017556762912750013, 0]	0.0010041058978698175
0	[-0.00011364636663857255, 0]	0.03719716271608556
1	[-0.00011364636663857255, 0]	0.05842735222285242
2	[-0.00011364636663857255, 0]	0.062463095084196917
3	[-0.00011364636663857255, 0]	0.042023148089631514
4	[-0.00011364636663857255, 0]	0.059361441441417855
5	[-0.00011364636663857255, 0]	0.06129189815107912
6	[-0.00011364636663857255, 0]	0.05435088571066398
7	[-0.00011364636663857255, 0]	0.0019072121209791632
avg	[-0.00011364636663857255, 0]	0.0006532925756019062
0	[-7.356422544596421e-05, 0]	0.037305468704784635
1	[-7.356422544596421e-05, 0]	0.058638808980949704
2	[-7.356422544596421e-05, 0]	0.06252373321714604
3	[-7.356422544596421e-05, 0]	0.04223454641146646
4	[-7.356422544596421e-05, 0]	0.05937386233220622
5	[-7.356422544596421e-05, 0]	0.06141019797863483
6	[-7.356422544596421e-05, 0]	0.054567913737167725
7	[-7.356422544596421e-05, 0]	0.0016865770464089963
avg	[-7.356422544596421e-05, 0]	0.00042657422286708024
0	[-4.76187266300854e-05, 0]	0.03737611799157462
1	[-4.76187266300854e-05, 0]	0.058775741478066114
2	[-4.76187266300854e-05, 0]	0.06256338947083133
3	[-4.76187266300854e-05, 0]	0.04237146190681541
4	[-4.76187266300854e-05, 0]	0.05938232759681208
5	[-4.76187266300854e-05, 0]	0.06148708986112756
6	[-4.76187266300854e-05, 0]	0.05470843462352468
7	[-4.76187266300854e-05, 0]	0.0015448137230081398
avg	[-4.76187266300854e-05, 0]	0.0002803878428018367
0	[-3.082399239745143e-05, 0]	0.03742207555880273
1	[-3.082399239745143e-05, 0]	0.05886440179278971
2	[-3.082399239745143e-05, 0]	0.06258922851442635
3	[-3.082399239745143e-05, 0]	0.0424601197863794
4	[-3.082399239745143e-05, 0]	0.05938798527921161
5	[-3.082399239745143e-05, 0]	0.06153699424636228
6	[-3.082399239745143e-05, 0]	0.05479941025951276
7	[-3.082399239745143e-05, 0]	0.0014536293407808607
avg	[-3.082399239745143e-05, 0]	0.00018658738136131988
0	[-1.9952623149688786e-05, 0]	0.03745191847008641
1	[-1.9952623149688786e-05, 0]	0.058921801841780794
2	[-1.9952623149688786e-05, 0]	0.06260602515222033
3	[-1.9952623149688786e-05, 0]	0.04251752180853434
4	[-1.9952623149688786e-05, 0]	0.059391722123733275
5	[-1.9952623149688786e-05, 0]	0.061569352778469255
6	[-1.9952623149688786e-05, 0]	0.05485830591573321
7	[-1.9952623149688786e-05, 0]	0.0013948988304790218
avg	[-1.9952623149688786e-05, 0]	0.00012710097643488558
0	[0.0, 0]	0.037506882212844796
1	[0.0, 0]	0.05902716959911545
2	[0.0, 0]	0.06263699726739011
3	[0.0, 0]	0.042622900370777976
4	[0.0, 0]	0.05939873295284465
5	[0.0, 0]	0.06162885381452493
6	[0.0, 0]	0.054966412259062826
7	[0.0, 0]	0.0012878295383576832
avg	[0.0, 0]	4.570653786018161e-05
0	[1.9952623149688786e-05, 0]	0.037562093531914094
1	[1.9952623149688786e-05, 0]	0.05913256227625643
2	[1.9952623149688786e-05, 0]	0.06266815638480622
3	[1.9952623149688786e-05, 0]	0.042728313050867044
4	[1.9952623149688786e-05, 0]	0.05940594110037283
5	[1.9952623149688786e-05, 0]	0.06168849979135675
6	[1.9952623149688786e-05, 0]	0.05507453532191802
7	[1.9952623149688786e-05, 0]	0.0011819086177342105
avg	[1.9952623149688786e-05, 0]	0.00012587601898255213
0	[3.082399239745143e-05, 0]	0.03759227973039583
1	[3.082399239745143e-05, 0]	0.0591899968790576
2	[3.082399239745143e-05, 0]	0.06268521231769343
3	[3.082399239745143e-05, 0]	0.04278576238115602
4	[3.082399239745143e-05, 0]	0.05940995154406036
5	[3.082399239745143e-05, 0]	0.061721059297030416
6	[3.082399239745143e-05, 0]	0.055133454161479765
7	[3.082399239745143e-05, 0]	0.001124795919272141
avg	[3.082399239745143e-05, 0]	0.00018532465118249478
0	[4.76187266300854e-05, 0]	0.037639056585292895
1	[4.76187266300854e-05, 0]	0.05927873966077786
2	[4.76187266300854e-05, 0]	0.06271167019084585
3	[4.76187266300854e-05, 0]	0.042874533169008015
4	[4.76187266300854e-05, 0]	0.059416262192919886
5	[4.76187266300854e-05, 0]	0.06177144332450777
6	[4.76187266300854e-05, 0]	0.05522448512761766
7	[4.76187266300854e-05, 0]	0.0010375962793191854
avg	[4.76187266300854e-05, 0]	0.00027911083303628064
0	[7.356422544596421e-05, 0]	0.037711661186746494
1	[7.356422544596421e-05, 0]	0.05941586897977199
2	[7.356422544596421e-05, 0]	0.0627528033284963
3	[7.356422544596421e-05, 0]	0.04301171814823486
4	[7.356422544596421e-05, 0]	0.05942628580629134
5	[7.356422544596421e-05, 0]	0.06184947992072727
6	[7.356422544596421e-05, 0]	0.055365138070178496
7	[7.356422544596421e-05, 0]	0.0009061007922050066
avg	[7.356422544596421e-05, 0]	0.0004252917869106663
0	[0.00011364636663857255, 0]	0.037824633772532715
1	[0.00011364636663857255, 0]	0.05962779551074854
2	[0.00011364636663857255, 0]	0.06281696613014946
3	[0.00011364636663857255, 0]	0.043223759720710575
4	[0.00011364636663857255, 0]	0.059442425754766874
5	[0.00011364636663857255, 0]	0.06197051173570602
6	[0.00011364636663857255, 0]	0.055582481293898506
7	[0.00011364636663857255, 0]	0.0007151219721399229
avg	[0.00011364636663857255, 0]	0.0006520124672140917
0	[0.00017556762912750013, 0]	0.038001072156162045
1	[0.00017556762912750013, 0]	0.059955383310325676
2	[0.00017556762912750013, 0]	0.06291755844957089
3	[0.00017556762912750013, 0]	0.04355159268527873
4	[0.00017556762912750013, 0]	0.05946892123978241
5	[0.00017556762912750013, 0]	0.06215861837160537
6	[0.00017556762912750013, 0]	0.05591837371150555
7	[0.00017556762912750013, 0]	0.00048629702944194087
avg	[0.00017556762912750013, 0]	0.0010028337512844356
0	[0.000271227257933203, 0]	0.03827813945790754
1	[0.000271227257933203, 0]	0.06046190832966988
2	[0.000271227257933203, 0]	0.06307644926250999
3	[0.000271227257933203, 0]	0.04405865064761022
4	[0.000271227257933203, 0]	0.059513574335808804
5	[0.000271227257933203, 0]	0.06245188621140578
0	[-0.001000000000000001, 0]	0.03508004657340169
1	[-0.001000000000000001, 0]	0.05378012337671714
2	[-0.001000000000000001, 0]	0.06132043414253128
3	[-0.001000000000000001, 0]	0.03738959709533922
4	[-0.001000000000000001, 0]	0.059291224231274905
5	[-0.001000000000000001, 0]	0.05883415592553863
6	[-0.001000000000000001, 0]	0.04957124980824112
7	[-0.001000000000000001, 0]	0.006900345961682792
avg	[-0.001000000000000001, 0]	0.005679526440510327
0	[-0.0006473082037010408, 0]	0.03585626979286104
1	[-0.0006473082037010408, 0]	0.055622345193286626
2	[-0.0006473082037010408, 0]	0.061729103603460844
3	[-0.0006473082037010408, 0]	0.0392231719847935
4	[-0.0006473082037010408, 0]	0.0592722418629361
5	[-0.0006473082037010408, 0]	0.059774861030587094
6	[-0.0006473082037010408, 0]	0.051468355362858584
7	[-0.0006473082037010408, 0]	0.004904545085630163
avg	[-0.0006473082037010408, 0]	0.003679208895396494
0	[-0.00041900791057866737, 0]	0.036406321036434035
1	[-0.00041900791057866737, 0]	0.056819886357020385
2	[-0.00041900791057866737, 0]	0.06202627082000816
3	[-0.00041900791057866737, 0]	0.04041751871484524
4	[-0.00041900791057866737, 0]	0.05929303679901345
5	[-0.00041900791057866737, 0]	0.06041041789917418
6	[-0.00041900791057866737, 0]	0.05269984163719825
7	[-0.00041900791057866737, 0]	0.003615959121459582
avg	[-0.00041900791057866737, 0]	0.0023844368783637352
0	[-0.000271227257933203, 0]	0.0367813775880286
1	[-0.000271227257933203, 0]	0.05759703835614759
2	[-0.000271227257933203, 0]	0.06223209727991381
3	[-0.000271227257933203, 0]	0.04119346151410299
4	[-0.000271227257933203, 0]	0.059320347556420766
5	[-0.000271227257933203, 0]	0.060832606001609196
6	[-0.000271227257933203, 0]	0.053498337322728684
7	[-0.000271227257933203, 0]	0.0027852810310526445
avg	[-0.000271227257933203, 0]	0.0015464137772577056
0	[-0.00017556762912750013, 0]	0.037031861944124944
1	[-0.00017556762912750013, 0]	0.05810088580513611
2	[-0.00017556762912750013, 0]	0.062370914432648826
3	[-0.00017556762912750013, 0]	0.04169685088832257
4	[-0.00017556762912750013, 0]	0.05934382135699819
5	[-0.00017556762912750013, 0]	0.06111031179271522
6	[-0.00017556762912750013, 0]	0.05401574572882712
7	[-0.00017556762912750013, 0]	0.0022507340137213738
avg	[-0.00017556762912750013, 0]	0.0010041058978667646
0	[-0.00011364636663857255, 0]	0.03719716271608562
1	[-0.00011364636663857255, 0]	0.05842735222285238
2	[-0.00011364636663857255, 0]	0.062463095084196944
3	[-0.00011364636663857255, 0]	0.04202314808963148
4	[-0.00011364636663857255, 0]	0.059361441441417806
5	[-0.00011364636663857255, 0]	0.06129189815107915
6	[-0.00011364636663857255, 0]	0.05435088571066402
7	[-0.00011364636663857255, 0]	0.0019072121209791613
avg	[-0.00011364636663857255, 0]	0.0006532925756004362
0	[-7.356422544596421e-05, 0]	0.03730546870478465
1	[-7.356422544596421e-05, 0]	0.05863880898094973
2	[-7.356422544596421e-05, 0]	0.06252373321714598
3	[-7.356422544596421e-05, 0]	0.04223454641146645
4	[-7.356422544596421e-05, 0]	0.05937386233220615
5	[-7.356422544596421e-05, 0]	0.06141019797863485
6	[-7.356422544596421e-05, 0]	0.05456791373716773
7	[-7.356422544596421e-05, 0]	0.0016865770464089935
avg	[-7.356422544596421e-05, 0]	0.0004265742228644687
0	[-4.76187266300854e-05, 0]	0.03737611799157463
1	[-4.76187266300854e-05, 0]	0.05877574147806607
2	[-4.76187266300854e-05, 0]	0.0625633894708314
3	[-4.76187266300854e-05, 0]	0.04237146190681545
4	[-4.76187266300854e-05, 0]	0.05938232759681207
5	[-4.76187266300854e-05, 0]	0.06148708986112754
6	[-4.76187266300854e-05, 0]	0.0547084346235247
7	[-4.76187266300854e-05, 0]	0.0015448137230081405
avg	[-4.76187266300854e-05, 0]	0.00028038784280189354
0	[-3.082399239745143e-05, 0]	0.037422075558802746
1	[-3.082399239745143e-05, 0]	0.05886440179278972
2	[-3.082399239745143e-05, 0]	0.06258922851442632
3	[-3.082399239745143e-05, 0]	0.04246011978637939
4	[-3.082399239745143e-05, 0]	0.059387985279211554
5	[-3.082399239745143e-05, 0]	0.06153699424636231
6	[-3.082399239745143e-05, 0]	0.05479941025951276
7	[-3.082399239745143e-05, 0]	0.0014536293407808635
avg	[-3.082399239745143e-05, 0]	0.00018658738136137655
0	[-1.9952623149688786e-05, 0]	0.037451918470086436
1	[-1.9952623149688786e-05, 0]	0.058921801841780794
2	[-1.9952623149688786e-05, 0]	0.06260602515222033
3	[-1.9952623149688786e-05, 0]	0.04251752180853432
4	[-1.9952623149688786e-05, 0]	0.05939172212373327
5	[-1.9952623149688786e-05, 0]	0.06156935277846935
6	[-1.9952623149688786e-05, 0]	0.0548583059157332
7	[-1.9952623149688786e-05, 0]	0.001394898830479019
avg	[-1.9952623149688786e-05, 0]	0.00012710097643485276
0	[0.0, 0]	0.037506882212844796
1	[0.0, 0]	0.05902716959911555
2	[0.0, 0]	0.06263699726739005
3	[0.0, 0]	0.04262290037077798
4	[0.0, 0]	0.05939873295284467
5	[0.0, 0]	0.061628853814524945
6	[0.0, 0]	0.05496641225906289
7	[0.0, 0]	0.0012878295383576802
avg	[0.0, 0]	4.5706535447999117e-05
0	[1.9952623149688786e-05, 0]	0.03756209353191414
1	[1.9952623149688786e-05, 0]	0.05913256227625645
2	[1.9952623149688786e-05, 0]	0.06266815638480623
3	[1.9952623149688786e-05, 0]	0.04272831305086705
4	[1.9952623149688786e-05, 0]	0.05940594110037281
5	[1.9952623149688786e-05, 0]	0.061688499791356655
6	[1.9952623149688786e-05, 0]	0.05507453532191796
7	[1.9952623149688786e-05, 0]	0.0011819086177342081
avg	[1.9952623149688786e-05, 0]	0.00012587601898251933
0	[3.082399239745143e-05, 0]	0.03759227973039585
1	[3.082399239745143e-05, 0]	0.059189996879057634
2	[3.082399239745143e-05, 0]	0.06268521231769343
3	[3.082399239745143e-05, 0]	0.042785762381156035
4	[3.082399239745143e-05, 0]	0.05940995154406028
5	[3.082399239745143e-05, 0]	0.061721059297030596
6	[3.082399239745143e-05, 0]	0.05513345416147986
7	[3.082399239745143e-05, 0]	0.0011247959192721415
avg	[3.082399239745143e-05, 0]	0.0001853246511825392
0	[4.76187266300854e-05, 0]	0.037639056585292936
1	[4.76187266300854e-05, 0]	0.05927873966077786
2	[4.76187266300854e-05, 0]	0.06271167019084584
3	[4.76187266300854e-05, 0]	0.042874533169008085
4	[4.76187266300854e-05, 0]	0.05941626219291988
5	[4.76187266300854e-05, 0]	0.061771443324507756
6	[4.76187266300854e-05, 0]	0.055224485127617684
7	[4.76187266300854e-05, 0]	0.001037596279319184
avg	[4.76187266300854e-05, 0]	0.0002791108330363
0	[7.356422544596421e-05, 0]	0.03771166118674646
1	[7.356422544596421e-05, 0]	0.059415868979772
2	[7.356422544596421e-05, 0]	0.06275280332849628
3	[7.356422544596421e-05, 0]	0.04301171814823482
4	[7.356422544596421e-05, 0]	0.05942628580629133
5	[7.356422544596421e-05, 0]	0.06184947992072729
6	[7.356422544596421e-05, 0]	0.05536513807017846
7	[7.356422544596421e-05, 0]	0.0009061007922050053
avg	[7.356422544596421e-05, 0]	0.00042529178690805223
0	[0.00011364636663857255, 0]	0.03782463377253267
1	[0.00011364636663857255, 0]	0.05962779551074854
2	[0.00011364636663857255, 0]	0.0628169661301494
3	[0.00011364636663857255, 0]	0.043223759720710624
4	[0.00011364636663857255, 0]	0.05944242575476688
5	[0.00011364636663857255, 0]	0.06197051173570611
6	[0.00011364636663857255, 0]	0.055582481293898554
7	[0.00011364636663857255, 0]	0.0007151219721399213
avg	[0.00011364636663857255, 0]	0.0006520124672127279
0	[0.00017556762912750013, 0]	0.03800107215616203
1	[0.00017556762912750013, 0]	0.059955383310325704
2	[0.00017556762912750013, 0]	0.06291755844957089
3	[0.00017556762912750013, 0]	0.04355159268527876
4	[0.00017556762912750013, 0]	0.05946892123978244
5	[0.00017556762912750013, 0]	0.062158618371605266
6	[0.00017556762912750013, 0]	0.05591837371150554
7	[0.00017556762912750013, 0]	0.0004862970294419405
avg	[0.00017556762912750013, 0]	0.0010028337512814466
0	[0.000271227257933203, 0]	0.038278139457907576
1	[0.000271227257933203, 0]	0.0604619083296698
2	[0.000271227257933203, 0]	0.06307644926251003
3	[0.000271227257933203, 0]	0.044058650647610255
4	[0.000271227257933203, 0]	0.059513574335808804
5	[0.000271227257933203, 0]	0.06245188621140575
6	[0.000271227257933203, 0]	0.05643757895206061
7	[0.000271227257933203, 0]	0.0005451795413681299
avg	[0.000271227257933203, 0]	0.0015451551688511556
0	[0.00041900791057866737, 0]	0.03871665008326563
1	[0.00041900791057866737, 0]	0.06124545795699
2	[0.00041900791057866737, 0]	0.06333017454135155
3	[0.00041900791057866737, 0]	0.04484336798932175
4	[0.00041900791057866737, 0]	0.05959141632804745
5	[0.00041900791057866737, 0]	0.06291121920651502
6	[0.00041900791057866737, 0]	0.05724036909848465
7	[0.00041900791057866737, 0]	0.0012448275928839514
avg	[0.00041900791057866737, 0]	0.0023832001658354827
0	[0.0006473082037010408, 0]	0.03941820416512617
1	[0.0006473082037010408, 0]	0.06245830969914391
2	[0.0006473082037010408, 0]	0.06374160662513818
3	[0.0006473082037010408, 0]	0.0460587654418448
4	[0.0006473082037010408, 0]	0.059732722974167596
5	[0.0006473082037010408, 0]	0.06363545214361348
6	[0.0006473082037010408, 0]	0.05848213966128556
7	[0.0006473082037010408, 0]	0.002499861338753646
avg	[0.0006473082037010408, 0]	0.003678006422179118
0	[0.001000000000000001, 0]	0.040556347711657094
1	[0.001000000000000001, 0]	0.06433731265514185
2	[0.001000000000000001, 0]	0.06442269496468703
3	[0.001000000000000001, 0]	0.047943210844174855
4	[0.001000000000000001, 0]	0.06000086676139718
5	[0.001000000000000001, 0]	0.0647879395125832
6	[0.001000000000000001, 0]	0.06040399155897726
7	[0.001000000000000001, 0]	0.0044842440986139
avg	[0.001000000000000001, 0]	0.005678376870076994
0	[0, -0.001000000000000001]	0.03741018700893122
1	[0, -0.001000000000000001]	0.058503113865252455
2	[0, -0.001000000000000001]	0.061941542050451534
3	[0, -0.001000000000000001]	0.0431229529614571
4	[0, -0.001000000000000001]	0.06075701278843017
5	[0, -0.001000000000000001]	0.06082180137142734
6	[0, -0.001000000000000001]	0.05534510957221368
7	[0, -0.001000000000000001]	0.0020691146860776924
avg	[0, -0.001000000000000001]	0.0015811531918596565
0	[0, -0.0006473082037010408]	0.037436782600950326
1	[0, -0.0006473082037010408]	0.05868357414429035
2	[0, -0.0006473082037010408]	0.06218303919133739
3	[0, -0.0006473082037010408]	0.04294081640225333
4	[0, -0.0006473082037010408]	0.06027712490359081
5	[0, -0.0006473082037010408]	0.06110287974192769
6	[0, -0.0006473082037010408]	0.05520683953142194
7	[0, -0.0006473082037010408]	0.0016712120969062886
avg	[0, -0.0006473082037010408]	0.0010273356718265084
0	[0, -0.00041900791057866737]	0.03745836491896038
1	[0, -0.00041900791057866737]	0.05880293594681006
2	[0, -0.00041900791057866737]	0.06234157120163289
3	[0, -0.00041900791057866737]	0.04282625498550422
4	[0, -0.00041900791057866737]	0.05996696921788571
5	[0, -0.00041900791057866737]	0.061286905295891966
6	[0, -0.00041900791057866737]	0.055120062779714575
7	[0, -0.00041900791057866737]	0.0014686134959820164
avg	[0, -0.00041900791057866737]	0.0006689777018789576
0	[0, -0.000271227257933203]	0.03747416179075412
1	[0, -0.000271227257933203]	0.058881260694404046
2	[0, -0.000271227257933203]	0.06244510830150122
3	[0, -0.000271227257933203]	0.04275350875505193
4	[0, -0.000271227257933203]	0.05976640730116947
5	[0, -0.000271227257933203]	0.06140689021252687
6	[0, -0.000271227257933203]	0.05506503973917912
7	[0, -0.000271227257933203]	0.0013719256067600306
avg	[0, -0.000271227257933203]	0.00043725702631517484
0	[0, -0.00017556762912750013]	0.03748515152573381
1	[0, -0.00017556762912750013]	0.058932403569341645
2	[0, -0.00017556762912750013]	0.0625125113334554
3	[0, -0.00017556762912750013]	0.04270701368914117
4	[0, -0.00017556762912750013]	0.05963666851577092
5	[0, -0.00017556762912750013]	0.061484917049547
6	[0, -0.00017556762912750013]	0.05502990555278719
7	[0, -0.00017556762912750013]	0.0013273488496744154
avg	[0, -0.00017556762912750013]	0.0002876100467493815
0	[0, -0.00011364636663857255]	0.037492585218317276
1	[0, -0.00011364636663857255]	0.058965693719117564
2	[0, -0.00011364636663857255]	0.06255630163445364
3	[0, -0.00011364636663857255]	0.04267716688185231
4	[0, -0.00011364636663857255]	0.05955272407540527
5	[0, -0.00011364636663857255]	0.0615355745297074
6	[0, -0.00011364636663857255]	0.05500736556721919
7	[0, -0.00011364636663857255]	0.0013069208079900007
avg	[0, -0.00011364636663857255]	0.00019128416164429672
0	[0, -7.356422544596421e-05]	0.03749753108442535
1	[0, -7.356422544596421e-05]	0.058987320060334615
2	[0, -7.356422544596421e-05]	0.06258471424812667
3	[0, -7.356422544596421e-05]	0.04265795171429383
4	[0, -7.356422544596421e-05]	0.05949840153155923
5	[0, -7.356422544596421e-05]	0.06156842824586405
6	[0, -7.356422544596421e-05]	0.054992860278184556
7	[0, -7.356422544596421e-05]	0.0012974188816543592
avg	[0, -7.356422544596421e-05]	0.0001297682194417407
0	[0, -4.76187266300854e-05]	0.037500788697522
1	[0, -4.76187266300854e-05]	0.059001351342328
2	[0, -4.76187266300854e-05]	0.06260313391187765
3	[0, -4.76187266300854e-05]	0.04264555760264648
4	[0, -4.76187266300854e-05]	0.0594632445673088
5	[0, -4.76187266300854e-05]	0.06158972095834047
6	[0, -4.76187266300854e-05]	0.05498350654338641
7	[0, -4.76187266300854e-05]	0.0012928665748307047
avg	[0, -4.76187266300854e-05]	9.121438921915357e-05
0	[0, -3.082399239745143e-05]	0.03750292088264322
1	[0, -3.082399239745143e-05]	0.05901044746084782
2	[0, -3.082399239745143e-05]	0.06261506880979302
3	[0, -3.082399239745143e-05]	0.042637553256055644
4	[0, -3.082399239745143e-05]	0.05944048988964639
5	[0, -3.082399239745143e-05]	0.06160351488521619
6	[0, -3.082399239745143e-05]	0.054977466743167745
7	[0, -3.082399239745143e-05]	0.0012905975660123816
avg	[0, -3.082399239745143e-05]	6.809315556639549e-05
0	[0, -1.9952623149688786e-05]	0.03750431091074049
1	[0, -1.9952623149688786e-05]	0.05901634112965448
2	[0, -1.9952623149688786e-05]	0.0626227992658699
3	[0, -1.9952623149688786e-05]	0.0426323797178692
4	[0, -1.9952623149688786e-05]	0.059425761738613025
5	[0, -1.9952623149688786e-05]	0.061612448404393734
6	[0, -1.9952623149688786e-05]	0.054973563396915566
7	[0, -1.9952623149688786e-05]	0.001289414474259749
avg	[0, -1.9952623149688786e-05]	5.549846508296988e-05
0	[0, 0.0]	0.037506882212844796
1	[0, 0.0]	0.05902716959911555
2	[0, 0.0]	0.06263699726739005
3	[0, 0.0]	0.04262290037077798
4	[0, 0.0]	0.05939873295284467
5	[0, 0.0]	0.061628853814524945
6	[0, 0.0]	0.05496641225906289
7	[0, 0.0]	0.0012878295383576802
avg	[0, 0.0]	4.5706535447999117e-05
0	[0, 1.9952623149688786e-05]	0.03750947957424898
1	[0, 1.9952623149688786e-05]	0.059038013082572456
2	[0, 1.9952623149688786e-05]	0.06265120822261762
3	[0, 1.9952623149688786e-05]	0.04261344153881095
4	[0, 1.9952623149688786e-05]	0.05937170718789305
5	[0, 1.9952623149688786e-05]	0.06164527137846455
6	[0, 1.9952623149688786e-05]	0.054959277719624645
7	[0, 1.9952623149688786e-05]	0.0012870060615631312
avg	[0, 1.9952623149688786e-05]	5.539700050850376e-05
0	[0, 3.082399239745143e-05]	0.037510905735891026
1	[0, 3.082399239745143e-05]	0.059043927569631234
2	[0, 3.082399239745143e-05]	0.0626589566401734
3	[0, 3.082399239745143e-05]	0.042608296446681716
4	[0, 3.082399239745143e-05]	0.05935698322549407
5	[0, 3.082399239745143e-05]	0.06165422174998913
6	[0, 3.082399239745143e-05]	0.054955397388561214
7	[0, 3.082399239745143e-05]	0.0012868784312147412
avg	[0, 3.082399239745143e-05]	6.798836418354621e-05
0	[0, 4.76187266300854e-05]	0.037513124156891516
1	[0, 4.76187266300854e-05]	0.05905307337277185
2	[0, 4.76187266300854e-05]	0.06267093440477012
3	[0, 4.76187266300854e-05]	0.04260035998913768
4	[0, 4.76187266300854e-05]	0.05933423854439401
5	[0, 4.76187266300854e-05]	0.061668055896508756
6	[0, 4.76187266300854e-05]	0.054949412516141945
7	[0, 4.76187266300854e-05]	0.0012871266411619532
avg	[0, 4.76187266300854e-05]	9.110907954818268e-05
0	[0, 7.356422544596421e-05]	0.03751658757926759
1	[0, 7.356422544596421e-05]	0.05906722323153325
2	[0, 7.356422544596421e-05]	0.06268945637370503
3	[0, 7.356422544596421e-05]	0.04258812790066656
4	[0, 7.356422544596421e-05]	0.05929910543789027
5	[0, 7.356422544596421e-05]	0.061689444596799294
6	[0, 7.356422544596421e-05]	0.05494018987138206
7	[0, 7.356422544596421e-05]	0.001288572058885549
avg	[0, 7.356422544596421e-05]	0.00012966184631106232
0	[0, 0.00011364636663857255]	0.03752202462547619
1	[0, 0.00011364636663857255]	0.05908913256662669
2	[0, 0.00011364636663857255]	0.06271811314788298
3	[0, 0.00011364636663857255]	0.04256929941522989
4	[0, 0.00011364636663857255]	0.05924483983299959
5	[0, 0.00011364636663857255]	0.06172252739662574
6	[0, 0.00011364636663857255]	0.05492599744000061
7	[0, 0.00011364636663857255]	0.001293328656754737
avg	[0, 0.00011364636663857255]	0.0001911771470630735
0	[0, 0.00017556762912750013]	0.03753063055080442
1	[0, 0.00017556762912750013]	0.05912309810540029
2	[0, 0.00017556762912750013]	0.06276248615983397
3	[0, 0.00017556762912750013]	0.042540375455349305
4	[0, 0.00017556762912750013]	0.05916103128427598
5	[0, 0.00017556762912750013]	0.0617737316062877
6	[0, 0.00017556762912750013]	0.05490420411450803
7	[0, 0.00017556762912750013]	0.0013066196986952362
avg	[0, 0.00017556762912750013]	0.00028750407777170385
0	[0, 0.000271227257933203]	0.037544417852345205
1	[0, 0.000271227257933203]	0.05917585284943272
2	[0, 0.000271227257933203]	0.06283127988372104
3	[0, 0.000271227257933203]	0.042496082823749164
4	[0, 0.000271227257933203]	0.059031616826249675
5	[0, 0.000271227257933203]	0.06185306326665326
6	[0, 0.000271227257933203]	0.05487085188344324
7	[0, 0.000271227257933203]	0.0013408320805618024
avg	[0, 0.000271227257933203]	0.0004371548625850381
0	[0, 0.00041900791057866737]	0.03756689095709767
1	[0, 0.00041900791057866737]	0.05925802442525455
2	[0, 0.00041900791057866737]	0.06293813599430882
3	[0, 0.00041900791057866737]	0.04242859276445552
4	[0, 0.00041900791057866737]	0.05883182900155215
5	[0, 0.00041900791057866737]	0.061976162285848055
6	[0, 0.00041900791057866737]	0.054820081548261346
7	[0, 0.00041900791057866737]	0.0014235582084535382
avg	[0, 0.00041900791057866737]	0.0006688830828411532
0	[0, 0.0006473082037010408]	0.03760440436528342
1	[0, 0.0006473082037010408]	0.05938656678896361
2	[0, 0.0006473082037010408]	0.06310458911911757
3	[0, 0.0006473082037010408]	0.04232657489702128
4	[0, 0.0006473082037010408]	0.058523521072824665
5	[0, 0.0006473082037010408]	0.06216762006459523
6	[0, 0.0006473082037010408]	0.05474345374125778
7	[0, 0.0006473082037010408]	0.0016098580654859826
avg	[0, 0.0006473082037010408]	0.0010272541501079836
0	[0, 0.001000000000000001]	0.03766900762081848
1	[0, 0.001000000000000001]	0.0595889359354938
2	[0, 0.001000000000000001]	0.06336499069560642
3	[0, 0.001000000000000001]	0.04217437022912511
4	[0, 0.001000000000000001]	0.05804804483134939
5	[0, 0.001000000000000001]	0.06246643690000503
6	[0, 0.001000000000000001]	0.05462940211567115
7	[0, 0.001000000000000001]	0.001992547378006725
avg	[0, 0.001000000000000001]	0.00158109287760863
