\BOOKMARK [0][-]{section*.2}{Advantages of mixed quantum channels for information processing}{}% 2
\BOOKMARK [1][-]{section*.1}{Abstract}{section*.2}% 1
\BOOKMARK [1][-]{section*.3}{Introduction}{section*.2}% 3
\BOOKMARK [1][-]{section*.4}{Mixed quantum channels}{section*.2}% 4
\BOOKMARK [2][-]{section*.5}{A simple example}{section*.4}% 5
\BOOKMARK [1][-]{section*.6}{Constructing Useful Mixed Quantum Channels}{section*.2}% 6
\BOOKMARK [2][-]{section*.7}{Optimization Targets}{section*.6}% 7
\BOOKMARK [3][-]{section*.8}{First-order generators}{section*.7}% 8
\BOOKMARK [3][-]{section*.9}{Off-diagonals}{section*.7}% 9
\BOOKMARK [2][-]{section*.10}{Additional Constraints}{section*.6}% 10
\BOOKMARK [3][-]{section*.11}{Adding robustness}{section*.10}% 11
\BOOKMARK [3][-]{section*.12}{Hamiltonian Norm Regularization}{section*.10}% 12
\BOOKMARK [3][-]{section*.13}{Sparsity Constraints}{section*.10}% 13
\BOOKMARK [1][-]{section*.14}{Results}{section*.2}% 14
\BOOKMARK [2][-]{section*.15}{Experimental}{section*.14}% 15
\BOOKMARK [2][-]{section*.16}{Numerical Implementation}{section*.14}% 16
\BOOKMARK [1][-]{section*.17}{Conclusion and Future Work}{section*.2}% 17
\BOOKMARK [1][-]{section*.18}{Acknowledgements}{section*.2}% 18
\BOOKMARK [1][-]{section*.19}{References}{section*.2}% 19
\BOOKMARK [1][-]{section*.20}{Appendix}{section*.2}% 20
\BOOKMARK [2][-]{section*.21}{Robust Mixing Lemma}{section*.20}% 21
