0	[-0.001000000000000001, 0]	0.01120078250109588
1	[-0.001000000000000001, 0]	0.02012919152973055
2	[-0.001000000000000001, 0]	0.03144565098176054
3	[-0.001000000000000001, 0]	0.03672488619776299
4	[-0.001000000000000001, 0]	0.024513451924500274
5	[-0.001000000000000001, 0]	0.02914646207556285
6	[-0.001000000000000001, 0]	0.0012999323864716665
7	[-0.001000000000000001, 0]	0.012838546057184846
8	[-0.001000000000000001, 0]	0.016280781266422732
9	[-0.001000000000000001, 0]	0.04162783369619417
10	[-0.001000000000000001, 0]	0.02271530938287778
11	[-0.001000000000000001, 0]	0.022071002524623122
12	[-0.001000000000000001, 0]	0.0058694239511423284
13	[-0.001000000000000001, 0]	0.02114951685910107
14	[-0.001000000000000001, 0]	0.0011247251145692341
15	[-0.001000000000000001, 0]	0.028867581753526373
16	[-0.001000000000000001, 0]	0.03245631715393188
17	[-0.001000000000000001, 0]	0.018859412784311445
18	[-0.001000000000000001, 0]	0.007520682928553509
19	[-0.001000000000000001, 0]	0.022939448421878637
20	[-0.001000000000000001, 0]	0.02677152953186212
21	[-0.001000000000000001, 0]	0.025598478540933667
22	[-0.001000000000000001, 0]	0.008649602823166033
23	[-0.001000000000000001, 0]	0.015501334240412362
24	[-0.001000000000000001, 0]	0.01713757866992899
25	[-0.001000000000000001, 0]	0.012996783545180213
26	[-0.001000000000000001, 0]	0.010439363860209012
27	[-0.001000000000000001, 0]	0.026704387643264105
28	[-0.001000000000000001, 0]	0.00965551101397107
29	[-0.001000000000000001, 0]	0.01764427102197337
avg	[-0.001000000000000001, 0]	0.0057556165414296675
0	[0, -0.001000000000000001]	0.011191808087581792
1	[0, -0.001000000000000001]	0.02583251864040541
2	[0, -0.001000000000000001]	0.03481388175225983
3	[0, -0.001000000000000001]	0.041848535736017094
4	[0, -0.001000000000000001]	0.01988428853722544
5	[0, -0.001000000000000001]	0.029762584186926854
6	[0, -0.001000000000000001]	0.006475616494814203
7	[0, -0.001000000000000001]	0.018104617829745748
8	[0, -0.001000000000000001]	0.015572412663942598
9	[0, -0.001000000000000001]	0.03635588605566098
10	[0, -0.001000000000000001]	0.024561012044353493
11	[0, -0.001000000000000001]	0.026311357529536013
12	[0, -0.001000000000000001]	0.008678298858813075
13	[0, -0.001000000000000001]	0.020854255208110507
14	[0, -0.001000000000000001]	0.005058168268061298
15	[0, -0.001000000000000001]	0.02975929338051686
16	[0, -0.001000000000000001]	0.02677692103095562
17	[0, -0.001000000000000001]	0.024229238997976906
18	[0, -0.001000000000000001]	0.0073834565764722545
19	[0, -0.001000000000000001]	0.023618961606855587
20	[0, -0.001000000000000001]	0.02091486547341219
21	[0, -0.001000000000000001]	0.021953398067544847
22	[0, -0.001000000000000001]	0.003158829673057454
23	[0, -0.001000000000000001]	0.01909605132230544
24	[0, -0.001000000000000001]	0.019727300938726273
25	[0, -0.001000000000000001]	0.01217022875025177
26	[0, -0.001000000000000001]	0.0064486583253099
27	[0, -0.001000000000000001]	0.03156567446770637
28	[0, -0.001000000000000001]	0.012650176101269402
29	[0, -0.001000000000000001]	0.016789137826403455
avg	[0, -0.001000000000000001]	0.001891762078645078
