0	[-0.000813816171942309, 0]	0.01101974318768785
1	[-0.000813816171942309, 0]	0.021146623038451693
2	[-0.000813816171942309, 0]	0.031906073240805875
3	[-0.000813816171942309, 0]	0.03771587761763805
4	[-0.000813816171942309, 0]	0.023572330759196774
5	[-0.000813816171942309, 0]	0.029240448366084432
6	[-0.000813816171942309, 0]	0.0017599417140011999
7	[-0.000813816171942309, 0]	0.013761843290541429
8	[-0.000813816171942309, 0]	0.016074794269945947
9	[-0.000813816171942309, 0]	0.040779163678672216
10	[-0.000813816171942309, 0]	0.022678234637384654
11	[-0.000813816171942309, 0]	0.0228608698016327
12	[-0.000813816171942309, 0]	0.005804937385395823
13	[-0.000813816171942309, 0]	0.02107538854694976
14	[-0.000813816171942309, 0]	0.0008440842358242987
15	[-0.000813816171942309, 0]	0.029008422616166034
16	[-0.000813816171942309, 0]	0.031420917128905414
17	[-0.000813816171942309, 0]	0.019807249607487903
18	[-0.000813816171942309, 0]	0.007269686117834225
19	[-0.000813816171942309, 0]	0.022853852653482755
20	[-0.000813816171942309, 0]	0.025733843343967715
21	[-0.000813816171942309, 0]	0.025089670142144724
22	[-0.000813816171942309, 0]	0.007690970841835171
23	[-0.000813816171942309, 0]	0.0161605846028387
24	[-0.000813816171942309, 0]	0.017655172934651256
25	[-0.000813816171942309, 0]	0.012674984374431807
26	[-0.000813816171942309, 0]	0.009604475246365528
27	[-0.000813816171942309, 0]	0.027659222537296083
28	[-0.000813816171942309, 0]	0.009930117530924511
29	[-0.000813816171942309, 0]	0.017374818136327852
avg	[-0.000813816171942309, 0]	0.00471313498641481
0	[0, -0.000813816171942309]	0.011212926988339075
1	[0, -0.000813816171942309]	0.025786671448498298
2	[0, -0.000813816171942309]	0.03469943343700877
3	[0, -0.000813816171942309]	0.04188871171392301
4	[0, -0.000813816171942309]	0.019820792618062737
5	[0, -0.000813816171942309]	0.029816416466068172
6	[0, -0.000813816171942309]	0.006351777037841286
7	[0, -0.000813816171942309]	0.018068618583810273
8	[0, -0.000813816171942309]	0.015636271783322473
9	[0, -0.000813816171942309]	0.0365061287285251
10	[0, -0.000813816171942309]	0.0242751767625849
11	[0, -0.000813816171942309]	0.02634034188580126
12	[0, -0.000813816171942309]	0.008449999462557834
13	[0, -0.000813816171942309]	0.020932563830726957
14	[0, -0.000813816171942309]	0.004998652213611593
15	[0, -0.000813816171942309]	0.029807680873492684
16	[0, -0.000813816171942309]	0.02679394132094042
17	[0, -0.000813816171942309]	0.024188963906318348
18	[0, -0.000813816171942309]	0.007459317897079167
19	[0, -0.000813816171942309]	0.02350952259710454
20	[0, -0.000813816171942309]	0.02096299303380913
21	[0, -0.000813816171942309]	0.02219774708153167
22	[0, -0.000813816171942309]	0.003289006022771714
23	[0, -0.000813816171942309]	0.01915290445120424
24	[0, -0.000813816171942309]	0.01983977034067535
25	[0, -0.000813816171942309]	0.01217394199724529
26	[0, -0.000813816171942309]	0.006468673504238279
27	[0, -0.000813816171942309]	0.03162258357565555
28	[0, -0.000813816171942309]	0.012547922190297855
29	[0, -0.000813816171942309]	0.016802917781192382
avg	[0, -0.000813816171942309]	0.0016024433826594571
