0	[-0.00012742749857031348, 0]	0.011212035812316667
1	[-0.00012742749857031348, 0]	0.024920597334679905
2	[-0.00012742749857031348, 0]	0.03383025322899094
3	[-0.00012742749857031348, 0]	0.041399491040349984
4	[-0.00012742749857031348, 0]	0.020197762240370835
5	[-0.00012742749857031348, 0]	0.029906884051845658
6	[-0.00012742749857031348, 0]	0.005247478612858515
7	[-0.00012742749857031348, 0]	0.017294548916146627
8	[-0.00012742749857031348, 0]	0.015903819471362986
9	[-0.00012742749857031348, 0]	0.03773290608829656
10	[-0.00012742749857031348, 0]	0.02291778160188562
11	[-0.00012742749857031348, 0]	0.02591669672562403
12	[-0.00012742749857031348, 0]	0.007069742434546124
13	[-0.00012742749857031348, 0]	0.021220318503549142
14	[-0.00012742749857031348, 0]	0.004227338109657513
15	[-0.00012742749857031348, 0]	0.02984417138631814
16	[-0.00012742749857031348, 0]	0.027611329828966278
17	[-0.00012742749857031348, 0]	0.02337988972794533
18	[-0.00012742749857031348, 0]	0.007633220939090922
19	[-0.00012742749857031348, 0]	0.022971717616228658
20	[-0.00012742749857031348, 0]	0.02192369363389341
21	[-0.00012742749857031348, 0]	0.023514938559014115
22	[-0.00012742749857031348, 0]	0.004517142461456628
23	[-0.00012742749857031348, 0]	0.01890024851336819
24	[-0.00012742749857031348, 0]	0.019906200959375574
25	[-0.00012742749857031348, 0]	0.01222223082351634
26	[-0.00012742749857031348, 0]	0.007043018583313145
27	[-0.00012742749857031348, 0]	0.031231246126386898
28	[-0.00012742749857031348, 0]	0.01173129573516699
29	[-0.00012742749857031348, 0]	0.016912633114235257
avg	[-0.00012742749857031348, 0]	0.0009178744343528563
0	[0, -0.00012742749857031348]	0.011355877583433822
1	[0, -0.00012742749857031348]	0.02564565328780942
2	[0, -0.00012742749857031348]	0.03429539230659858
3	[0, -0.00012742749857031348]	0.042054193418377
4	[0, -0.00012742749857031348]	0.01962241007923198
5	[0, -0.00012742749857031348]	0.030038844732434924
6	[0, -0.00012742749857031348]	0.005997001140581279
7	[0, -0.00012742749857031348]	0.017976373352115736
8	[0, -0.00012742749857031348]	0.01591624231678063
9	[0, -0.00012742749857031348]	0.037075161936362705
10	[0, -0.00012742749857031348]	0.02322190175502125
11	[0, -0.00012742749857031348]	0.026474969162924095
12	[0, -0.00012742749857031348]	0.007645528374644048
13	[0, -0.00012742749857031348]	0.021253825370984514
14	[0, -0.00012742749857031348]	0.004925284038608577
15	[0, -0.00012742749857031348]	0.03001020206932189
16	[0, -0.00012742749857031348]	0.02688418045617253
17	[0, -0.00012742749857031348]	0.0240705250344222
18	[0, -0.00012742749857031348]	0.007827932548101817
19	[0, -0.00012742749857031348]	0.02313320435687395
20	[0, -0.00012742749857031348]	0.021174599907059496
21	[0, -0.00012742749857031348]	0.023109008143083004
22	[0, -0.00012742749857031348]	0.003923667126800655
23	[0, -0.00012742749857031348]	0.019399420780030124
24	[0, -0.00012742749857031348]	0.020285867503624103
25	[0, -0.00012742749857031348]	0.01224821170496154
26	[0, -0.00012742749857031348]	0.006654181081576362
27	[0, -0.00012742749857031348]	0.03185491178302077
28	[0, -0.00012742749857031348]	0.012223916034797182
29	[0, -0.00012742749857031348]	0.01689751968569536
avg	[0, -0.00012742749857031348]	0.0005641407265926477
