0	[-0.00010370255908667645, 0]	0.011242550421331958
1	[-0.00010370255908667645, 0]	0.025051564316205418
2	[-0.00010370255908667645, 0]	0.03390267301544045
3	[-0.00010370255908667645, 0]	0.04152756466027171
4	[-0.00010370255908667645, 0]	0.02008437557590666
5	[-0.00010370255908667645, 0]	0.029938668963726413
6	[-0.00010370255908667645, 0]	0.005377940575414101
7	[-0.00010370255908667645, 0]	0.01741932250573238
8	[-0.00010370255908667645, 0]	0.015914768455312842
9	[-0.00010370255908667645, 0]	0.0376301796940457
10	[-0.00010370255908667645, 0]	0.022936520558596577
11	[-0.00010370255908667645, 0]	0.02602574933988183
12	[-0.00010370255908667645, 0]	0.00714704335403051
13	[-0.00010370255908667645, 0]	0.021237014686427816
14	[-0.00010370255908667645, 0]	0.004359282148723537
15	[-0.00010370255908667645, 0]	0.029881648455934873
16	[-0.00010370255908667645, 0]	0.027479904193099373
17	[-0.00010370255908667645, 0]	0.023505150036203935
18	[-0.00010370255908667645, 0]	0.007680540506448297
19	[-0.00010370255908667645, 0]	0.022987929748807746
20	[-0.00010370255908667645, 0]	0.021792529708223877
21	[-0.00010370255908667645, 0]	0.02346973249041711
22	[-0.00010370255908667645, 0]	0.004427171372592218
23	[-0.00010370255908667645, 0]	0.019002022284325574
24	[-0.00010370255908667645, 0]	0.019992251688633052
25	[-0.00010370255908667645, 0]	0.012228365206119793
26	[-0.00010370255908667645, 0]	0.006976111181889665
27	[-0.00010370255908667645, 0]	0.03135595453661907
28	[-0.00010370255908667645, 0]	0.01181150385285046
29	[-0.00010370255908667645, 0]	0.01691219017909994
avg	[-0.00010370255908667645, 0]	0.0007968147785017139
0	[0, -0.00010370255908667645]	0.011362620880956537
1	[0, -0.00010370255908667645]	0.025641572486289305
2	[0, -0.00010370255908667645]	0.03428193759091794
3	[0, -0.00010370255908667645]	0.04206039933984603
4	[0, -0.00010370255908667645]	0.019616572198253208
5	[0, -0.00010370255908667645]	0.030047200718604956
6	[0, -0.00010370255908667645]	0.005987828597456407
7	[0, -0.00010370255908667645]	0.017974331255849005
8	[0, -0.00010370255908667645]	0.0159271441814811
9	[0, -0.00010370255908667645]	0.037095248009322374
10	[0, -0.00010370255908667645]	0.02318551057816829
11	[0, -0.00010370255908667645]	0.026480398686397382
12	[0, -0.00010370255908667645]	0.007618912689687072
13	[0, -0.00010370255908667645]	0.02126582832843312
14	[0, -0.00010370255908667645]	0.004926951055572152
15	[0, -0.00010370255908667645]	0.03001787517140122
16	[0, -0.00010370255908667645]	0.026888069594643713
17	[0, -0.00010370255908667645]	0.02406728178135456
18	[0, -0.00010370255908667645]	0.007843025473854159
19	[0, -0.00010370255908667645]	0.02312097720570649
20	[0, -0.00010370255908667645]	0.021182863595884303
21	[0, -0.00010370255908667645]	0.023140784204449767
22	[0, -0.00010370255908667645]	0.0039490640071790355
23	[0, -0.00010370255908667645]	0.019408963177721332
24	[0, -0.00010370255908667645]	0.02030214658868035
25	[0, -0.00010370255908667645]	0.012252470454557962
26	[0, -0.00010370255908667645]	0.006663627888114454
27	[0, -0.00010370255908667645]	0.031863569837533946
28	[0, -0.00010370255908667645]	0.01221425791616626
29	[0, -0.00010370255908667645]	0.016902013051995568
avg	[0, -0.00010370255908667645]	0.0005312656985872839
