0	[-8.439481965654006e-05, 0]	0.011268498801320477
1	[-8.439481965654006e-05, 0]	0.02515816885880379
2	[-8.439481965654006e-05, 0]	0.03396188249470099
3	[-8.439481965654006e-05, 0]	0.0416318264841914
4	[-8.439481965654006e-05, 0]	0.019992297821841358
5	[-8.439481965654006e-05, 0]	0.02996495527746484
6	[-8.439481965654006e-05, 0]	0.005484255193034614
7	[-8.439481965654006e-05, 0]	0.017520968230197755
8	[-8.439481965654006e-05, 0]	0.01592450547277005
9	[-8.439481965654006e-05, 0]	0.03754671673252358
10	[-8.439481965654006e-05, 0]	0.022952276845210444
11	[-8.439481965654006e-05, 0]	0.026114645777139955
12	[-8.439481965654006e-05, 0]	0.0072111738506562585
13	[-8.439481965654006e-05, 0]	0.021251169299763815
14	[-8.439481965654006e-05, 0]	0.004466772312006719
15	[-8.439481965654006e-05, 0]	0.029912556931769647
16	[-8.439481965654006e-05, 0]	0.027372962237123967
17	[-8.439481965654006e-05, 0]	0.023607156370668573
18	[-8.439481965654006e-05, 0]	0.007720552337827537
19	[-8.439481965654006e-05, 0]	0.023001713641233337
20	[-8.439481965654006e-05, 0]	0.021685817523734666
21	[-8.439481965654006e-05, 0]	0.02343342078442718
22	[-8.439481965654006e-05, 0]	0.004355606405924091
23	[-8.439481965654006e-05, 0]	0.019085141044988665
24	[-8.439481965654006e-05, 0]	0.02006263513895259
25	[-8.439481965654006e-05, 0]	0.01223444284395031
26	[-8.439481965654006e-05, 0]	0.006923092658827108
27	[-8.439481965654006e-05, 0]	0.031457498010828894
28	[-8.439481965654006e-05, 0]	0.01187749927724659
29	[-8.439481965654006e-05, 0]	0.016912606504057227
avg	[-8.439481965654006e-05, 0]	0.0007019427203310536
0	[0, -8.439481965654006e-05]	0.01136819614836498
1	[0, -8.439481965654006e-05]	0.025638290804952186
2	[0, -8.439481965654006e-05]	0.03427101343269178
3	[0, -8.439481965654006e-05]	0.04206547368548044
4	[0, -8.439481965654006e-05]	0.019611871759627565
5	[0, -8.439481965654006e-05]	0.03005403361695279
6	[0, -8.439481965654006e-05]	0.005980524559132962
7	[0, -8.439481965654006e-05]	0.017972726149038044
8	[0, -8.439481965654006e-05]	0.015936075490959267
9	[0, -8.439481965654006e-05]	0.037111614630570035
10	[0, -8.439481965654006e-05]	0.023155895619304832
11	[0, -8.439481965654006e-05]	0.026484855372458267
12	[0, -8.439481965654006e-05]	0.007597317598752382
13	[0, -8.439481965654006e-05]	0.02127564009401915
14	[0, -8.439481965654006e-05]	0.0049285153761383935
15	[0, -8.439481965654006e-05]	0.030024152605084734
16	[0, -8.439481965654006e-05]	0.026891272460904968
17	[0, -8.439481965654006e-05]	0.024064684512608406
18	[0, -8.439481965654006e-05]	0.007855417974503856
19	[0, -8.439481965654006e-05]	0.02311106566465607
20	[0, -8.439481965654006e-05]	0.021189634994027037
21	[0, -8.439481965654006e-05]	0.023166657233026546
22	[0, -8.439481965654006e-05]	0.003969871637368947
23	[0, -8.439481965654006e-05]	0.019416778598910358
24	[0, -8.439481965654006e-05]	0.02031543612920324
25	[0, -8.439481965654006e-05]	0.012256018994695268
26	[0, -8.439481965654006e-05]	0.006671459984536154
27	[0, -8.439481965654006e-05]	0.031870646606489555
28	[0, -8.439481965654006e-05]	0.012206475987679781
29	[0, -8.439481965654006e-05]	0.016905729733550014
avg	[0, -8.439481965654006e-05]	0.0005050012074464614
