0	[-6.86818690646469e-05, 0]	0.01129034939378583
1	[-6.86818690646469e-05, 0]	0.025244939409163017
2	[-6.86818690646469e-05, 0]	0.03401024803068358
3	[-6.86818690646469e-05, 0]	0.041716698418804314
4	[-6.86818690646469e-05, 0]	0.01991748907473185
5	[-6.86818690646469e-05, 0]	0.029986624424533054
6	[-6.86818690646469e-05, 0]	0.00557086449649147
7	[-6.86818690646469e-05, 0]	0.017603756157544573
8	[-6.86818690646469e-05, 0]	0.01593297603116269
9	[-6.86818690646469e-05, 0]	0.03747888487041952
10	[-6.86818690646469e-05, 0]	0.02296543413453493
11	[-6.86818690646469e-05, 0]	0.02618708791541999
12	[-6.86818690646469e-05, 0]	0.0072641517538780745
13	[-6.86818690646469e-05, 0]	0.021263063312265924
14	[-6.86818690646469e-05, 0]	0.004554311804161791
15	[-6.86818690646469e-05, 0]	0.029937980797820545
16	[-6.86818690646469e-05, 0]	0.02728594076616507
17	[-6.86818690646469e-05, 0]	0.023690218421112186
18	[-6.86818690646469e-05, 0]	0.007754094080856376
19	[-6.86818690646469e-05, 0]	0.023013321370961164
20	[-6.86818690646469e-05, 0]	0.021598994587879224
21	[-6.86818690646469e-05, 0]	0.02340419772437233
22	[-6.86818690646469e-05, 0]	0.004298522569983782
23	[-6.86818690646469e-05, 0]	0.019152976325753426
24	[-6.86818690646469e-05, 0]	0.020120146483716114
25	[-6.86818690646469e-05, 0]	0.012240106698035127
26	[-6.86818690646469e-05, 0]	0.006880915894233737
27	[-6.86818690646469e-05, 0]	0.03154017098073001
28	[-6.86818690646469e-05, 0]	0.011931676751224463
29	[-6.86818690646469e-05, 0]	0.016913459751455674
avg	[-6.86818690646469e-05, 0]	0.0006285168455435123
0	[0, -6.86818690646469e-05]	0.011372791231205319
1	[0, -6.86818690646469e-05]	0.025635646185151198
2	[0, -6.86818690646469e-05]	0.03426214008567522
3	[0, -6.86818690646469e-05]	0.04206961907083392
4	[0, -6.86818690646469e-05]	0.01960807998113519
5	[0, -6.86818690646469e-05]	0.030059615956875105
6	[0, -6.86818690646469e-05]	0.005974687259446576
7	[0, -6.86818690646469e-05]	0.01797145750537751
8	[0, -6.86818690646469e-05]	0.015943383073349655
9	[0, -6.86818690646469e-05]	0.03712494744525683
10	[0, -6.86818690646469e-05]	0.023131794998444963
11	[0, -6.86818690646469e-05]	0.026488507484495417
12	[0, -6.86818690646469e-05]	0.0075797867100012364
13	[0, -6.86818690646469e-05]	0.02128365388041156
14	[0, -6.86818690646469e-05]	0.004929925856100257
15	[0, -6.86818690646469e-05]	0.03002928308372346
16	[0, -6.86818690646469e-05]	0.02689390404589485
17	[0, -6.86818690646469e-05]	0.024062598733692635
18	[0, -6.86818690646469e-05]	0.007865575454095147
19	[0, -6.86818690646469e-05]	0.02310302543006376
20	[0, -6.86818690646469e-05]	0.021195176285895574
21	[0, -6.86818690646469e-05]	0.023187721805610944
22	[0, -6.86818690646469e-05]	0.003986895980347821
23	[0, -6.86818690646469e-05]	0.019423171767518174
24	[0, -6.86818690646469e-05]	0.020326278612529537
25	[0, -6.86818690646469e-05]	0.012258961578401695
26	[0, -6.86818690646469e-05]	0.006677928989666642
27	[0, -6.86818690646469e-05]	0.03187642611703729
28	[0, -6.86818690646469e-05]	0.012200194691030895
29	[0, -6.86818690646469e-05]	0.01690879407907195
avg	[0, -6.86818690646469e-05]	0.00048403509678285117
