0	[-5.589441576403378e-05, 0]	0.011308614628307293
1	[-5.589441576403378e-05, 0]	0.02531556389231013
2	[-5.589441576403378e-05, 0]	0.03404972732014098
3	[-5.589441576403378e-05, 0]	0.04178578303485226
4	[-5.589441576403378e-05, 0]	0.019856691850102432
5	[-5.589441576403378e-05, 0]	0.030004442126926767
6	[-5.589441576403378e-05, 0]	0.005641405070746964
7	[-5.589441576403378e-05, 0]	0.017671173953181667
8	[-5.589441576403378e-05, 0]	0.015940230816460434
9	[-5.589441576403378e-05, 0]	0.03742374323724581
10	[-5.589441576403378e-05, 0]	0.022976362946723602
11	[-5.589441576403378e-05, 0]	0.026246106056712123
12	[-5.589441576403378e-05, 0]	0.007307776076803617
13	[-5.589441576403378e-05, 0]	0.02127299063358874
14	[-5.589441576403378e-05, 0]	0.004625591822738774
15	[-5.589441576403378e-05, 0]	0.029958849541510485
16	[-5.589441576403378e-05, 0]	0.027215127722586562
17	[-5.589441576403378e-05, 0]	0.023757846879160206
18	[-5.589441576403378e-05, 0]	0.007782031107470777
19	[-5.589441576403378e-05, 0]	0.023023025945303796
20	[-5.589441576403378e-05, 0]	0.021528350955642105
21	[-5.589441576403378e-05, 0]	0.023380629868645614
22	[-5.589441576403378e-05, 0]	0.004252859712193894
23	[-5.589441576403378e-05, 0]	0.01920830749322416
24	[-5.589441576403378e-05, 0]	0.020167113432081912
25	[-5.589441576403378e-05, 0]	0.012245190752269482
26	[-5.589441576403378e-05, 0]	0.006847246638246194
27	[-5.589441576403378e-05, 0]	0.03160747473792017
28	[-5.589441576403378e-05, 0]	0.011976073815507915
29	[-5.589441576403378e-05, 0]	0.016914494797494233
avg	[-5.589441576403378e-05, 0]	0.0005724056558289951
0	[0, -5.589441576403378e-05]	0.011376569044186312
1	[0, -5.589441576403378e-05]	0.02563351121934156
2	[0, -5.589441576403378e-05]	0.034254930020401475
3	[0, -5.589441576403378e-05]	0.04207300311415806
4	[0, -5.589441576403378e-05]	0.0196050163225733
5	[0, -5.589441576403378e-05]	0.03006417326398517
6	[0, -5.589441576403378e-05]	0.005970007744426944
7	[0, -5.589441576403378e-05]	0.017970449982443435
8	[0, -5.589441576403378e-05]	0.015949355987116467
9	[0, -5.589441576403378e-05]	0.03713580676631487
10	[0, -5.589441576403378e-05]	0.023112181863367262
11	[0, -5.589441576403378e-05]	0.02649149630782548
12	[0, -5.589441576403378e-05]	0.007565548832670434
13	[0, -5.589441576403378e-05]	0.02129019469047323
14	[0, -5.589441576403378e-05]	0.004931164655129834
15	[0, -5.589441576403378e-05]	0.030033472781819556
16	[0, -5.589441576403378e-05]	0.026896062251707643
17	[0, -5.589441576403378e-05]	0.02406091978955295
18	[0, -5.589441576403378e-05]	0.007873889446501504
19	[0, -5.589441576403378e-05]	0.023096499353863216
20	[0, -5.589441576403378e-05]	0.021199706141699776
21	[0, -5.589441576403378e-05]	0.023204870230582222
22	[0, -5.589441576403378e-05]	0.004000809998155194
23	[0, -5.589441576403378e-05]	0.019428396368152665
24	[0, -5.589441576403378e-05]	0.020335120368575762
25	[0, -5.589441576403378e-05]	0.01226139251794831
26	[0, -5.589441576403378e-05]	0.006683256381981851
27	[0, -5.589441576403378e-05]	0.03188114302763531
28	[0, -5.589441576403378e-05]	0.012195117206220237
29	[0, -5.589441576403378e-05]	0.01691131413859271
avg	[0, -5.589441576403378e-05]	0.00046725300795106244
