0	[-4.548777947003778e-05, 0]	0.011323797408260972
1	[-4.548777947003778e-05, 0]	0.025373045283259947
2	[-4.548777947003778e-05, 0]	0.03408193449790325
3	[-4.548777947003778e-05, 0]	0.04184201474246312
4	[-4.548777947003778e-05, 0]	0.01980727096406121
5	[-4.548777947003778e-05, 0]	0.030019063442689616
6	[-4.548777947003778e-05, 0]	0.0056988483727418325
7	[-4.548777947003778e-05, 0]	0.017726068264034316
8	[-4.548777947003778e-05, 0]	0.01594637384132605
9	[-4.548777947003778e-05, 0]	0.0373789086888823
10	[-4.548777947003778e-05, 0]	0.022985403276990928
11	[-4.548777947003778e-05, 0]	0.02629417778043295
12	[-4.548777947003778e-05, 0]	0.007343609960223041
13	[-4.548777947003778e-05, 0]	0.02128123352115971
14	[-4.548777947003778e-05, 0]	0.004683625615969974
15	[-4.548777947003778e-05, 0]	0.02997595075957144
16	[-4.548777947003778e-05, 0]	0.02715750322050088
17	[-4.548777947003778e-05, 0]	0.02381290450799342
18	[-4.548777947003778e-05, 0]	0.007805186114890577
19	[-4.548777947003778e-05, 0]	0.023031094349356563
20	[-4.548777947003778e-05, 0]	0.021470869611789328
21	[-4.548777947003778e-05, 0]	0.02336159236173755
22	[-4.548777947003778e-05, 0]	0.004216241232135814
23	[-4.548777947003778e-05, 0]	0.019253419427646426
24	[-4.548777947003778e-05, 0]	0.020205430019332806
25	[-4.548777947003778e-05, 0]	0.012249642248458972
26	[-4.548777947003778e-05, 0]	0.0068202863031312875
27	[-4.548777947003778e-05, 0]	0.03166226286077511
28	[-4.548777947003778e-05, 0]	0.012012405615590445
29	[-4.548777947003778e-05, 0]	0.016915562711639683
avg	[-4.548777947003778e-05, 0]	0.0005299417698867331
0	[0, -4.548777947003778e-05]	0.011379668803552595
1	[0, -4.548777947003778e-05]	0.025631785189448787
2	[0, -4.548777947003778e-05]	0.034249069780483705
3	[0, -4.548777947003778e-05]	0.04207576403038169
4	[0, -4.548777947003778e-05]	0.01960253778434473
5	[0, -4.548777947003778e-05]	0.03006789154638
6	[0, -4.548777947003778e-05]	0.005966246597526616
7	[0, -4.548777947003778e-05]	0.017969646551107412
8	[0, -4.548777947003778e-05]	0.015954233964983598
9	[0, -4.548777947003778e-05]	0.03714465012068541
10	[0, -4.548777947003778e-05]	0.023096220602588487
11	[0, -4.548777947003778e-05]	0.026493939700918866
12	[0, -4.548777947003778e-05]	0.007553981163570274
13	[0, -4.548777947003778e-05]	0.021295530319914335
14	[0, -4.548777947003778e-05]	0.004932232984925159
15	[0, -4.548777947003778e-05]	0.030036891979834134
16	[0, -4.548777947003778e-05]	0.026897829612295903
17	[0, -4.548777947003778e-05]	0.024059565690419848
18	[0, -4.548777947003778e-05]	0.007880686979188012
19	[0, -4.548777947003778e-05]	0.023091199726657595
20	[0, -4.548777947003778e-05]	0.02120340602313071
21	[0, -4.548777947003778e-05]	0.023218829685962908
22	[0, -4.548777947003778e-05]	0.00401217233339912
23	[0, -4.548777947003778e-05]	0.019432662617125746
24	[0, -4.548777947003778e-05]	0.020342327720796246
25	[0, -4.548777947003778e-05]	0.012263394828040973
26	[0, -4.548777947003778e-05]	0.006687633399015691
27	[0, -4.548777947003778e-05]	0.03188499063059877
28	[0, -4.548777947003778e-05]	0.012191007836420343
29	[0, -4.548777947003778e-05]	0.016913382378271613
avg	[0, -4.548777947003778e-05]	0.0004538423408316871
