0	[-3.701869055846206e-05, 0]	0.011336363309950631
1	[-3.701869055846206e-05, 0]	0.0254198285438981
2	[-3.701869055846206e-05, 0]	0.03410819692431289
3	[-3.701869055846206e-05, 0]	0.04188778330079976
4	[-3.701869055846206e-05, 0]	0.01976709027687608
5	[-3.701869055846206e-05, 0]	0.030031042512749743
6	[-3.701869055846206e-05, 0]	0.005745619960757555
7	[-3.701869055846206e-05, 0]	0.01777076091800152
8	[-3.701869055846206e-05, 0]	0.01595153121408759
9	[-3.701869055846206e-05, 0]	0.037342448599313
10	[-3.701869055846206e-05, 0]	0.022992857212769717
11	[-3.701869055846206e-05, 0]	0.02633332686038461
12	[-3.701869055846206e-05, 0]	0.007372988594345261
13	[-3.701869055846206e-05, 0]	0.02128805012143083
14	[-3.701869055846206e-05, 0]	0.004730854731424593
15	[-3.701869055846206e-05, 0]	0.029989945954599865
16	[-3.701869055846206e-05, 0]	0.02711061033431699
17	[-3.701869055846206e-05, 0]	0.023857724775293257
18	[-3.701869055846206e-05, 0]	0.007824305306838747
19	[-3.701869055846206e-05, 0]	0.023037773457280062
20	[-3.701869055846206e-05, 0]	0.02142409677875286
21	[-3.701869055846206e-05, 0]	0.023346193872969982
22	[-3.701869055846206e-05, 0]	0.004186809445809007
23	[-3.701869055846206e-05, 0]	0.01929018652625122
24	[-3.701869055846206e-05, 0]	0.020236678894199233
25	[-3.701869055846206e-05, 0]	0.01225347268784813
26	[-3.701869055846206e-05, 0]	0.006798640646149065
27	[-3.701869055846206e-05, 0]	0.03170686035889122
28	[-3.701869055846206e-05, 0]	0.012042104758639507
29	[-3.701869055846206e-05, 0]	0.01691658116816898
avg	[-3.701869055846206e-05, 0]	0.0004980184835740522
0	[0, -3.701869055846206e-05]	0.011382208189394427
1	[0, -3.701869055846206e-05]	0.025630388096512812
2	[0, -3.701869055846206e-05]	0.03424430554444372
3	[0, -3.701869055846206e-05]	0.04207801549549258
4	[0, -3.701869055846206e-05]	0.01960053047593224
5	[0, -3.701869055846206e-05]	0.030070923815748152
6	[0, -3.701869055846206e-05]	0.005963216981477567
7	[0, -3.701869055846206e-05]	0.01796900363979684
8	[0, -3.701869055846206e-05]	0.0159582150729135
9	[0, -3.701869055846206e-05]	0.03715185086589641
10	[0, -3.701869055846206e-05]	0.023083231220268258
11	[0, -3.701869055846206e-05]	0.02649593548365592
12	[0, -3.701869055846206e-05]	0.007544580079788341
13	[0, -3.701869055846206e-05]	0.02129988088831163
14	[0, -3.701869055846206e-05]	0.004933142236512631
15	[0, -3.701869055846206e-05]	0.03003968090382876
16	[0, -3.701869055846206e-05]	0.026899275188028322
17	[0, -3.701869055846206e-05]	0.02405847181900202
18	[0, -3.701869055846206e-05]	0.00788623970985636
19	[0, -3.701869055846206e-05]	0.023086894359227714
20	[0, -3.701869055846206e-05]	0.0212064259242719
21	[0, -3.701869055846206e-05]	0.02323019262188941
22	[0, -3.701869055846206e-05]	0.004021444717145397
23	[0, -3.701869055846206e-05]	0.019436144080034697
24	[0, -3.701869055846206e-05]	0.020348200809852095
25	[0, -3.701869055846206e-05]	0.012265040209191783
26	[0, -3.701869055846206e-05]	0.006691222916266455
27	[0, -3.701869055846206e-05]	0.03188812776758979
28	[0, -3.701869055846206e-05]	0.012187678660437951
29	[0, -3.701869055846206e-05]	0.016915077047956157
avg	[0, -3.701869055846206e-05]	0.0004430844699652607
