0	[-3.012640904060446e-05, 0]	0.011346728198779332
1	[-3.012640904060446e-05, 0]	0.025457904135651244
2	[-3.012640904060446e-05, 0]	0.03412960387489298
3	[-3.012640904060446e-05, 0]	0.04192503464238584
4	[-3.012640904060446e-05, 0]	0.01973441545919265
5	[-3.012640904060446e-05, 0]	0.030040844197628175
6	[-3.012640904060446e-05, 0]	0.005783698487354604
7	[-3.012640904060446e-05, 0]	0.017807144863211853
8	[-3.012640904060446e-05, 0]	0.01595583296047846
9	[-3.012640904060446e-05, 0]	0.03731279471823026
10	[-3.012640904060446e-05, 0]	0.02299898737262369
11	[-3.012640904060446e-05, 0]	0.02636520516771831
12	[-3.012640904060446e-05, 0]	0.007397039018370878
13	[-3.012640904060446e-05, 0]	0.0212936693075516
14	[-3.012640904060446e-05, 0]	0.004769317739369102
15	[-3.012640904060446e-05, 0]	0.03000138702149949
16	[-3.012640904060446e-05, 0]	0.027072450053326026
17	[-3.012640904060446e-05, 0]	0.023894209109220476
18	[-3.012640904060446e-05, 0]	0.007840045775478902
19	[-3.012640904060446e-05, 0]	0.02304328373748587
20	[-3.012640904060446e-05, 0]	0.0213860365702985
21	[-3.012640904060446e-05, 0]	0.023333725074695114
22	[-3.012640904060446e-05, 0]	0.0041631078818940345
23	[-3.012640904060446e-05, 0]	0.019320143929218183
24	[-3.012640904060446e-05, 0]	0.02026215338881484
25	[-3.012640904060446e-05, 0]	0.01225672741656899
26	[-3.012640904060446e-05, 0]	0.0067812224047380815
27	[-3.012640904060446e-05, 0]	0.0317431611433208
28	[-3.012640904060446e-05, 0]	0.012066360996918966
29	[-3.012640904060446e-05, 0]	0.01691750891442864
avg	[-3.012640904060446e-05, 0]	0.0004740990942506029
0	[0, -3.012640904060446e-05]	0.01138428586962466
1	[0, -3.012640904060446e-05]	0.02562925613947467
2	[0, -3.012640904060446e-05]	0.03424043159329908
3	[0, -3.012640904060446e-05]	0.04207985081156294
4	[0, -3.012640904060446e-05]	0.019598903366329495
5	[0, -3.012640904060446e-05]	0.030073395677601013
6	[0, -3.012640904060446e-05]	0.005960772170449397
7	[0, -3.012640904060446e-05]	0.017968487670586536
8	[0, -3.012640904060446e-05]	0.015961462461489186
9	[0, -3.012640904060446e-05]	0.03715771351726349
10	[0, -3.012640904060446e-05]	0.023072660350274138
11	[0, -3.012640904060446e-05]	0.026497564524152008
12	[0, -3.012640904060446e-05]	0.007536937883485584
13	[0, -3.012640904060446e-05]	0.021303426975931895
14	[0, -3.012640904060446e-05]	0.00493390856299678
15	[0, -3.012640904060446e-05]	0.030041954763356145
16	[0, -3.012640904060446e-05]	0.026900456434453757
17	[0, -3.012640904060446e-05]	0.024057586984932496
18	[0, -3.012640904060446e-05]	0.007890772350648709
19	[0, -3.012640904060446e-05]	0.023083395588011157
20	[0, -3.012640904060446e-05]	0.0212088894459019
21	[0, -3.012640904060446e-05]	0.02323944161973915
22	[0, -3.012640904060446e-05]	0.004029007524723517
23	[0, -3.012640904060446e-05]	0.01943898365283331
24	[0, -3.012640904060446e-05]	0.02035298435059476
25	[0, -3.012640904060446e-05]	0.012266389752560012
26	[0, -3.012640904060446e-05]	0.0066941622606386
27	[0, -3.012640904060446e-05]	0.03189068472379201
28	[0, -3.012640904060446e-05]	0.01218497932927855
29	[0, -3.012640904060446e-05]	0.016916463813488665
avg	[0, -3.012640904060446e-05]	0.0004344502760490573
