0	[-2.4517358879792867e-05, 0]	0.011355254822764133
1	[-2.4517358879792867e-05, 0]	0.02548889239360557
2	[-2.4517358879792867e-05, 0]	0.03414704778043338
3	[-2.4517358879792867e-05, 0]	0.04195535312666341
4	[-2.4517358879792867e-05, 0]	0.019707823944641933
5	[-2.4517358879792867e-05, 0]	0.030048855983832924
6	[-2.4517358879792867e-05, 0]	0.005814697176297806
7	[-2.4517358879792867e-05, 0]	0.017836762828904035
8	[-2.4517358879792867e-05, 0]	0.01595940300618944
9	[-2.4517358879792867e-05, 0]	0.03728867381373345
10	[-2.4517358879792867e-05, 0]	0.023004018565865786
11	[-2.4517358879792867e-05, 0]	0.02639116022811394
12	[-2.4517358879792867e-05, 0]	0.007416704509536813
13	[-2.4517358879792867e-05, 0]	0.021298289758329668
14	[-2.4517358879792867e-05, 0]	0.004800625548077355
15	[-2.4517358879792867e-05, 0]	0.030010732049093207
16	[-2.4517358879792867e-05, 0]	0.027041395868875055
17	[-2.4517358879792867e-05, 0]	0.02392390650101816
18	[-2.4517358879792867e-05, 0]	0.007852974743138104
19	[-2.4517358879792867e-05, 0]	0.023047817539591942
20	[-2.4517358879792867e-05, 0]	0.021355065405859085
21	[-2.4517358879792867e-05, 0]	0.023323619385787826
22	[-2.4517358879792867e-05, 0]	0.004143987593824315
23	[-2.4517358879792867e-05, 0]	0.019344547314521707
24	[-2.4517358879792867e-05, 0]	0.020282913750621703
25	[-2.4517358879792867e-05, 0]	0.01225946713030502
26	[-2.4517358879792867e-05, 0]	0.006767178883405105
27	[-2.4517358879792867e-05, 0]	0.03177270767724635
28	[-2.4517358879792867e-05, 0]	0.012086158117517197
29	[-2.4517358879792867e-05, 0]	0.016918329426193982
avg	[-2.4517358879792867e-05, 0]	0.00045617227905898905
0	[0, -2.4517358879792867e-05]	0.011385984058181803
1	[0, -2.4517358879792867e-05]	0.025628338259567604
2	[0, -2.4517358879792867e-05]	0.03423728106983077
3	[0, -2.4517358879792867e-05]	0.04208134643282277
4	[0, -2.4517358879792867e-05]	0.019597583484850127
5	[0, -2.4517358879792867e-05]	0.030075410067921696
6	[0, -2.4517358879792867e-05]	0.00595879629656682
7	[0, -2.4517358879792867e-05]	0.017968072563544144
8	[0, -2.4517358879792867e-05]	0.015964110202027457
9	[0, -2.4517358879792867e-05]	0.03716248633802305
10	[0, -2.4517358879792867e-05]	0.023064057671245548
11	[0, -2.4517358879792867e-05]	0.026498893468719975
12	[0, -2.4517358879792867e-05]	0.0075307242257959175
13	[0, -2.4517358879792867e-05]	0.02130631649653919
14	[0, -2.4517358879792867e-05]	0.004934549663642805
15	[0, -2.4517358879792867e-05]	0.03004380804012347
16	[0, -2.4517358879792867e-05]	0.026901420939448296
17	[0, -2.4517358879792867e-05]	0.02405687045368304
18	[0, -2.4517358879792867e-05]	0.00789447017028126
19	[0, -2.4517358879792867e-05]	0.02308055154868256
20	[0, -2.4517358879792867e-05]	0.02121089819077639
21	[0, -2.4517358879792867e-05]	0.023246969699749983
22	[0, -2.4517358879792867e-05]	0.004035173317718464
23	[0, -2.4517358879792867e-05]	0.0194412987150272
24	[0, -2.4517358879792867e-05]	0.020356866295567343
25	[0, -2.4517358879792867e-05]	0.012267494988261369
26	[0, -2.4517358879792867e-05]	0.00669656634278726
27	[0, -2.4517358879792867e-05]	0.03189276820066747
28	[0, -2.4517358879792867e-05]	0.012182789201402085
29	[0, -2.4517358879792867e-05]	0.01691759742845817
avg	[0, -2.4517358879792867e-05]	0.00042750910769220803
