0	[-1.9952623149688786e-05, 0]	0.011362254395657547
1	[-1.9952623149688786e-05, 0]	0.025514112277635892
2	[-1.9952623149688786e-05, 0]	0.03416125884620344
3	[-1.9952623149688786e-05, 0]	0.041980028610149905
4	[-1.9952623149688786e-05, 0]	0.019686215462109805
5	[-1.9952623149688786e-05, 0]	0.03005539927752537
6	[-1.9952623149688786e-05, 0]	0.005839930774252423
7	[-1.9952623149688786e-05, 0]	0.017860871761018405
8	[-1.9952623149688786e-05, 0]	0.015962354176801925
9	[-1.9952623149688786e-05, 0]	0.03726905173081795
10	[-1.9952623149688786e-05, 0]	0.023008141075108016
11	[-1.9952623149688786e-05, 0]	0.026412290785455594
12	[-1.9952623149688786e-05, 0]	0.007432769614929809
13	[-1.9952623149688786e-05, 0]	0.021302081371926764
14	[-1.9952623149688786e-05, 0]	0.004826108287533996
15	[-1.9952623149688786e-05, 0]	0.030018359748122656
16	[-1.9952623149688786e-05, 0]	0.027016124315075773
17	[-1.9952623149688786e-05, 0]	0.02394807857900331
18	[-1.9952623149688786e-05, 0]	0.007863575044361783
19	[-1.9952623149688786e-05, 0]	0.02305153995003224
20	[-1.9952623149688786e-05, 0]	0.021329862464111813
21	[-1.9952623149688786e-05, 0]	0.023315422814424773
22	[-1.9952623149688786e-05, 0]	0.0041285402335956255
23	[-1.9952623149688786e-05, 0]	0.019364422737122664
24	[-1.9952623149688786e-05, 0]	0.020299827888129365
25	[-1.9952623149688786e-05, 0]	0.012261756957222217
26	[-1.9952623149688786e-05, 0]	0.006755837832114109
27	[-1.9952623149688786e-05, 0]	0.03179675600936022
28	[-1.9952623149688786e-05, 0]	0.012102306898485796
29	[-1.9952623149688786e-05, 0]	0.016919040543936555
avg	[-1.9952623149688786e-05, 0]	0.0004427293142550938
0	[0, -1.9952623149688786e-05]	0.011387370929741687
1	[0, -1.9952623149688786e-05]	0.025627593476456243
2	[0, -1.9952623149688786e-05]	0.034234718554255694
3	[0, -1.9952623149688786e-05]	0.04208256492556508
4	[0, -1.9952623149688786e-05]	0.019596512183654397
5	[0, -1.9952623149688786e-05]	0.030077051231736072
6	[0, -1.9952623149688786e-05]	0.0059571974161264675
7	[0, -1.9952623149688786e-05]	0.01796773792001138
8	[0, -1.9952623149688786e-05]	0.01596626826154738
9	[0, -1.9952623149688786e-05]	0.037166371662383325
10	[0, -1.9952623149688786e-05]	0.02305705671564742
11	[0, -1.9952623149688786e-05]	0.026499977107682596
12	[0, -1.9952623149688786e-05]	0.0075256712254659075
13	[0, -1.9952623149688786e-05]	0.02130867045626979
14	[0, -1.9952623149688786e-05]	0.0049350829553836805
15	[0, -1.9952623149688786e-05]	0.0300453181030051
16	[0, -1.9952623149688786e-05]	0.026902207980084338
17	[0, -1.9952623149688786e-05]	0.024056289687634704
18	[0, -1.9952623149688786e-05]	0.007897485522939564
19	[0, -1.9952623149688786e-05]	0.023078239221324272
20	[0, -1.9952623149688786e-05]	0.021212535516197364
21	[0, -1.9952623149688786e-05]	0.023253096898156668
22	[0, -1.9952623149688786e-05]	0.004040198429321344
23	[0, -1.9952623149688786e-05]	0.019443185512130298
24	[0, -1.9952623149688786e-05]	0.02036005026264609
25	[0, -1.9952623149688786e-05]	0.01226839905228079
26	[0, -1.9952623149688786e-05]	0.006698530760066464
27	[0, -1.9952623149688786e-05]	0.031894465479253634
28	[0, -1.9952623149688786e-05]	0.01218101123432455
29	[0, -1.9952623149688786e-05]	0.016918523321771007
avg	[0, -1.9952623149688786e-05]	0.000421921170324999
