0	[-0.0006622967617148332, 0]	0.010945007345101248
1	[-0.0006622967617148332, 0]	0.02197686639793712
2	[-0.0006622967617148332, 0]	0.03230100410752997
3	[-0.0006622967617148332, 0]	0.038525137367616896
4	[-0.0006622967617148332, 0]	0.02281359264251684
5	[-0.0006622967617148332, 0]	0.029344658357713767
6	[-0.0006622967617148332, 0]	0.0024264138188126814
7	[-0.0006622967617148332, 0]	0.014526313736857144
8	[-0.0006622967617148332, 0]	0.01595641292424719
9	[-0.0006622967617148332, 0]	0.04009512303096762
10	[-0.0006622967617148332, 0]	0.022680299549282464
11	[-0.0006622967617148332, 0]	0.02351719710582806
12	[-0.0006622967617148332, 0]	0.005891768103712462
13	[-0.0006622967617148332, 0]	0.021050754430094763
14	[-0.0006622967617148332, 0]	0.00137939297516402
15	[-0.0006622967617148332, 0]	0.029150593238992967
16	[-0.0006622967617148332, 0]	0.03057887008286849
17	[-0.0006622967617148332, 0]	0.020586202204628094
18	[-0.0006622967617148332, 0]	0.00717351231801147
19	[-0.0006622967617148332, 0]	0.022821145409283095
20	[-0.0006622967617148332, 0]	0.02489051346270798
21	[-0.0006622967617148332, 0]	0.024699933569345772
22	[-0.0006622967617148332, 0]	0.0069301077068074654
23	[-0.0006622967617148332, 0]	0.016726720906717854
24	[-0.0006622967617148332, 0]	0.01810835063046254
25	[-0.0006622967617148332, 0]	0.012472807087570426
26	[-0.0006622967617148332, 0]	0.008958506652281924
27	[-0.0006622967617148332, 0]	0.028441151975032233
28	[-0.0006622967617148332, 0]	0.010228566056872251
29	[-0.0006622967617148332, 0]	0.017199512380906192
avg	[-0.0006622967617148332, 0]	0.0038657050201774054
0	[0, -0.0006622967617148332]	0.011235719854242354
1	[0, -0.0006622967617148332]	0.025751741614070667
2	[0, -0.0006622967617148332]	0.03460780744957308
3	[0, -0.0006622967617148332]	0.04192289579155518
4	[0, -0.0006622967617148332]	0.0197721445328866
5	[0, -0.0006622967617148332]	0.02986228520697746
6	[0, -0.0006622967617148332]	0.006259259806191619
7	[0, -0.0006622967617148332]	0.018042763082796565
8	[0, -0.0006622967617148332]	0.01569209660050795
9	[0, -0.0006622967617148332]	0.0366297081490443
10	[0, -0.0006622967617148332]	0.02404260032049736
11	[0, -0.0006622967617148332]	0.026366311234799763
12	[0, -0.0006622967617148332]	0.008267136777975904
13	[0, -0.0006622967617148332]	0.020999107447205845
14	[0, -0.0006622967617148332]	0.004962432326117023
15	[0, -0.0006622967617148332]	0.02984913172935189
16	[0, -0.0006622967617148332]	0.02681014684106175
17	[0, -0.0006622967617148332]	0.024158742989692693
18	[0, -0.0006622967617148332]	0.007528914869469294
19	[0, -0.0006622967617148332]	0.02342274201435421
20	[0, -0.0006622967617148332]	0.02100510208260501
21	[0, -0.0006622967617148332]	0.02239752350635481
22	[0, -0.0006622967617148332]	0.0034098885192391207
23	[0, -0.0006622967617148332]	0.019202356332382802
24	[0, -0.0006622967617148332]	0.019934026727110806
25	[0, -0.0006622967617148332]	0.01218215584059904
26	[0, -0.0006622967617148332]	0.006494666420134671
27	[0, -0.0006622967617148332]	0.03167083219955506
28	[0, -0.0006622967617148332]	0.012469133658611018
29	[0, -0.0006622967617148332]	0.01681788746078891
avg	[0, -0.0006622967617148332]	0.0013679417489276453
