0	[1.9952623149688786e-05, 0]	0.011425740017668377
1	[1.9952623149688786e-05, 0]	0.02573462933707144
2	[1.9952623149688786e-05, 0]	0.03428606102601774
3	[1.9952623149688786e-05, 0]	0.04219581218862537
4	[1.9952623149688786e-05, 0]	0.019497693806287273
5	[1.9952623149688786e-05, 0]	0.03011348455883731
6	[1.9952623149688786e-05, 0]	0.006060768901169076
7	[1.9952623149688786e-05, 0]	0.018071835346448826
8	[1.9952623149688786e-05, 0]	0.015989900358499214
9	[1.9952623149688786e-05, 0]	0.037097817682656346
10	[1.9952623149688786e-05, 0]	0.023045249782590288
11	[1.9952623149688786e-05, 0]	0.0265973152221299
12	[1.9952623149688786e-05, 0]	0.0075754886561771925
13	[1.9952623149688786e-05, 0]	0.02133642602478794
14	[1.9952623149688786e-05, 0]	0.005049026464021135
15	[1.9952623149688786e-05, 0]	0.03008590145583101
16	[1.9952623149688786e-05, 0]	0.026795231167568084
17	[1.9952623149688786e-05, 0]	0.02415953849320911
18	[1.9952623149688786e-05, 0]	0.0079591988261583
19	[1.9952623149688786e-05, 0]	0.023085329917194586
20	[1.9952623149688786e-05, 0]	0.02110960768005881
21	[1.9952623149688786e-05, 0]	0.02324482657497496
22	[1.9952623149688786e-05, 0]	0.003997998734239695
23	[1.9952623149688786e-05, 0]	0.01953876275582374
24	[1.9952623149688786e-05, 0]	0.02044839343615452
25	[1.9952623149688786e-05, 0]	0.012284070366962706
26	[1.9952623149688786e-05, 0]	0.006660110165810595
27	[1.9952623149688786e-05, 0]	0.03200709757136006
28	[1.9952623149688786e-05, 0]	0.012244895233606752
29	[1.9952623149688786e-05, 0]	0.016926913670060807
avg	[1.9952623149688786e-05, 0]	0.0003817333834545456
0	[0, 1.9952623149688786e-05]	0.01139968045380478
1	[0, 1.9952623149688786e-05]	0.025621166713886263
2	[0, 1.9952623149688786e-05]	0.03421237160030799
3	[0, 1.9952623149688786e-05]	0.04209326795730133
4	[0, 1.9952623149688786e-05]	0.019587255376375415
5	[0, 1.9952623149688786e-05]	0.03009146792220903
6	[0, 1.9952623149688786e-05]	0.005943569311256783
7	[0, 1.9952623149688786e-05]	0.017964933877091048
8	[0, 1.9952623149688786e-05]	0.015985259529118823
9	[0, 1.9952623149688786e-05]	0.0372003804092993
10	[0, 1.9952623149688786e-05]	0.022995855537063094
11	[0, 1.9952623149688786e-05]	0.02650953142074702
12	[0, 1.9952623149688786e-05]	0.007481642844405385
13	[0, 1.9952623149688786e-05]	0.021329341345203173
14	[0, 1.9952623149688786e-05]	0.004940185973472907
15	[0, 1.9952623149688786e-05]	0.03005858930960282
16	[0, 1.9952623149688786e-05]	0.026909168980117734
17	[0, 1.9952623149688786e-05]	0.024051302742299517
18	[0, 1.9952623149688786e-05]	0.007924074538097544
19	[0, 1.9952623149688786e-05]	0.02305810876615925
20	[0, 1.9952623149688786e-05]	0.02122694749759422
21	[0, 1.9952623149688786e-05]	0.023306688934243487
22	[0, 1.9952623149688786e-05]	0.0040843966075312325
23	[0, 1.9952623149688786e-05]	0.019459785455575737
24	[0, 1.9952623149688786e-05]	0.020387897445144205
25	[0, 1.9952623149688786e-05]	0.01227647827970008
26	[0, 1.9952623149688786e-05]	0.006716006119602405
27	[0, 1.9952623149688786e-05]	0.03190936856803425
28	[0, 1.9952623149688786e-05]	0.012165636305821738
29	[0, 1.9952623149688786e-05]	0.016926745064340915
avg	[0, 1.9952623149688786e-05]	0.0003758163868387581
