0	[2.4517358879792867e-05, 0]	0.01143326281319691
1	[2.4517358879792867e-05, 0]	0.025759859012355495
2	[2.4517358879792867e-05, 0]	0.03430040175295942
3	[2.4517358879792867e-05, 0]	0.04222050334723759
4	[2.4517358879792867e-05, 0]	0.01947617796031121
5	[2.4517358879792867e-05, 0]	0.030120229702126085
6	[2.4517358879792867e-05, 0]	0.0060860544017912474
7	[2.4517358879792867e-05, 0]	0.018095990071440325
8	[2.4517358879792867e-05, 0]	0.015993250745266252
9	[2.4517358879792867e-05, 0]	0.03707826525602815
10	[2.4517358879792867e-05, 0]	0.023049616713568467
11	[2.4517358879792867e-05, 0]	0.026618514026497946
12	[2.4517358879792867e-05, 0]	0.007592068614895087
13	[2.4517358879792867e-05, 0]	0.021340491466345306
14	[2.4517358879792867e-05, 0]	0.005074542186923807
15	[2.4517358879792867e-05, 0]	0.03009372559112439
16	[2.4517358879792867e-05, 0]	0.026769967107145458
17	[2.4517358879792867e-05, 0]	0.024183743764892504
18	[2.4517358879792867e-05, 0]	0.007970470228233495
19	[2.4517358879792867e-05, 0]	0.023089337675385877
20	[2.4517358879792867e-05, 0]	0.021084420326334494
21	[2.4517358879792867e-05, 0]	0.023236872681013064
22	[2.4517358879792867e-05, 0]	0.003983601959098654
23	[2.4517358879792867e-05, 0]	0.019558771415407027
24	[2.4517358879792867e-05, 0]	0.02046547080345308
25	[2.4517358879792867e-05, 0]	0.012286884787409724
26	[2.4517358879792867e-05, 0]	0.006649557677470762
27	[2.4517358879792867e-05, 0]	0.03203117081213192
28	[2.4517358879792867e-05, 0]	0.012261365317377579
29	[2.4517358879792867e-05, 0]	0.016928003647745025
avg	[2.4517358879792867e-05, 0]	0.0003824330250044096
0	[0, 2.4517358879792867e-05]	0.011401109711353496
1	[0, 2.4517358879792867e-05]	0.025620441193407447
2	[0, 2.4517358879792867e-05]	0.034209821613235054
3	[0, 2.4517358879792867e-05]	0.04209449808871492
4	[0, 2.4517358879792867e-05]	0.019586208925122032
5	[0, 2.4517358879792867e-05]	0.030093124985805214
6	[0, 2.4517358879792867e-05]	0.005942050483859082
7	[0, 2.4517358879792867e-05]	0.01796462701791845
8	[0, 2.4517358879792867e-05]	0.01598744624668451
9	[0, 2.4517358879792867e-05]	0.037204275557241026
10	[0, 2.4517358879792867e-05]	0.02298885496555584
11	[0, 2.4517358879792867e-05]	0.02651063360125705
12	[0, 2.4517358879792867e-05]	0.007476623208045717
13	[0, 2.4517358879792867e-05]	0.02133171643262632
14	[0, 2.4517358879792867e-05]	0.004940820079470092
15	[0, 2.4517358879792867e-05]	0.030060115412119066
16	[0, 2.4517358879792867e-05]	0.026909974465275235
17	[0, 2.4517358879792867e-05]	0.02405074260397084
18	[0, 2.4517358879792867e-05]	0.00792714207870539
19	[0, 2.4517358879792867e-05]	0.023055815683930246
20	[0, 2.4517358879792867e-05]	0.02122860731770202
21	[0, 2.4517358879792867e-05]	0.023312822444697956
22	[0, 2.4517358879792867e-05]	0.0040894840641797015
23	[0, 2.4517358879792867e-05]	0.019461696359187347
24	[0, 2.4517358879792867e-05]	0.020391091040554806
25	[0, 2.4517358879792867e-05]	0.012277422554779711
26	[0, 2.4517358879792867e-05]	0.006718039582305186
27	[0, 2.4517358879792867e-05]	0.03191108079483589
28	[0, 2.4517358879792867e-05]	0.012163896846211435
29	[0, 2.4517358879792867e-05]	0.016927700122120432
avg	[0, 2.4517358879792867e-05]	0.0003709175744876204
