0	[3.012640904060446e-05, 0]	0.011442579434631546
1	[3.012640904060446e-05, 0]	0.025790862054448513
2	[3.012640904060446e-05, 0]	0.034318041433902165
3	[3.012640904060446e-05, 0]	0.042250845499538815
4	[3.012640904060446e-05, 0]	0.019449753922131326
5	[3.012640904060446e-05, 0]	0.03012854625954148
6	[3.012640904060446e-05, 0]	0.006117131471342372
7	[3.012640904060446e-05, 0]	0.018125677184665626
8	[3.012640904060446e-05, 0]	0.015997423557434356
9	[3.012640904060446e-05, 0]	0.0370542495259557
10	[3.012640904060446e-05, 0]	0.02305501695634062
11	[3.012640904060446e-05, 0]	0.02664457213432735
12	[3.012640904060446e-05, 0]	0.007612511538116503
13	[3.012640904060446e-05, 0]	0.02134552536617476
14	[3.012640904060446e-05, 0]	0.005105899837974553
15	[3.012640904060446e-05, 0]	0.030103367216537145
16	[3.012640904060446e-05, 0]	0.026738924237169743
17	[3.012640904060446e-05, 0]	0.02421349127696229
18	[3.012640904060446e-05, 0]	0.007984412482570747
19	[3.012640904060446e-05, 0]	0.02309430232020021
20	[3.012640904060446e-05, 0]	0.021053472489236662
21	[3.012640904060446e-05, 0]	0.023227133408704297
22	[3.012640904060446e-05, 0]	0.003966068236513334
23	[3.012640904060446e-05, 0]	0.01958337570002932
24	[3.012640904060446e-05, 0]	0.020486481271953336
25	[3.012640904060446e-05, 0]	0.012290416563016738
26	[3.012640904060446e-05, 0]	0.006636704794812839
27	[3.012640904060446e-05, 0]	0.03206075495607802
28	[3.012640904060446e-05, 0]	0.012281647585500472
29	[3.012640904060446e-05, 0]	0.016929396191061964
avg	[3.012640904060446e-05, 0]	0.00038562311079059233
0	[0, 3.012640904060446e-05]	0.011402871898269327
1	[0, 3.012640904060446e-05]	0.025619552398081197
2	[0, 3.012640904060446e-05]	0.03420669000651374
3	[0, 3.012640904060446e-05]	0.042096011283169824
4	[0, 3.012640904060446e-05]	0.019584926564408727
5	[0, 3.012640904060446e-05]	0.030095163383156005
6	[0, 3.012640904060446e-05]	0.005940195481020185
7	[0, 3.012640904060446e-05]	0.017964253862362414
8	[0, 3.012640904060446e-05]	0.015990137257895127
9	[0, 3.012640904060446e-05]	0.03720906321059927
10	[0, 3.012640904060446e-05]	0.02298025286647271
11	[0, 3.012640904060446e-05]	0.026511990541642938
12	[0, 3.012640904060446e-05]	0.007470459926935842
13	[0, 3.012640904060446e-05]	0.021334637853862734
14	[0, 3.012640904060446e-05]	0.0049416133973841465
15	[0, 3.012640904060446e-05]	0.030061992907077607
16	[0, 3.012640904060446e-05]	0.02691096681958856
17	[0, 3.012640904060446e-05]	0.024050057218440717
18	[0, 3.012640904060446e-05]	0.007930918696733983
19	[0, 3.012640904060446e-05]	0.023053000702759754
20	[0, 3.012640904060446e-05]	0.021230650027216243
21	[0, 3.012640904060446e-05]	0.02332036005526451
22	[0, 3.012640904060446e-05]	0.004095742556038339
23	[0, 3.012640904060446e-05]	0.019464047819510607
24	[0, 3.012640904060446e-05]	0.02039500536737251
25	[0, 3.012640904060446e-05]	0.012278588504930323
26	[0, 3.012640904060446e-05]	0.006720547915495424
27	[0, 3.012640904060446e-05]	0.031913186841975784
28	[0, 3.012640904060446e-05]	0.012161764860563638
29	[0, 3.012640904060446e-05]	0.01692887777239127
avg	[0, 3.012640904060446e-05]	0.00036502192056831004
