0	[3.701869055846206e-05, 0]	0.011454137104351928
1	[3.701869055846206e-05, 0]	0.025828959969534115
2	[3.701869055846206e-05, 0]	0.03433974398604641
3	[3.701869055846206e-05, 0]	0.04228813257785561
4	[3.701869055846206e-05, 0]	0.019417306351893895
5	[3.701869055846206e-05, 0]	0.03013880811550805
6	[3.701869055846206e-05, 0]	0.006155328399311172
7	[3.701869055846206e-05, 0]	0.01816216554709895
8	[3.701869055846206e-05, 0]	0.01600263539894221
9	[3.701869055846206e-05, 0]	0.037024754448788555
10	[3.701869055846206e-05, 0]	0.023061704338126945
11	[3.701869055846206e-05, 0]	0.02667660603597834
12	[3.701869055846206e-05, 0]	0.007637735933324375
13	[3.701869055846206e-05, 0]	0.02135176881098648
14	[3.701869055846206e-05, 0]	0.005144438078198847
15	[3.701869055846206e-05, 0]	0.030115256113959713
16	[3.701869055846206e-05, 0]	0.026700781040437962
17	[3.701869055846206e-05, 0]	0.02425005129008531
18	[3.701869055846206e-05, 0]	0.00800168289483415
19	[3.701869055846206e-05, 0]	0.023100463121635172
20	[3.701869055846206e-05, 0]	0.021015460642809573
21	[3.701869055846206e-05, 0]	0.023215217858802647
22	[3.701869055846206e-05, 0]	0.0039447630081190215
23	[3.701869055846206e-05, 0]	0.01961363537031601
24	[3.701869055846206e-05, 0]	0.02051234606372607
25	[3.701869055846206e-05, 0]	0.012294867177185014
26	[3.701869055846206e-05, 0]	0.0066210842718383515
27	[3.701869055846206e-05, 0]	0.0320971125289314
28	[3.701869055846206e-05, 0]	0.012306625520413299
29	[3.701869055846206e-05, 0]	0.016931187627902244
avg	[3.701869055846206e-05, 0]	0.0003930264673542442
0	[0, 3.701869055846206e-05]	0.011405046209153903
1	[0, 3.701869055846206e-05]	0.025618464355739237
2	[0, 3.701869055846206e-05]	0.03420284461770904
3	[0, 3.701869055846206e-05]	0.04209787313295098
4	[0, 3.701869055846206e-05]	0.01958335610709817
5	[0, 3.701869055846206e-05]	0.030097671493141628
6	[0, 3.701869055846206e-05]	0.005937933170973892
7	[0, 3.701869055846206e-05]	0.017963801235489768
8	[0, 3.701869055846206e-05]	0.01599344998067089
9	[0, 3.701869055846206e-05]	0.03721494825766999
10	[0, 3.701869055846206e-05]	0.022969682872131747
11	[0, 3.701869055846206e-05]	0.02651366185291944
12	[0, 3.701869055846206e-05]	0.00746289379503212
13	[0, 3.701869055846206e-05]	0.02133823210811622
14	[0, 3.701869055846206e-05]	0.004942609551977343
15	[0, 3.701869055846206e-05]	0.03006430333356894
16	[0, 3.701869055846206e-05]	0.026912190115595522
17	[0, 3.701869055846206e-05]	0.024049219411167066
18	[0, 3.701869055846206e-05]	0.007935570314905679
19	[0, 3.701869055846206e-05]	0.0230495458063545
20	[0, 3.701869055846206e-05]	0.021233164831902906
21	[0, 3.701869055846206e-05]	0.023329623443308373
22	[0, 3.701869055846206e-05]	0.00410344560011072
23	[0, 3.701869055846206e-05]	0.01946694234924187
24	[0, 3.701869055846206e-05]	0.020399848843839247
25	[0, 3.701869055846206e-05]	0.012280029720608264
26	[0, 3.701869055846206e-05]	0.006723644667200751
27	[0, 3.701869055846206e-05]	0.03191577787694279
28	[0, 3.701869055846206e-05]	0.012159153317995088
29	[0, 3.701869055846206e-05]	0.016930331026599205
avg	[0, 3.701869055846206e-05]	0.0003579759523301618
