0	[4.548777947003778e-05, 0]	0.011468503904975244
1	[4.548777947003778e-05, 0]	0.0258757769379416
2	[4.548777947003778e-05, 0]	0.03436645274233196
3	[4.548777947003778e-05, 0]	0.042333955095999555
4	[4.548777947003778e-05, 0]	0.019377468462957834
5	[4.548777947003778e-05, 0]	0.030151481991802488
6	[4.548777947003778e-05, 0]	0.006202278914934083
7	[4.548777947003778e-05, 0]	0.018207015886459912
8	[4.548777947003778e-05, 0]	0.016009166875586314
9	[4.548777947003778e-05, 0]	0.0369885341398774
10	[4.548777947003778e-05, 0]	0.023069999610533944
11	[4.548777947003778e-05, 0]	0.0267159900548438
12	[4.548777947003778e-05, 0]	0.00766888743652366
13	[4.548777947003778e-05, 0]	0.02135952796204437
14	[4.548777947003778e-05, 0]	0.005191802827784757
15	[4.548777947003778e-05, 0]	0.030129927483187106
16	[4.548777947003778e-05, 0]	0.02665391395101609
17	[4.548777947003778e-05, 0]	0.02429498583143306
18	[4.548777947003778e-05, 0]	0.008023112109882297
19	[4.548777947003778e-05, 0]	0.023108124433862228
20	[4.548777947003778e-05, 0]	0.020968745025722085
21	[4.548777947003778e-05, 0]	0.023200654711321923
22	[4.548777947003778e-05, 0]	0.0039189516999724935
23	[4.548777947003778e-05, 0]	0.019650867508727306
24	[4.548777947003778e-05, 0]	0.02054414672293536
25	[4.548777947003778e-05, 0]	0.012300492347475739
26	[4.548777947003778e-05, 0]	0.0066021529309573685
27	[4.548777947003778e-05, 0]	0.03214179577437243
28	[4.548777947003778e-05, 0]	0.012337430661954769
29	[4.548777947003778e-05, 0]	0.016933510126819477
avg	[4.548777947003778e-05, 0]	0.0004071687978267934
0	[0, 4.548777947003778e-05]	0.011407731496694629
1	[0, 4.548777947003778e-05]	0.025617133569410352
2	[0, 4.548777947003778e-05]	0.0341981235078558
3	[0, 4.548777947003778e-05]	0.0421001646612218
4	[0, 4.548777947003778e-05]	0.019581434337341396
5	[0, 4.548777947003778e-05]	0.030100758493430024
6	[0, 4.548777947003778e-05]	0.00593517910839044
7	[0, 4.548777947003778e-05]	0.017963253964385244
8	[0, 4.548777947003778e-05]	0.015997529736371478
9	[0, 4.548777947003778e-05]	0.03722218281809657
10	[0, 4.548777947003778e-05]	0.02295669481196237
11	[0, 4.548777947003778e-05]	0.02651572146013046
12	[0, 4.548777947003778e-05]	0.00745360756282274
13	[0, 4.548777947003778e-05]	0.021342655403094688
14	[0, 4.548777947003778e-05]	0.004943865810546036
15	[0, 4.548777947003778e-05]	0.030067147469884255
16	[0, 4.548777947003778e-05]	0.02691369918181259
17	[0, 4.548777947003778e-05]	0.024048196545289675
18	[0, 4.548777947003778e-05]	0.00794130268896615
19	[0, 4.548777947003778e-05]	0.023045306685335516
20	[0, 4.548777947003778e-05]	0.021236262165057283
21	[0, 4.548777947003778e-05]	0.023341008107018998
22	[0, 4.548777947003778e-05]	0.004112942649082858
23	[0, 4.548777947003778e-05]	0.019470506790343543
24	[0, 4.548777947003778e-05]	0.02040579412410622
25	[0, 4.548777947003778e-05]	0.01228181351691343
26	[0, 4.548777947003778e-05]	0.006727471851014585
27	[0, 4.548777947003778e-05]	0.03191896646933888
28	[0, 4.548777947003778e-05]	0.012155956693310783
29	[0, 4.548777947003778e-05]	0.016932126087115983
avg	[0, 4.548777947003778e-05]	0.0003496397133852308
