0	[5.589441576403378e-05, 0]	0.011486405680321677
1	[5.589441576403378e-05, 0]	0.02593330922832991
2	[5.589441576403378e-05, 0]	0.034399333836663104
3	[5.589441576403378e-05, 0]	0.04239026827969498
4	[5.589441576403378e-05, 0]	0.0193285665281529
5	[5.589441576403378e-05, 0]	0.030167152382611986
6	[5.589441576403378e-05, 0]	0.006259992756728313
7	[5.589441576403378e-05, 0]	0.018262148315448257
8	[5.589441576403378e-05, 0]	0.016017384550797546
9	[5.589441576403378e-05, 0]	0.03694406164266662
10	[5.589441576403378e-05, 0]	0.023080310247087957
11	[5.589441576403378e-05, 0]	0.02676441652925536
12	[5.589441576403378e-05, 0]	0.0077073988381234325
13	[5.589441576403378e-05, 0]	0.021369193968722645
14	[5.589441576403378e-05, 0]	0.005250007798587769
15	[5.589441576403378e-05, 0]	0.03014804964600154
16	[5.589441576403378e-05, 0]	0.02659632840231818
17	[5.589441576403378e-05, 0]	0.02435021601656111
18	[5.589441576403378e-05, 0]	0.008049754935753715
19	[5.589441576403378e-05, 0]	0.02311767582926332
20	[5.589441576403378e-05, 0]	0.020911350175381267
21	[5.589441576403378e-05, 0]	0.02318287846820798
22	[5.589441576403378e-05, 0]	0.0038878019619566087
23	[5.589441576403378e-05, 0]	0.01969666056408423
24	[5.589441576403378e-05, 0]	0.020583325555425306
25	[5.589441576403378e-05, 0]	0.012307669774176369
26	[5.589441576403378e-05, 0]	0.006579290810383153
27	[5.589441576403378e-05, 0]	0.03219671337289376
28	[5.589441576403378e-05, 0]	0.012375432653991663
29	[5.589441576403378e-05, 0]	0.016936546916105886
avg	[5.589441576403378e-05, 0]	0.0004315068477860303
0	[0, 5.589441576403378e-05]	0.01141105155113374
1	[0, 5.589441576403378e-05]	0.025615507655519447
2	[0, 5.589441576403378e-05]	0.03419232838402406
3	[0, 5.589441576403378e-05]	0.04210298606866594
4	[0, 5.589441576403378e-05]	0.019579084952575293
5	[0, 5.589441576403378e-05]	0.030104559413812564
6	[0, 5.589441576403378e-05]	0.005931834009198774
7	[0, 5.589441576403378e-05]	0.01796259493944614
8	[0, 5.589441576403378e-05]	0.016002556661882366
9	[0, 5.589441576403378e-05]	0.03723107722998255
10	[0, 5.589441576403378e-05]	0.02294073554750673
11	[0, 5.589441576403378e-05]	0.02651826122148375
12	[0, 5.589441576403378e-05]	0.007442213312698055
13	[0, 5.589441576403378e-05]	0.021348100842007715
14	[0, 5.589441576403378e-05]	0.0049454580627923145
15	[0, 5.589441576403378e-05]	0.03007065003274655
16	[0, 5.589441576403378e-05]	0.026915562406367607
17	[0, 5.589441576403378e-05]	0.024046949657027014
18	[0, 5.589441576403378e-05]	0.007948371464210591
19	[0, 5.589441576403378e-05]	0.02304010708330108
20	[0, 5.589441576403378e-05]	0.02124007896057159
21	[0, 5.589441576403378e-05]	0.02335500036929382
22	[0, 5.589441576403378e-05]	0.004124629327505668
23	[0, 5.589441576403378e-05]	0.019474898325370825
24	[0, 5.589441576403378e-05]	0.020413103001296996
25	[0, 5.589441576403378e-05]	0.012284024818275764
26	[0, 5.589441576403378e-05]	0.006732207714819565
27	[0, 5.589441576403378e-05]	0.031922891764611494
28	[0, 5.589441576403378e-05]	0.012152047461324648
29	[0, 5.589441576403378e-05]	0.016934345906101756
avg	[0, 5.589441576403378e-05]	0.0003399239162324524
