0	[6.86818690646469e-05, 0]	0.011508775915221982
1	[6.86818690646469e-05, 0]	0.02600401057391271
2	[6.86818690646469e-05, 0]	0.03443983068076792
3	[6.86818690646469e-05, 0]	0.04245947592154994
4	[6.86818690646469e-05, 0]	0.0192685528555884
5	[6.86818690646469e-05, 0]	0.030186554055564054
6	[6.86818690646469e-05, 0]	0.006330942661859902
7	[6.86818690646469e-05, 0]	0.01832992562921674
8	[6.86818690646469e-05, 0]	0.01602777160495995
9	[6.86818690646469e-05, 0]	0.036889466685496815
10	[6.86818690646469e-05, 0]	0.023093157032995658
11	[6.86818690646469e-05, 0]	0.02682397034657178
12	[6.86818690646469e-05, 0]	0.007755067459729177
13	[6.86818690646469e-05, 0]	0.021381269972275737
14	[6.86818690646469e-05, 0]	0.00532156369006021
15	[6.86818690646469e-05, 0]	0.030170459891329382
16	[6.86818690646469e-05, 0]	0.02652557418103356
17	[6.86818690646469e-05, 0]	0.024418105049327142
18	[6.86818690646469e-05, 0]	0.008082958028472902
19	[6.86818690646469e-05, 0]	0.023129619485648924
20	[6.86818690646469e-05, 0]	0.020840837211046005
21	[6.86818690646469e-05, 0]	0.02316121495543648
22	[6.86818690646469e-05, 0]	0.0038503983416851677
23	[6.86818690646469e-05, 0]	0.019753054093254153
24	[6.86818690646469e-05, 0]	0.020631564532332447
25	[6.86818690646469e-05, 0]	0.01231686915915209
26	[6.86818690646469e-05, 0]	0.006551809152157381
27	[6.86818690646469e-05, 0]	0.032264212638764354
28	[6.86818690646469e-05, 0]	0.012422352214309563
29	[6.86818690646469e-05, 0]	0.016940554545142757
avg	[6.86818690646469e-05, 0]	0.0004703342690934896
0	[0, 6.86818690646469e-05]	0.011415161983629638
1	[0, 6.86818690646469e-05]	0.025613523854221203
2	[0, 6.86818690646469e-05]	0.03418521663729441
3	[0, 6.86818690646469e-05]	0.042106461447438584
4	[0, 6.86818690646469e-05]	0.019576216272537535
5	[0, 6.86818690646469e-05]	0.03010924149561751
6	[0, 6.86818690646469e-05]	0.005927782661351491
7	[0, 6.86818690646469e-05]	0.01796180545422943
8	[0, 6.86818690646469e-05]	0.01600875447048566
9	[0, 6.86818690646469e-05]	0.037242013642679914
10	[0, 6.86818690646469e-05]	0.02292112542669065
11	[0, 6.86818690646469e-05]	0.0265213955506749
12	[0, 6.86818690646469e-05]	0.00742823729137729
13	[0, 6.86818690646469e-05]	0.02135480745265557
14	[0, 6.86818690646469e-05]	0.004947487879772637
15	[0, 6.86818690646469e-05]	0.030074965603010838
16	[0, 6.86818690646469e-05]	0.02691786535660484
17	[0, 6.86818690646469e-05]	0.024045432589834437
18	[0, 6.86818690646469e-05]	0.007957095003865005
19	[0, 6.86818690646469e-05]	0.023033732034602634
20	[0, 6.86818690646469e-05]	0.02124478534395135
21	[0, 6.86818690646469e-05]	0.023372198329689668
22	[0, 6.86818690646469e-05]	0.004139033147849955
23	[0, 6.86818690646469e-05]	0.01948031208974579
24	[0, 6.86818690646469e-05]	0.020422099497323164
25	[0, 6.86818690646469e-05]	0.012286771310002368
26	[0, 6.86818690646469e-05]	0.006738076916780741
27	[0, 6.86818690646469e-05]	0.03192772598247073
28	[0, 6.86818690646469e-05]	0.012147272161713013
29	[0, 6.86818690646469e-05]	0.016937094833591616
avg	[0, 6.86818690646469e-05]	0.00032886039522554597
