0	[8.439481965654006e-05, 0]	0.011536823717269955
1	[8.439481965654006e-05, 0]	0.026090897200352275
2	[8.439481965654006e-05, 0]	0.0344897326422685
3	[8.439481965654006e-05, 0]	0.042544533624560836
4	[8.439481965654006e-05, 0]	0.019194925079933565
5	[8.439481965654006e-05, 0]	0.030210614778569556
6	[8.439481965654006e-05, 0]	0.006418171616510399
7	[8.439481965654006e-05, 0]	0.01841325642359558
8	[8.439481965654006e-05, 0]	0.016040971020672538
9	[8.439481965654006e-05, 0]	0.036822460284406465
10	[8.439481965654006e-05, 0]	0.023109210132872617
11	[8.439481965654006e-05, 0]	0.026897221389399404
12	[8.439481965654006e-05, 0]	0.007814155300839516
13	[8.439481965654006e-05, 0]	0.021396408088718143
14	[8.439481965654006e-05, 0]	0.005409519742039032
15	[8.439481965654006e-05, 0]	0.030198211220857002
16	[8.439481965654006e-05, 0]	0.02643864154093189
17	[8.439481965654006e-05, 0]	0.024501560614812578
18	[8.439481965654006e-05, 0]	0.00812445057261192
19	[8.439481965654006e-05, 0]	0.02314460781119989
20	[8.439481965654006e-05, 0]	0.020754211395494347
21	[8.439481965654006e-05, 0]	0.023134867176090788
22	[8.439481965654006e-05, 0]	0.00380579806279956
23	[8.439481965654006e-05, 0]	0.01982247296228298
24	[8.439481965654006e-05, 0]	0.02069102661776417
25	[8.439481965654006e-05, 0]	0.012328745493907426
26	[8.439481965654006e-05, 0]	0.0065189743648375546
27	[8.439481965654006e-05, 0]	0.032347180837994816
28	[8.439481965654006e-05, 0]	0.012480340393185038
29	[8.439481965654006e-05, 0]	0.016945895594903993
avg	[8.439481965654006e-05, 0]	0.0005283149361091851
0	[0, 8.439481965654006e-05]	0.011420259280001356
1	[0, 8.439481965654006e-05]	0.025611107476477442
2	[0, 8.439481965654006e-05]	0.034176491741062125
3	[0, 8.439481965654006e-05]	0.04211074473976133
4	[0, 8.439481965654006e-05]	0.01957271878384098
5	[0, 8.439481965654006e-05]	0.030115012232114255
6	[0, 8.439481965654006e-05]	0.005922893779157659
7	[0, 8.439481965654006e-05]	0.01796086602261174
8	[0, 8.439481965654006e-05]	0.01601640161915628
9	[0, 8.439481965654006e-05]	0.03725546285790772
10	[0, 8.439481965654006e-05]	0.02289702935710063
11	[0, 8.439481965654006e-05]	0.026525267360913193
12	[0, 8.439481965654006e-05]	0.00741110180378943
13	[0, 8.439481965654006e-05]	0.021363071579908296
14	[0, 8.439481965654006e-05]	0.004950092599088348
15	[0, 8.439481965654006e-05]	0.03008028613527175
16	[0, 8.439481965654006e-05]	0.026920715490087777
17	[0, 8.439481965654006e-05]	0.024043591227455266
18	[0, 8.439481965654006e-05]	0.00796787085512906
19	[0, 8.439481965654006e-05]	0.02302591983550539
20	[0, 8.439481965654006e-05]	0.021250593172781586
21	[0, 8.439481965654006e-05]	0.023393337696561295
22	[0, 8.439481965654006e-05]	0.0041567972209068625
23	[0, 8.439481965654006e-05]	0.01948699086548215
24	[0, 8.439481965654006e-05]	0.02043318435762974
25	[0, 8.439481965654006e-05]	0.012290190337879368
26	[0, 8.439481965654006e-05]	0.006745363971229238
27	[0, 8.439481965654006e-05]	0.031933682614605684
28	[0, 8.439481965654006e-05]	0.012141447128357748
29	[0, 8.439481965654006e-05]	0.016940504743480928
avg	[0, 8.439481965654006e-05]	0.0003167269682724826
