0	[0.00010370255908667645, 0]	0.011572127151739038
1	[0.00010370255908667645, 0]	0.02619767705539792
2	[0.00010370255908667645, 0]	0.03455126201767012
3	[0.00010370255908667645, 0]	0.042649075967203735
4	[0.00010370255908667645, 0]	0.019104629624371327
5	[0.00010370255908667645, 0]	0.030240511996741565
6	[0.00010370255908667645, 0]	0.0065254250945046555
7	[0.00010370255908667645, 0]	0.01851572221794413
8	[0.00010370255908667645, 0]	0.01605784688087124
9	[0.00010370255908667645, 0]	0.036740243767265986
10	[0.00010370255908667645, 0]	0.023129338493545197
11	[0.00010370255908667645, 0]	0.026987339391892802
12	[0.00010370255908667645, 0]	0.007887519048776975
13	[0.00010370255908667645, 0]	0.021415460543085137
14	[0.00010370255908667645, 0]	0.0055176406438958514
15	[0.00010370255908667645, 0]	0.030232633823521596
16	[0.00010370255908667645, 0]	0.026331833745178203
17	[0.00010370255908667645, 0]	0.024604161285309744
18	[0.00010370255908667645, 0]	0.008176466330076706
19	[0.00010370255908667645, 0]	0.02316349562760704
20	[0.00010370255908667645, 0]	0.020647799072965045
21	[0.00010370255908667645, 0]	0.023102903526530397
22	[0.00010370255908667645, 0]	0.0037531424221517945
23	[0.00010370255908667645, 0]	0.01990798479025906
24	[0.00010370255908667645, 0]	0.02076435225392602
25	[0.00010370255908667645, 0]	0.012344200494756924
26	[0.00010370255908667645, 0]	0.006480059730492377
27	[0.00010370255908667645, 0]	0.03244917014956273
28	[0.00010370255908667645, 0]	0.012552091041782792
29	[0.00010370255908667645, 0]	0.01695308691811032
avg	[0.00010370255908667645, 0]	0.0006101043497087219
0	[0, 0.00010370255908667645]	0.01142659282057479
1	[0, 0.00010370255908667645]	0.02560817041532912
2	[0, 0.00010370255908667645]	0.034165791728002874
3	[0, 0.00010370255908667645]	0.042116027310358885
4	[0, 0.00010370255908667645]	0.019568462666891846
5	[0, 0.00010370255908667645]	0.030122129589045053
6	[0, 0.00010370255908667645]	0.005917021638969832
7	[0, 0.00010370255908667645]	0.017959757986458876
8	[0, 0.00010370255908667645]	0.016025845634701413
9	[0, 0.00010370255908667645]	0.037272005232212975
10	[0, 0.00010370255908667645]	0.0228674212702886
11	[0, 0.00010370255908667645]	0.02653005576709988
12	[0, 0.00010370255908667645]	0.007390103786119426
13	[0, 0.00010370255908667645]	0.021373261332214896
14	[0, 0.00010370255908667645]	0.0049534598329766385
15	[0, 0.00010370255908667645]	0.03008685052945251
16	[0, 0.00010370255908667645]	0.026924248340499075
17	[0, 0.00010370255908667645]	0.02404136300024899
18	[0, 0.00010370255908667645]	0.007981197027581453
19	[0, 0.00010370255908667645]	0.023016352603458384
20	[0, 0.00010370255908667645]	0.021257767010850696
21	[0, 0.00010370255908667645]	0.023419323658850088
22	[0, 0.00010370255908667645]	0.004178722243112826
23	[0, 0.00010370255908667645]	0.0194952375047098
24	[0, 0.00010370255908667645]	0.020446827848824182
25	[0, 0.00010370255908667645]	0.012294458243374294
26	[0, 0.00010370255908667645]	0.006754431175235703
27	[0, 0.00010370255908667645]	0.031941026818232174
28	[0, 0.00010370255908667645]	0.012134354098483211
29	[0, 0.00010370255908667645]	0.016944743185471935
avg	[0, 0.00010370255908667645]	0.0003042447805279287
