0	[-0.0005389878153085527, 0]	0.010933357513558693
1	[-0.0005389878153085527, 0]	0.022653844572322192
2	[-0.0005389878153085527, 0]	0.03263531285589445
3	[-0.0005389878153085527, 0]	0.039185446974288635
4	[-0.0005389878153085527, 0]	0.022201365647729725
5	[-0.0005389878153085527, 0]	0.029447633588936716
6	[-0.0005389878153085527, 0]	0.0030409326826728827
7	[-0.0005389878153085527, 0]	0.015155770262459454
8	[-0.0005389878153085527, 0]	0.015893461424956318
9	[-0.0005389878153085527, 0]	0.03954305722304886
10	[-0.0005389878153085527, 0]	0.02270333236614024
11	[-0.0005389878153085527, 0]	0.024059530642491472
12	[-0.0005389878153085527, 0]	0.006051284620115261
13	[-0.0005389878153085527, 0]	0.021054442448775013
14	[-0.0005389878153085527, 0]	0.001989339217143984
15	[-0.0005389878153085527, 0]	0.029284276643303304
16	[-0.0005389878153085527, 0]	0.029894016234214605
17	[-0.0005389878153085527, 0]	0.021224593909229747
18	[-0.0005389878153085527, 0]	0.007170061617257481
19	[-0.0005389878153085527, 0]	0.022819118821624813
20	[-0.0005389878153085527, 0]	0.024205046572392613
21	[-0.0005389878153085527, 0]	0.024399668764586047
22	[-0.0005389878153085527, 0]	0.006328366263550413
23	[-0.0005389878153085527, 0]	0.017205144648881118
24	[-0.0005389878153085527, 0]	0.018496748417155186
25	[-0.0005389878153085527, 0]	0.012349849236133206
26	[-0.0005389878153085527, 0]	0.008460157692469408
27	[-0.0005389878153085527, 0]	0.029080458524643655
28	[-0.0005389878153085527, 0]	0.010516913746551686
29	[-0.0005389878153085527, 0]	0.017086903970141204
avg	[-0.0005389878153085527, 0]	0.0031771878972674285
0	[0, -0.0005389878153085527]	0.011257959517073013
1	[0, -0.0005389878153085527]	0.025724898874532293
2	[0, -0.0005389878153085527]	0.03453425151369937
3	[0, -0.0005389878153085527]	0.04195169854838775
4	[0, -0.0005389878153085527]	0.01973457199266639
5	[0, -0.0005389878153085527]	0.029900971359662774
6	[0, -0.0005389878153085527]	0.006189692922799096
7	[0, -0.0005389878153085527]	0.01802401067142691
8	[0, -0.0005389878153085527]	0.01574005366279044
9	[0, -0.0005389878153085527]	0.0367311374693201
10	[0, -0.0005389878153085527]	0.02385335380250667
11	[0, -0.0005389878153085527]	0.026389018025300578
12	[0, -0.0005389878153085527]	0.008120394634079976
13	[0, -0.0005389878153085527]	0.021055097668700236
14	[0, -0.0005389878153085527]	0.004941232030547483
15	[0, -0.0005389878153085527]	0.029884231832331406
16	[0, -0.0005389878153085527]	0.026824891460185164
17	[0, -0.0005389878153085527]	0.024135847791537848
18	[0, -0.0005389878153085527]	0.007590615831071229
19	[0, -0.0005389878153085527]	0.02335365769801782
20	[0, -0.0005389878153085527]	0.021041307831681098
21	[0, -0.0005389878153085527]	0.02256069682079652
22	[0, -0.0005389878153085527]	0.003517151125680183
23	[0, -0.0005389878153085527]	0.01924469335345709
24	[0, -0.0005389878153085527]	0.020012530284413268
25	[0, -0.0005389878153085527]	0.012192272371141713
26	[0, -0.0005389878153085527]	0.006522171733767044
27	[0, -0.0005389878153085527]	0.03171137338263375
28	[0, -0.0005389878153085527]	0.012408002515979564
29	[0, -0.0005389878153085527]	0.016832550595397743
avg	[0, -0.0005389878153085527]	0.0011780977098275517
