0	[0.00012742749857031348, 0]	0.011616762155814607
1	[0.00012742749857031348, 0]	0.026328908853597476
2	[0.00012742749857031348, 0]	0.03462718472633208
3	[0.00012742749857031348, 0]	0.04277757320435706
4	[0.00012742749857031348, 0]	0.01899394728614631
5	[0.00012742749857031348, 0]	0.030277748708241573
6	[0.00012742749857031348, 0]	0.006657314085154463
7	[0.00012742749857031348, 0]	0.01864173495209556
8	[0.00012742749857031348, 0]	0.016079571945482672
9	[0.00012742749857031348, 0]	0.036639399565393665
10	[0.00012742749857031348, 0]	0.023154678143949885
11	[0.00012742749857031348, 0]	0.02709823690588554
12	[0.00012742749857031348, 0]	0.007978779105560376
13	[0.00012742749857031348, 0]	0.021439550999687085
14	[0.00012742749857031348, 0]	0.005650558123408778
15	[0.00012742749857031348, 0]	0.030275416626912195
16	[0.00012742749857031348, 0]	0.02620061075672986
17	[0.00012742749857031348, 0]	0.024730312691739514
18	[0.00012742749857031348, 0]	0.008241908338164227
19	[0.00012742749857031348, 0]	0.023187413184919053
20	[0.00012742749857031348, 0]	0.02051708510949503
21	[0.00012742749857031348, 0]	0.023064251883548343
22	[0.00012742749857031348, 0]	0.003691806863752849
23	[0.00012742749857031348, 0]	0.02001337068051185
24	[0.00012742749857031348, 0]	0.020854837110669815
25	[0.00012742749857031348, 0]	0.0123644872500609
26	[0.00012742749857031348, 0]	0.006434444132782102
27	[0.00012742749857031348, 0]	0.03257455189124138
28	[0.00012742749857031348, 0]	0.01264099752830822
29	[0.00012742749857031348, 0]	0.01696287097773774
avg	[0.00012742749857031348, 0]	0.0007205285506229571
0	[0, 0.00012742749857031348]	0.011434480992428372
1	[0, 0.00012742749857031348]	0.02560460995064639
2	[0, 0.00012742749857031348]	0.03415267544790943
3	[0, 0.00012742749857031348]	0.04212254762924622
4	[0, 0.00012742749857031348]	0.01956329558037882
5	[0, 0.00012742749857031348]	0.030130915076435165
6	[0, 0.00012742749857031348]	0.005909999013466866
7	[0, 0.00012742749857031348]	0.017958466402838814
8	[0, 0.00012742749857031348]	0.016037521623505763
9	[0, 0.00012742749857031348]	0.03729235667470079
10	[0, 0.00012742749857031348]	0.02283104046975684
11	[0, 0.00012742749857031348]	0.026535986150285986
12	[0, 0.00012742749857031348]	0.007364389752982625
13	[0, 0.00012742749857031348]	0.02138583500559253
14	[0, 0.00012742749857031348]	0.004957848459170885
15	[0, 0.00012742749857031348]	0.03009495691025597
16	[0, 0.00012742749857031348]	0.026928635717453596
17	[0, 0.00012742749857031348]	0.024038676956723584
18	[0, 0.00012742749857031348]	0.00799769968842087
19	[0, 0.00012742749857031348]	0.02300464532087058
20	[0, 0.00012742749857031348]	0.021266638334655485
21	[0, 0.00012742749857031348]	0.02345127024312734
22	[0, 0.00012742749857031348]	0.004205807683144739
23	[0, 0.00012742749857031348]	0.019505430965888488
24	[0, 0.00012742749857031348]	0.02046364938517725
25	[0, 0.00012742749857031348]	0.0122997922996665
26	[0, 0.00012742749857031348]	0.006765742724139063
27	[0, 0.00012742749857031348]	0.0319500886699731
28	[0, 0.00012742749857031348]	0.012125736118466235
29	[0, 0.00012742749857031348]	0.016950024342192595
avg	[0, 0.00012742749857031348]	0.00029282494386075373
