0	[0.00015658019951383673, 0]	0.011673481343518501
1	[0.00015658019951383673, 0]	0.026490197863250426
2	[0.00015658019951383673, 0]	0.03472095196137322
3	[0.00015658019951383673, 0]	0.042935524464849974
4	[0.00015658019951383673, 0]	0.018858359383800826
5	[0.00015658019951383673, 0]	0.030324255974288856
6	[0.00015658019951383673, 0]	0.006819516002172735
7	[0.00015658019951383673, 0]	0.01879673194809206
8	[0.00015658019951383673, 0]	0.016107753416948176
9	[0.00015658019951383673, 0]	0.036515761027629975
10	[0.00015658019951383673, 0]	0.02318672743197393
11	[0.00015658019951383673, 0]	0.02723474761681402
12	[0.00015658019951383673, 0]	0.008092539185691638
13	[0.00015658019951383673, 0]	0.021470174858159923
14	[0.00015658019951383673, 0]	0.005813972180305664
15	[0.00015658019951383673, 0]	0.030328716436727302
16	[0.00015658019951383673, 0]	0.026039397657267753
17	[0.00015658019951383673, 0]	0.02488544062881075
18	[0.00015658019951383673, 0]	0.008324571149269003
19	[0.00015658019951383673, 0]	0.02321786913116686
20	[0.00015658019951383673, 0]	0.020356522233084397
21	[0.00015658019951383673, 0]	0.023017705476333694
22	[0.00015658019951383673, 0]	0.003621762429561114
23	[0.00015658019951383673, 0]	0.020143326170573243
24	[0.00015658019951383673, 0]	0.0209666024294706
25	[0.00015658019951383673, 0]	0.012391362196310401
26	[0.00015658019951383673, 0]	0.006381789173104719
27	[0.00015658019951383673, 0]	0.03272870700628972
28	[0.00015658019951383673, 0]	0.012751323686505282
29	[0.00015658019951383673, 0]	0.016976321534081185
avg	[0.00015658019951383673, 0]	0.0008650556377138457
0	[0, 0.00015658019951383673]	0.011444332998628352
1	[0, 0.00015658019951383673]	0.025600308239082426
2	[0, 0.00015658019951383673]	0.03413660631386048
3	[0, 0.00015658019951383673]	0.04213060373940963
4	[0, 0.00015658019951383673]	0.01955704118530177
5	[0, 0.00015658019951383673]	0.030141770583127964
6	[0, 0.00015658019951383673]	0.005901694649859516
7	[0, 0.00015658019951383673]	0.017956984969073855
8	[0, 0.00015658019951383673]	0.01605197637296887
9	[0, 0.00015658019951383673]	0.03731740106267177
10	[0, 0.00015658019951383673]	0.022786338013024793
11	[0, 0.00015658019951383673]	0.02654334342860339
12	[0, 0.00015658019951383673]	0.007332927007740407
13	[0, 0.00015658019951383673]	0.021401364731414036
14	[0, 0.00015658019951383673]	0.004963619128477673
15	[0, 0.00015658019951383673]	0.030104978495842365
16	[0, 0.00015658019951383673]	0.026934096684590975
17	[0, 0.00015658019951383673]	0.024035454876415497
18	[0, 0.00015658019951383673]	0.008018169477687975
19	[0, 0.00015658019951383673]	0.022990333350311885
20	[0, 0.00015658019951383673]	0.021277624074788875
21	[0, 0.00015658019951383673]	0.02349055586982931
22	[0, 0.00015658019951383673]	0.004239303557505267
23	[0, 0.00015658019951383673]	0.01951804717318938
24	[0, 0.00015658019951383673]	0.02048437691701386
25	[0, 0.00015658019951383673]	0.012306511589311972
26	[0, 0.00015658019951383673]	0.006779897434179535
27	[0, 0.00015658019951383673]	0.03196128017823615
28	[0, 0.00015658019951383673]	0.012115294491243855
29	[0, 0.00015658019951383673]	0.016956623907530433
avg	[0, 0.00015658019951383673]	0.0002847622946877878
