0	[0.00019240241827602392, 0]	0.01174596246863494
1	[0.00019240241827602392, 0]	0.026688436985270673
2	[0.00019240241827602392, 0]	0.03483688249411024
3	[0.00019240241827602392, 0]	0.043129696084825773
4	[0.00019240241827602392, 0]	0.01869239417420732
5	[0.00019240241827602392, 0]	0.03038253263052235
6	[0.00019240241827602392, 0]	0.007019022106234393
7	[0.00019240241827602392, 0]	0.018987417492477385
8	[0.00019240241827602392, 0]	0.016144614186487032
9	[0.00019240241827602392, 0]	0.036364258709901884
10	[0.00019240241827602392, 0]	0.023227480826432362
11	[0.00019240241827602392, 0]	0.02740284921951908
12	[0.00019240241827602392, 0]	0.00823467059576445
13	[0.00019240241827602392, 0]	0.021509341232365392
14	[0.00019240241827602392, 0]	0.0060149061288069915
15	[0.00019240241827602392, 0]	0.030395305251313745
16	[0.00019240241827602392, 0]	0.025841350021737555
17	[0.00019240241827602392, 0]	0.025076230029347158
18	[0.00019240241827602392, 0]	0.008429439660854464
19	[0.00019240241827602392, 0]	0.023256896698509385
20	[0.00019240241827602392, 0]	0.020159368737283603
21	[0.00019240241827602392, 0]	0.022961950300534783
22	[0.00019240241827602392, 0]	0.003544225196933432
23	[0.00019240241827602392, 0]	0.020303719841883328
24	[0.00019240241827602392, 0]	0.021104790425457823
25	[0.00019240241827602392, 0]	0.012427305978016596
26	[0.00019240241827602392, 0]	0.006322345272165784
27	[0.00019240241827602392, 0]	0.032918261527081126
28	[0.00019240241827602392, 0]	0.012888476713123672
29	[0.00019240241827602392, 0]	0.01699500033596353
avg	[0.00019240241827602392, 0]	0.0010502618792429435
0	[0, 0.00019240241827602392]	0.011456678662266502
1	[0, 0.00019240241827602392]	0.02559513313709053
2	[0, 0.00019240241827602392]	0.03411693328917119
3	[0, 0.00019240241827602392]	0.04214056943517449
4	[0, 0.00019240241827602392]	0.019549499218998442
5	[0, 0.00019240241827602392]	0.030155200223971487
6	[0, 0.00019240241827602392]	0.005891960951142407
7	[0, 0.00019240241827602392]	0.017955324155077036
8	[0, 0.00019240241827602392]	0.016069899995240167
9	[0, 0.00019240241827602392]	0.03734823077809109
10	[0, 0.00019240241827602392]	0.02273141085891294
11	[0, 0.00019240241827602392]	0.02655248972491536
12	[0, 0.00019240241827602392]	0.007294471407010829
13	[0, 0.00019240241827602392]	0.0214205670452862
14	[0, 0.00019240241827602392]	0.004971278743064409
15	[0, 0.00019240241827602392]	0.030117384270234544
16	[0, 0.00019240241827602392]	0.026940912408467053
17	[0, 0.00019240241827602392]	0.02403161418682624
18	[0, 0.00019240241827602392]	0.008043609478839208
19	[0, 0.00019240241827602392]	0.02297285857943721
20	[0, 0.00019240241827602392]	0.021291251027618342
21	[0, 0.00019240241827602392]	0.02353885603101778
22	[0, 0.00019240241827602392]	0.004280776640123356
23	[0, 0.00019240241827602392]	0.019533686373040027
24	[0, 0.00019240241827602392]	0.020509993924053158
25	[0, 0.00019240241827602392]	0.01231499669775089
26	[0, 0.00019240241827602392]	0.006797673499170598
27	[0, 0.00019240241827602392]	0.031975117280074065
28	[0, 0.00019240241827602392]	0.012102688036823307
29	[0, 0.00019240241827602392]	0.016964899494692934
avg	[0, 0.00019240241827602392]	0.00028339769149668414
