0	[0.00023641999865500757, 0]	0.011839153285806066
1	[0.00023641999865500757, 0]	0.026932103674944516
2	[0.00023641999865500757, 0]	0.03498039866667845
3	[0.00023641999865500757, 0]	0.04336841580847083
4	[0.00023641999865500757, 0]	0.018489455998948003
5	[0.00023641999865500757, 0]	0.030455837236074403
6	[0.00023641999865500757, 0]	0.007264441904254835
7	[0.00023641999865500757, 0]	0.019222062373274423
8	[0.00023641999865500757, 0]	0.016193254462035196
9	[0.00023641999865500757, 0]	0.036178741348273175
10	[0.00023641999865500757, 0]	0.02327961807350728
11	[0.00023641999865500757, 0]	0.027609942570875987
12	[0.00023641999865500757, 0]	0.008412677615097895
13	[0.00023641999865500757, 0]	0.02155977499849961
14	[0.00023641999865500757, 0]	0.006261960495777507
15	[0.00023641999865500757, 0]	0.030478770694495044
16	[0.00023641999865500757, 0]	0.02559806689421378
17	[0.00023641999865500757, 0]	0.025310920939687946
18	[0.00023641999865500757, 0]	0.008563087753601683
19	[0.00023641999865500757, 0]	0.023307262331955094
20	[0.00023641999865500757, 0]	0.01991725949089545
21	[0.00023641999865500757, 0]	0.02289562994239598
22	[0.00023641999865500757, 0]	0.003462700618261131
23	[0.00023641999865500757, 0]	0.02050181161001468
24	[0.00023641999865500757, 0]	0.0212758782621635
25	[0.00023641999865500757, 0]	0.01247584401559578
26	[0.00023641999865500757, 0]	0.006257467130890636
27	[0.00023641999865500757, 0]	0.033151377880195114
28	[0.00023641999865500757, 0]	0.013059369802493044
29	[0.00023641999865500757, 0]	0.017021189314191228
avg	[0.00023641999865500757, 0]	0.0012843080424989489
0	[0, 0.00023641999865500757]	0.011472209527731638
1	[0, 0.00023641999865500757]	0.025588941405195745
2	[0, 0.00023641999865500757]	0.034092868981586526
3	[0, 0.00023641999865500757]	0.0421529154344561
4	[0, 0.00023641999865500757]	0.01954044844620537
5	[0, 0.00023641999865500757]	0.03017183892991012
6	[0, 0.00023641999865500757]	0.005880714393904714
7	[0, 0.00023641999865500757]	0.01795352433869293
8	[0, 0.00023641999865500757]	0.016092167834348484
9	[0, 0.00023641999865500757]	0.037386197572614424
10	[0, 0.00023641999865500757]	0.022663920998406015
11	[0, 0.00023641999865500757]	0.026563888122719245
12	[0, 0.00023641999865500757]	0.00724753273867737
13	[0, 0.00023641999865500757]	0.02144434270810056
14	[0, 0.00023641999865500757]	0.004981545404857348
15	[0, 0.00023641999865500757]	0.030132766148588452
16	[0, 0.00023641999865500757]	0.02694944645081337
17	[0, 0.00023641999865500757]	0.02402707389034359
18	[0, 0.00023641999865500757]	0.008075299030672266
19	[0, 0.00023641999865500757]	0.022951554657028053
20	[0, 0.00023641999865500757]	0.021308188292798413
21	[0, 0.00023641999865500757]	0.0235982590659035
22	[0, 0.00023641999865500757]	0.004332193810782158
23	[0, 0.00023641999865500757]	0.019553109321887967
24	[0, 0.00023641999865500757]	0.020541603804695205
25	[0, 0.00023641999865500757]	0.012325767438938161
26	[0, 0.00023641999865500757]	0.006820090130142151
27	[0, 0.00023641999865500757]	0.03199224851199549
28	[0, 0.00023641999865500757]	0.012087536774465965
29	[0, 0.00023641999865500757]	0.01697531890419828
avg	[0, 0.00023641999865500757]	0.00029391378281081815
