0	[0.0002905078650510861, 0]	0.0119597478305871
1	[0.0002905078650510861, 0]	0.027231625720518293
2	[0.0002905078650510861, 0]	0.03515833360664543
3	[0.0002905078650510861, 0]	0.043661936193832775
4	[0.0002905078650510861, 0]	0.01824164514230228
5	[0.0002905078650510861, 0]	0.03054845362584661
6	[0.0002905078650510861, 0]	0.007566377166510685
7	[0.0002905078650510861, 0]	0.01951087638588862
8	[0.0002905078650510861, 0]	0.01625802916585422
9	[0.0002905078650510861, 0]	0.03595177150909614
10	[0.0002905078650510861, 0]	0.02334677283774427
11	[0.0002905078650510861, 0]	0.027865201995347037
12	[0.0002905078650510861, 0]	0.008636161747733587
13	[0.0002905078650510861, 0]	0.021625205332350385
14	[0.0002905078650510861, 0]	0.006565756040556115
15	[0.0002905078650510861, 0]	0.030583790630264705
16	[0.0002905078650510861, 0]	0.02529924021466562
17	[0.0002905078650510861, 0]	0.02559967533948321
18	[0.0002905078650510861, 0]	0.00873420293787159
19	[0.0002905078650510861, 0]	0.023372764475236923
20	[0.0002905078650510861, 0]	0.019620018871169025
21	[0.0002905078650510861, 0]	0.02281747335836149
22	[0.0002905078650510861, 0]	0.0033847728619090496
23	[0.0002905078650510861, 0]	0.020746710046974
24	[0.0002905078650510861, 0]	0.02148798443613689
25	[0.0002905078650510861, 0]	0.01254200760393385
26	[0.0002905078650510861, 0]	0.006190462456734639
27	[0.0002905078650510861, 0]	0.0334381155724705
28	[0.0002905078650510861, 0]	0.013272732433308747
29	[0.0002905078650510861, 0]	0.017058233942480506
avg	[0.0002905078650510861, 0]	0.0015772722341283096
0	[0, 0.0002905078650510861]	0.011491836014112765
1	[0, 0.0002905078650510861]	0.025581585963440533
2	[0, 0.0002905078650510861]	0.03406346494170626
3	[0, 0.0002905078650510861]	0.042168237340089516
4	[0, 0.0002905078650510861]	0.01952965462081295
5	[0, 0.0002905078650510861]	0.030192490196963472
6	[0, 0.0002905078650510861]	0.005867979177910026
7	[0, 0.0002905078650510861]	0.01795167669150403
8	[0, 0.0002905078650510861]	0.01611989645411817
9	[0, 0.0002905078650510861]	0.037432976644422564
10	[0, 0.0002905078650510861]	0.022580996160645284
11	[0, 0.0002905078650510861]	0.02657813493117843
12	[0, 0.0002905078650510861]	0.007190340183887412
13	[0, 0.0002905078650510861]	0.021473829005123225
14	[0, 0.0002905078650510861]	0.0049954432224590456
15	[0, 0.0002905078650510861]	0.030151875004614265
16	[0, 0.0002905078650510861]	0.0269601727811893
17	[0, 0.0002905078650510861]	0.02402176538947916
18	[0, 0.0002905078650510861]	0.008114879140642838
19	[0, 0.0002905078650510861]	0.022925632296550816
20	[0, 0.0002905078650510861]	0.02132929078384321
21	[0, 0.0002905078650510861]	0.02367133140008769
22	[0, 0.0002905078650510861]	0.0043960516397774626
23	[0, 0.0002905078650510861]	0.019577285554568172
24	[0, 0.0002905078650510861]	0.02058073528898353
25	[0, 0.0002905078650510861]	0.012339520952187384
26	[0, 0.0002905078650510861]	0.006848492904997631
27	[0, 0.0002905078650510861]	0.03201349270377642
28	[0, 0.0002905078650510861]	0.01206943345655562
29	[0, 0.0002905078650510861]	0.01698849964054245
avg	[0, 0.0002905078650510861]	0.00032519615541731317
