0	[0.00035696988468260664, 0]	0.012116837710043158
1	[0.00035696988468260664, 0]	0.027599831913600097
2	[0.00035696988468260664, 0]	0.03537933319048093
3	[0.00035696988468260664, 0]	0.04402288380004025
4	[0.00035696988468260664, 0]	0.017939587801410306
5	[0.00035696988468260664, 0]	0.03066606028316169
6	[0.00035696988468260664, 0]	0.007937880822694697
7	[0.00035696988468260664, 0]	0.019866467512422773
8	[0.00035696988468260664, 0]	0.016345090361302127
9	[0.00035696988468260664, 0]	0.035674399568119824
10	[0.00035696988468260664, 0]	0.023433915217295192
11	[0.00035696988468260664, 0]	0.0281800155391963
12	[0.00035696988468260664, 0]	0.008917402043147176
13	[0.00035696988468260664, 0]	0.021710778301130388
14	[0.00035696988468260664, 0]	0.006939341840059627
15	[0.00035696988468260664, 0]	0.030716511508804233
16	[0.00035696988468260664, 0]	0.024932227612766162
17	[0.00035696988468260664, 0]	0.025955031961854037
18	[0.00035696988468260664, 0]	0.008954262887109562
19	[0.00035696988468260664, 0]	0.023458662075113518
20	[0.00035696988468260664, 0]	0.0192552052906678
21	[0.00035696988468260664, 0]	0.02272652641573334
22	[0.00035696988468260664, 0]	0.0033249521108721313
23	[0.00035696988468260664, 0]	0.021049794735130464
24	[0.00035696988468260664, 0]	0.021751369916553406
25	[0.00035696988468260664, 0]	0.012632997264034777
26	[0.00035696988468260664, 0]	0.006127953658497877
27	[0.00035696988468260664, 0]	0.03379087810903182
28	[0.00035696988468260664, 0]	0.013539789079318122
29	[0.00035696988468260664, 0]	0.017111048862885076
avg	[0.00035696988468260664, 0]	0.001941707832085584
0	[0, 0.00035696988468260664]	0.011516767464760757
1	[0, 0.00035696988468260664]	0.025572929828423636
2	[0, 0.00035696988468260664]	0.03402758468512417
3	[0, 0.00035696988468260664]	0.04218729292325347
4	[0, 0.00035696988468260664]	0.019516886844579723
5	[0, 0.00035696988468260664]	0.030218176393678377
6	[0, 0.00035696988468260664]	0.005853978348982184
7	[0, 0.00035696988468260664]	0.01794995600542968
8	[0, 0.00035696988468260664]	0.016154519082902094
9	[0, 0.00035696988468260664]	0.03749064772009162
10	[0, 0.00035696988468260664]	0.02247910792125905
11	[0, 0.00035696988468260664]	0.026596003944098574
12	[0, 0.00035696988468260664]	0.007120812878462917
13	[0, 0.00035696988468260664]	0.021510469015389673
14	[0, 0.00035696988468260664]	0.005014440322025972
15	[0, 0.00035696988468260664]	0.030175668908574992
16	[0, 0.00035696988468260664]	0.02697371482316062
17	[0, 0.00035696988468260664]	0.024015651145530118
18	[0, 0.00035696988468260664]	0.00816446737652085
19	[0, 0.00035696988468260664]	0.02289416647703281
20	[0, 0.00035696988468260664]	0.021355658143589903
21	[0, 0.00035696988468260664]	0.023761239514772013
22	[0, 0.00035696988468260664]	0.004475490161487557
23	[0, 0.00035696988468260664]	0.019607458258696142
24	[0, 0.00035696988468260664]	0.020629174886361873
25	[0, 0.00035696988468260664]	0.012357201436655639
26	[0, 0.00035696988468260664]	0.006884672349816409
27	[0, 0.00035696988468260664]	0.032039888987918735
28	[0, 0.00035696988468260664]	0.012047968459431216
29	[0, 0.00035696988468260664]	0.017005264617965605
avg	[0, 0.00035696988468260664]	0.0003885806366640347
