0	[0.0004386370005779541, 0]	0.012322777362461335
1	[0.0004386370005779541, 0]	0.028052507334393573
2	[0.0004386370005779541, 0]	0.03565438411290245
3	[0.0004386370005779541, 0]	0.04446681473942985
4	[0.0004386370005779541, 0]	0.01757231482743686
5	[0.0004386370005779541, 0]	0.0308162458874098
6	[0.0004386370005779541, 0]	0.008395019215583322
7	[0.0004386370005779541, 0]	0.020304413609154824
8	[0.0004386370005779541, 0]	0.016463161077211165
9	[0.0004386370005779541, 0]	0.03533592671500174
10	[0.0004386370005779541, 0]	0.023547903497689367
11	[0.0004386370005779541, 0]	0.02856853871948458
12	[0.0004386370005779541, 0]	0.009272065165994702
13	[0.0004386370005779541, 0]	0.02182364601983203
14	[0.0004386370005779541, 0]	0.007398764282042699
15	[0.0004386370005779541, 0]	0.030885071515857218
16	[0.0004386370005779541, 0]	0.024481533635674603
17	[0.0004386370005779541, 0]	0.026392470258645565
18	[0.0004386370005779541, 0]	0.009238383059995876
19	[0.0004386370005779541, 0]	0.02357229547089433
20	[0.0004386370005779541, 0]	0.018807592225655884
21	[0.0004386370005779541, 0]	0.022622551906816193
22	[0.0004386370005779541, 0]	0.003308465479195061
23	[0.0004386370005779541, 0]	0.021425364458349753
24	[0.0004386370005779541, 0]	0.022079014535432498
25	[0.0004386370005779541, 0]	0.012759098249754661
26	[0.0004386370005779541, 0]	0.006081980276349769
27	[0.0004386370005779541, 0]	0.03422496705659748
28	[0.0004386370005779541, 0]	0.013874871322200586
29	[0.0004386370005779541, 0]	0.017186857159272675
avg	[0.0004386370005779541, 0]	0.0023931266119018037
0	[0, 0.0004386370005779541]	0.011548624915083464
1	[0, 0.0004386370005779541]	0.025562870840212745
2	[0, 0.0004386370005779541]	0.03398387569216164
3	[0, 0.0004386370005779541]	0.04221105233028447
4	[0, 0.0004386370005779541]	0.019501947648594104
5	[0, 0.0004386370005779541]	0.03025020644214677
6	[0, 0.0004386370005779541]	0.005839280544672497
7	[0, 0.0004386370005779541]	0.017948671831644055
8	[0, 0.0004386370005779541]	0.016197888099300818
9	[0, 0.0004386370005779541]	0.03756179816813798
10	[0, 0.0004386370005779541]	0.02235392196329117
11	[0, 0.0004386370005779541]	0.02661850773207723
12	[0, 0.0004386370005779541]	0.007036545151202674
13	[0, 0.0004386370005779541]	0.021556104136770712
14	[0, 0.0004386370005779541]	0.00504064858200307
15	[0, 0.0004386370005779541]	0.030205378337990606
16	[0, 0.0004386370005779541]	0.026990900372490068
17	[0, 0.0004386370005779541]	0.024008755706268998
18	[0, 0.0004386370005779541]	0.008226812884788427
19	[0, 0.0004386370005779541]	0.022856088762143185
20	[0, 0.0004386370005779541]	0.021388715247230506
21	[0, 0.0004386370005779541]	0.023871893388309844
22	[0, 0.0004386370005779541]	0.0045744857676963116
23	[0, 0.0004386370005779541]	0.019645232856956792
24	[0, 0.0004386370005779541]	0.020689297435027062
25	[0, 0.0004386370005779541]	0.01238010012803063
26	[0, 0.0004386370005779541]	0.006931028826338912
27	[0, 0.0004386370005779541]	0.032072763772312995
28	[0, 0.0004386370005779541]	0.012022776781418233
29	[0, 0.0004386370005779541]	0.017026721264534524
avg	[0, 0.0004386370005779541]	0.0004900045477692481
