0	[0.0005389878153085527, 0]	0.012594388513255698
1	[0.0005389878153085527, 0]	0.02860907744989389
2	[0.0005389878153085527, 0]	0.035997509346522016
3	[0.0005389878153085527, 0]	0.04501290210164074
4	[0.0005389878153085527, 0]	0.017127270961022248
5	[0.0005389878153085527, 0]	0.031009229528901235
6	[0.0005389878153085527, 0]	0.008957560244858854
7	[0.0005389878153085527, 0]	0.02084396948031573
8	[0.0005389878153085527, 0]	0.016624614957179883
9	[0.0005389878153085527, 0]	0.03492368087323825
10	[0.0005389878153085527, 0]	0.02369822978286787
11	[0.0005389878153085527, 0]	0.02904839087779797
12	[0.0005389878153085527, 0]	0.009720052169491454
13	[0.0005389878153085527, 0]	0.02197380366401401
14	[0.0005389878153085527, 0]	0.007963750639500302
15	[0.0005389878153085527, 0]	0.031100324741967587
16	[0.0005389878153085527, 0]	0.023928183259703657
17	[0.0005389878153085527, 0]	0.026931109367711037
18	[0.0005389878153085527, 0]	0.00960633848856066
19	[0.0005389878153085527, 0]	0.023723933746517788
20	[0.0005389878153085527, 0]	0.01825865774603303
21	[0.0005389878153085527, 0]	0.022506699769517052
22	[0.0005389878153085527, 0]	0.003375075184973394
23	[0.0005389878153085527, 0]	0.021891335842661282
24	[0.0005389878153085527, 0]	0.02248739288260243
25	[0.0005389878153085527, 0]	0.012934993304395298
26	[0.0005389878153085527, 0]	0.006073038726003483
27	[0.0005389878153085527, 0]	0.0347592690838659
28	[0.0005389878153085527, 0]	0.014296336268755355
29	[0.0005389878153085527, 0]	0.01729625904053643
avg	[0.0005389878153085527, 0]	0.002950751766334359
0	[0, 0.0005389878153085527]	0.011589600585256802
1	[0, 0.0005389878153085527]	0.025551383552958214
2	[0, 0.0005389878153085527]	0.03393074287590216
3	[0, 0.0005389878153085527]	0.042240766366207674
4	[0, 0.0005389878153085527]	0.019484725111031574
5	[0, 0.0005389878153085527]	0.030290267727479798
6	[0, 0.0005389878153085527]	0.0058250326544239525
7	[0, 0.0005389878153085527]	0.01794834758830338
8	[0, 0.0005389878153085527]	0.016252415248205976
9	[0, 0.0005389878153085527]	0.03764965484989797
10	[0, 0.0005389878153085527]	0.022200114450458913
11	[0, 0.0005389878153085527]	0.026646983277481464
12	[0, 0.0005389878153085527]	0.006934824212448079
13	[0, 0.0005389878153085527]	0.021613098684238528
14	[0, 0.0005389878153085527]	0.005077109832250564
15	[0, 0.0005389878153085527]	0.03024259516707253
16	[0, 0.0005389878153085527]	0.027012839470606047
17	[0, 0.0005389878153085527]	0.02400121607768641
18	[0, 0.0005389878153085527]	0.008305505664509683
19	[0, 0.0005389878153085527]	0.0228101902012694
20	[0, 0.0005389878153085527]	0.021430323135871024
21	[0, 0.0005389878153085527]	0.024008125552876066
22	[0, 0.0005389878153085527]	0.004698085961959474
23	[0, 0.0005389878153085527]	0.019692702896286097
24	[0, 0.0005389878153085527]	0.02076401497291466
25	[0, 0.0005389878153085527]	0.012409999158657583
26	[0, 0.0005389878153085527]	0.0069908012455065244
27	[0, 0.0005389878153085527]	0.03211382127315396
28	[0, 0.0005389878153085527]	0.011993620949176647
29	[0, 0.0005389878153085527]	0.017054374534542876
avg	[0, 0.0005389878153085527]	0.0006304139780943314
