0	[0.0006622967617148332, 0]	0.012954307576248733
1	[0.0006622967617148332, 0]	0.029293450615377865
2	[0.0006622967617148332, 0]	0.03642668428768233
3	[0.0006622967617148332, 0]	0.04568478674473864
4	[0.0006622967617148332, 0]	0.01659061249291736
5	[0.0006622967617148332, 0]	0.03125886450563881
6	[0.0006622967617148332, 0]	0.009649815147387355
7	[0.0006622967617148332, 0]	0.02150893455159532
8	[0.0006622967617148332, 0]	0.016847033612850087
9	[0.0006622967617148332, 0]	0.03442285390795143
10	[0.0006622967617148332, 0]	0.02389815186026135
11	[0.0006622967617148332, 0]	0.02964152944893487
12	[0.0006622967617148332, 0]	0.010286480617458049
13	[0.0006622967617148332, 0]	0.02217526832484196
14	[0.0006622967617148332, 0]	0.008658547038305533
15	[0.0006622967617148332, 0]	0.03137684148179077
16	[0.0006622967617148332, 0]	0.023248965869786142
17	[0.0006622967617148332, 0]	0.027594573378771633
18	[0.0006622967617148332, 0]	0.010083736732906762
19	[0.0006622967617148332, 0]	0.023928053786518196
20	[0.0006622967617148332, 0]	0.01758593154736723
21	[0.0006622967617148332, 0]	0.022382605268884588
22	[0.0006622967617148332, 0]	0.0035795731554652214
23	[0.0006622967617148332, 0]	0.02247024355997107
24	[0.0006622967617148332, 0]	0.02299744748514506
25	[0.0006622967617148332, 0]	0.013181462334421109
26	[0.0006622967617148332, 0]	0.006133971201417172
27	[0.0006622967617148332, 0]	0.035417107661331916
28	[0.0006622967617148332, 0]	0.014827605955928962
29	[0.0006622967617148332, 0]	0.01745474991960913
avg	[0.0006622967617148332, 0]	0.003638319173110529
0	[0, 0.0006622967617148332]	0.011642683854086204
1	[0, 0.0006622967617148332]	0.02553858812382249
2	[0, 0.0006622967617148332]	0.03386632805035564
3	[0, 0.0006622967617148332]	0.04227806026762648
4	[0, 0.0006622967617148332]	0.019465279932060604
5	[0, 0.0006622967617148332]	0.0303405520283466
6	[0, 0.0006622967617148332]	0.005813323179356433
7	[0, 0.0006622967617148332]	0.01794984221445311
8	[0, 0.0006622967617148332]	0.016321264589059213
9	[0, 0.0006622967617148332]	0.037758253704154865
10	[0, 0.0006622967617148332]	0.02201114981831658
11	[0, 0.0006622967617148332]	0.026683212571153327
12	[0, 0.0006622967617148332]	0.006812712903732836
13	[0, 0.0006622967617148332]	0.02168450893321336
14	[0, 0.0006622967617148332]	0.005128199485695229
15	[0, 0.0006622967617148332]	0.03028939519377198
16	[0, 0.0006622967617148332]	0.027041035613334968
17	[0, 0.0006622967617148332]	0.023993362119964126
18	[0, 0.0006622967617148332]	0.008405258308044129
19	[0, 0.0006622967617148332]	0.02275514386637081
20	[0, 0.0006622967617148332]	0.021482933026658976
21	[0, 0.0006622967617148332]	0.024175915069968332
22	[0, 0.0006622967617148332]	0.004852684004834979
23	[0, 0.0006622967617148332]	0.019752626930463986
24	[0, 0.0006622967617148332]	0.020857110870085245
25	[0, 0.0006622967617148332]	0.012449378962704158
26	[0, 0.0006622967617148332]	0.0070683822092289395
27	[0, 0.0006622967617148332]	0.03216526701015132
28	[0, 0.0006622967617148332]	0.011960531448207542
29	[0, 0.0006622967617148332]	0.017090289101302454
avg	[0, 0.0006622967617148332]	0.0008124796474871937
