0	[0.000813816171942309, 0]	0.013432838656332786
1	[0.000813816171942309, 0]	0.030135055003404743
2	[0.000813816171942309, 0]	0.036965040357901914
3	[0.000813816171942309, 0]	0.04651163012975422
4	[0.000813816171942309, 0]	0.01594819586115384
5	[0.000813816171942309, 0]	0.03158402837102401
6	[0.000813816171942309, 0]	0.010501668467767228
7	[0.000813816171942309, 0]	0.0223287534514976
8	[0.000813816171942309, 0]	0.017155120625149425
9	[0.000813816171942309, 0]	0.03381649403899555
10	[0.000813816171942309, 0]	0.024166184787694105
11	[0.000813816171942309, 0]	0.03037534392594377
12	[0.000813816171942309, 0]	0.011002795645997787
13	[0.000813816171942309, 0]	0.022447721444997074
14	[0.000813816171942309, 0]	0.00951294614675941
15	[0.000813816171942309, 0]	0.031734281329486656
16	[0.000813816171942309, 0]	0.022415580230040213
17	[0.000813816171942309, 0]	0.028412060319454736
18	[0.000813816171942309, 0]	0.0107032896659399
19	[0.000813816171942309, 0]	0.02420503669935842
20	[0.000813816171942309, 0]	0.016762338330330244
21	[0.000813816171942309, 0]	0.022258154514218254
22	[0.000813816171942309, 0]	0.003985245642190063
23	[0.000813816171942309, 0]	0.02319042928499684
24	[0.000813816171942309, 0]	0.023635834520212926
25	[0.000813816171942309, 0]	0.013527523275557635
26	[0.000813816171942309, 0]	0.006313816765681573
27	[0.000813816171942309, 0]	0.03622729790839959
28	[0.000813816171942309, 0]	0.015498520215155498
29	[0.000813816171942309, 0]	0.017684820267818993
avg	[0.000813816171942309, 0]	0.004485103925709241
0	[0, 0.000813816171942309]	0.011711981095311408
1	[0, 0.000813816171942309]	0.025524861300037657
2	[0, 0.000813816171942309]	0.03378850325568249
3	[0, 0.000813816171942309]	0.0423250636676754
4	[0, 0.000813816171942309]	0.01944398733018878
5	[0, 0.000813816171942309]	0.03040392947840251
6	[0, 0.000813816171942309]	0.005807739909985862
7	[0, 0.000813816171942309]	0.017954536260136874
8	[0, 0.000813816171942309]	0.016408619050729895
9	[0, 0.000813816171942309]	0.03789265918600462
10	[0, 0.000813816171942309]	0.021778997347249064
11	[0, 0.000813816171942309]	0.026729593590773672
12	[0, 0.000813816171942309]	0.006667257267113811
13	[0, 0.000813816171942309]	0.021774313912675567
14	[0, 0.000813816171942309]	0.0052001820793511275
15	[0, 0.000813816171942309]	0.03034850821590546
16	[0, 0.000813816171942309]	0.027077545496124227
17	[0, 0.000813816171942309]	0.023985843250633743
18	[0, 0.000813816171942309]	0.008532282666481037
19	[0, 0.000813816171942309]	0.022689561795681067
20	[0, 0.000813816171942309]	0.021549801430592073
21	[0, 0.000813816171942309]	0.024382668240721796
22	[0, 0.000813816171942309]	0.00504639446059088
23	[0, 0.000813816171942309]	0.0198286041241997
24	[0, 0.000813816171942309]	0.0209734152323372
25	[0, 0.000813816171942309]	0.012501717366615546
26	[0, 0.000813816171942309]	0.0071697470299833185
27	[0, 0.000813816171942309]	0.0322299776922055
28	[0, 0.000813816171942309]	0.01192403826970108
29	[0, 0.000813816171942309]	0.017137322781719453
avg	[0, 0.000813816171942309]	0.0010422816310949492
