0	[-0.0004386370005779541, 0]	0.010956589578776946
1	[-0.0004386370005779541, 0]	0.023205572959937762
2	[-0.0004386370005779541, 0]	0.03291566371311508
3	[-0.0004386370005779541, 0]	0.03972389896670288
4	[-0.0004386370005779541, 0]	0.02170689455563531
5	[-0.0004386370005779541, 0]	0.02954334308629114
6	[-0.0004386370005779541, 0]	0.0035641186360236927
7	[-0.0004386370005779541, 0]	0.01567229119361426
8	[-0.0004386370005779541, 0]	0.015864624296129774
9	[-0.0004386370005779541, 0]	0.039096967684170536
10	[-0.0004386370005779541, 0]	0.022736178187283504
11	[-0.0004386370005779541, 0]	0.024505960663661612
12	[-0.0004386370005779541, 0]	0.006235590173213148
13	[-0.0004386370005779541, 0]	0.021073160333030094
14	[-0.0004386370005779541, 0]	0.0025197176111906357
15	[-0.0004386370005779541, 0]	0.029404817340563282
16	[-0.0004386370005779541, 0]	0.029336968352030462
17	[-0.0004386370005779541, 0]	0.02174682312679029
18	[-0.0004386370005779541, 0]	0.007217022212656664
19	[-0.0004386370005779541, 0]	0.02283376546641569
20	[-0.0004386370005779541, 0]	0.023647815134534504
21	[-0.0004386370005779541, 0]	0.024166933277548177
22	[-0.0004386370005779541, 0]	0.00585384119279948
23	[-0.0004386370005779541, 0]	0.017605224385430204
24	[-0.0004386370005779541, 0]	0.018824998433841913
25	[-0.0004386370005779541, 0]	0.012278195085621467
26	[-0.0004386370005779541, 0]	0.008076127343313111
27	[-0.0004386370005779541, 0]	0.029602567151265257
28	[-0.0004386370005779541, 0]	0.010779272512713326
29	[-0.0004386370005779541, 0]	0.01701557987111247
avg	[-0.0004386370005779541, 0]	0.002618213617284296
0	[0, -0.0004386370005779541]	0.011278488254030652
1	[0, -0.0004386370005779541]	0.025704106068732496
2	[0, -0.0004386370005779541]	0.03447506429567201
3	[0, -0.0004386370005779541]	0.04197578851044331
4	[0, -0.0004386370005779541]	0.01970532325671733
5	[0, -0.0004386370005779541]	0.029933350269525483
6	[0, -0.0004386370005779541]	0.006137001794573895
7	[0, -0.0004386370005779541]	0.01801027065348516
8	[0, -0.0004386370005779541]	0.015780739408653193
9	[0, -0.0004386370005779541]	0.03681424602532215
10	[0, -0.0004386370005779541]	0.023699360908236492
11	[0, -0.0004386370005779541]	0.026408535940160693
12	[0, -0.0004386370005779541]	0.008002424188153405
13	[0, -0.0004386370005779541]	0.021101887175545186
14	[0, -0.0004386370005779541]	0.004929534466345199
15	[0, -0.0004386370005779541]	0.029913698818236557
16	[0, -0.0004386370005779541]	0.026837919897609343
17	[0, -0.0004386370005779541]	0.024118343874458836
18	[0, -0.0004386370005779541]	0.0076440997886781424
19	[0, -0.0004386370005779541]	0.023298460566628675
20	[0, -0.0004386370005779541]	0.021072039212437152
21	[0, -0.0004386370005779541]	0.02269387382150775
22	[0, -0.0004386370005779541]	0.003609785827695951
23	[0, -0.0004386370005779541]	0.01928052439787724
24	[0, -0.0004386370005779541]	0.020077576768550057
25	[0, -0.0004386370005779541]	0.012202772797736898
26	[0, -0.0004386370005779541]	0.006548710211063561
27	[0, -0.0004386370005779541]	0.031745208049095926
28	[0, -0.0004386370005779541]	0.012360262245927338
29	[0, -0.0004386370005779541]	0.016846122279101844
avg	[0, -0.0004386370005779541]	0.0010246535138088105
