0	[0.001000000000000001, 0]	0.01406994923831483
1	[0.001000000000000001, 0]	0.03117011375821847
2	[0.001000000000000001, 0]	0.037642436023544404
3	[0.001000000000000001, 0]	0.047529416334903915
4	[0.001000000000000001, 0]	0.01518775099137243
5	[0.001000000000000001, 0]	0.03201052530241842
6	[0.001000000000000001, 0]	0.011549839432713946
7	[0.001000000000000001, 0]	0.02333977819028715
8	[0.001000000000000001, 0]	0.01758339268575904
9	[0.001000000000000001, 0]	0.03308583300901518
10	[0.001000000000000001, 0]	0.024528182665179785
11	[0.001000000000000001, 0]	0.031284017357285615
12	[0.001000000000000001, 0]	0.011908009758959361
13	[0.001000000000000001, 0]	0.022818712813038593
14	[0.001000000000000001, 0]	0.010563548431232354
15	[0.001000000000000001, 0]	0.03219925631287214
16	[0.001000000000000001, 0]	0.021393579315366153
17	[0.001000000000000001, 0]	0.029419659040136045
18	[0.001000000000000001, 0]	0.0115061172949656
19	[0.001000000000000001, 0]	0.02458352293259046
20	[0.001000000000000001, 0]	0.015755644173493635
21	[0.001000000000000001, 0]	0.02214826633167669
22	[0.001000000000000001, 0]	0.004652757252354565
23	[0.001000000000000001, 0]	0.024087512282229634
24	[0.001000000000000001, 0]	0.02443643130181101
25	[0.001000000000000001, 0]	0.014013056353674743
26	[0.001000000000000001, 0]	0.0066794676914778495
27	[0.001000000000000001, 0]	0.03722545079070669
28	[0.001000000000000001, 0]	0.016346835342102014
29	[0.001000000000000001, 0]	0.01801874632675983
avg	[0.001000000000000001, 0]	0.005527143912011784
0	[0, 0.001000000000000001]	0.011803166299667035
1	[0, 0.001000000000000001]	0.025511012571928393
2	[0, 0.001000000000000001]	0.03369489116857556
3	[0, 0.001000000000000001]	0.04238459223904256
4	[0, 0.001000000000000001]	0.01942176400737842
5	[0, 0.001000000000000001]	0.030484190583446057
6	[0, 0.001000000000000001]	0.005814205912531543
7	[0, 0.001000000000000001]	0.01796461503557248
8	[0, 0.001000000000000001]	0.016520037698833846
9	[0, 0.001000000000000001]	0.038059249923773505
10	[0, 0.001000000000000001]	0.021493803425856422
11	[0, 0.001000000000000001]	0.026789383990681155
12	[0, 0.001000000000000001]	0.006495928880625275
13	[0, 0.001000000000000001]	0.02188773195455057
14	[0, 0.001000000000000001]	0.005301939264033864
15	[0, 0.001000000000000001]	0.030423555753597478
16	[0, 0.001000000000000001]	0.027125209497162534
17	[0, 0.001000000000000001]	0.02397982615762583
18	[0, 0.001000000000000001]	0.008694787268770255
19	[0, 0.001000000000000001]	0.022612110184671044
20	[0, 0.001000000000000001]	0.02163529191797414
21	[0, 0.001000000000000001]	0.024637571004659173
22	[0, 0.001000000000000001]	0.005289413411592016
23	[0, 0.001000000000000001]	0.01992547623919854
24	[0, 0.001000000000000001]	0.021119155935978406
25	[0, 0.001000000000000001]	0.012571910121825581
26	[0, 0.001000000000000001]	0.0073030267119465545
27	[0, 0.001000000000000001]	0.03231173666887359
28	[0, 0.001000000000000001]	0.011885545223211023
29	[0, 0.001000000000000001]	0.017199462696162668
avg	[0, 0.001000000000000001]	0.001328703780602722
