0	[-0.00035696988468260664, 0]	0.010997040849231818
1	[-0.00035696988468260664, 0]	0.023655073416827387
2	[-0.00035696988468260664, 0]	0.0331491638333789
3	[-0.00035696988468260664, 0]	0.040162786449447894
4	[-0.00035696988468260664, 0]	0.021307159303797594
5	[-0.00035696988468260664, 0]	0.029629042021546485
6	[-0.00035696988468260664, 0]	0.003999119313920372
7	[-0.00035696988468260664, 0]	0.016095189389904972
8	[-0.00035696988468260664, 0]	0.015856075576564804
9	[-0.00035696988468260664, 0]	0.038736120447256876
10	[-0.00035696988468260664, 0]	0.02277220832998979
11	[-0.00035696988468260664, 0]	0.024872447141717616
12	[-0.00035696988468260664, 0]	0.0064186088993139065
13	[-0.00035696988468260664, 0]	0.02109877592658499
14	[-0.00035696988468260664, 0]	0.002961687851510174
15	[-0.00035696988468260664, 0]	0.02951059936797728
16	[-0.00035696988468260664, 0]	0.028883842727680274
17	[-0.00035696988468260664, 0]	0.02217347626858076
18	[-0.00035696988468260664, 0]	0.007287618789393849
19	[-0.00035696988468260664, 0]	0.022856458964314517
20	[-0.00035696988468260664, 0]	0.023194760834697414
21	[-0.00035696988468260664, 0]	0.023985457067231392
22	[-0.00035696988468260664, 0]	0.005480400532148469
23	[-0.00035696988468260664, 0]	0.017937446493407706
24	[-0.00035696988468260664, 0]	0.019099770850976656
25	[-0.00035696988468260664, 0]	0.01223902886182498
26	[-0.00035696988468260664, 0]	0.007780013008994309
27	[-0.00035696988468260664, 0]	0.03002861542290843
28	[-0.00035696988468260664, 0]	0.01100981076499559
29	[-0.00035696988468260664, 0]	0.016971168706997983
avg	[-0.00035696988468260664, 0]	0.0021648931011798403
0	[0, -0.00035696988468260664]	0.011296795280005803
1	[0, -0.00035696988468260664]	0.025687883174666495
2	[0, -0.00035696988468260664]	0.03442734537188958
3	[0, -0.00035696988468260664]	0.041995822928929845
4	[0, -0.00035696988468260664]	0.019682435275338025
5	[0, -0.00035696988468260664]	0.02996029188465095
6	[0, -0.00035696988468260664]	0.006096788248955044
7	[0, -0.00035696988468260664]	0.018000098520935426
8	[0, -0.00035696988468260664]	0.01581493932899972
9	[0, -0.00035696988468260664]	0.03688225190750887
10	[0, -0.00035696988468260664]	0.023574051833430715
11	[0, -0.00035696988468260664]	0.026425106363447082
12	[0, -0.00035696988468260664]	0.007907422385796229
13	[0, -0.00035696988468260664]	0.0211407622438109
14	[0, -0.00035696988468260664]	0.004923722120195543
15	[0, -0.00035696988468260664]	0.029938275103402866
16	[0, -0.00035696988468260664]	0.026849203172780063
17	[0, -0.00035696988468260664]	0.024104848011531378
18	[0, -0.00035696988468260664]	0.007689746500187228
19	[0, -0.00035696988468260664]	0.023254223885722507
20	[0, -0.00035696988468260664]	0.021097899119715366
21	[0, -0.00035696988468260664]	0.022802505199113816
22	[0, -0.00035696988468260664]	0.0036884464743805138
23	[0, -0.00035696988468260664]	0.019310590799786788
24	[0, -0.00035696988468260664]	0.020131278852422108
25	[0, -0.00035696988468260664]	0.012212816076261278
26	[0, -0.00035696988468260664]	0.006573025664042951
27	[0, -0.00035696988468260664]	0.03177329882988987
28	[0, -0.00035696988468260664]	0.012322756500729788
29	[0, -0.00035696988468260664]	0.01685824973669518
avg	[0, -0.00035696988468260664]	0.0009008436664925603
