0	[-0.0002905078650510861, 0]	0.011044078552057598
1	[-0.0002905078650510861, 0]	0.024021183349992273
2	[-0.0002905078650510861, 0]	0.03334265526000965
3	[-0.0002905078650510861, 0]	0.04052039966175995
4	[-0.0002905078650510861, 0]	0.020983730540145712
5	[-0.0002905078650510861, 0]	0.02970391200607717
6	[-0.0002905078650510861, 0]	0.004357382400331068
7	[-0.0002905078650510861, 0]	0.016440904235751657
8	[-0.0002905078650510861, 0]	0.015859018415790717
9	[-0.0002905078650510861, 0]	0.03844394765122142
10	[-0.0002905078650510861, 0]	0.022807660363143526
11	[-0.0002905078650510861, 0]	0.02517270901078561
12	[-0.0002905078650510861, 0]	0.006587608947419213
13	[-0.0002905078650510861, 0]	0.02112647393502679
14	[-0.0002905078650510861, 0]	0.0033254604241081064
15	[-0.0002905078650510861, 0]	0.029601720595241104
16	[-0.0002905078650510861, 0]	0.028515227137923385
17	[-0.0002905078650510861, 0]	0.022521726546934438
18	[-0.0002905078650510861, 0]	0.007365917487809888
19	[-0.0002905078650510861, 0]	0.022882042154705393
20	[-0.0002905078650510861, 0]	0.02282637030966151
21	[-0.0002905078650510861, 0]	0.023843141477863938
22	[-0.0002905078650510861, 0]	0.005186771401383381
23	[-0.0002905078650510861, 0]	0.01821196271721704
24	[-0.0002905078650510861, 0]	0.019328224822620713
25	[-0.0002905078650510861, 0]	0.012219971145633033
26	[-0.0002905078650510861, 0]	0.007551206674520708
27	[-0.0002905078650510861, 0]	0.030376067918310858
28	[-0.0002905078650510861, 0]	0.011208002109310274
29	[-0.0002905078650510861, 0]	0.016944129724761982
avg	[-0.0002905078650510861, 0]	0.0017978540723408265
0	[0, -0.0002905078650510861]	0.011312748601443979
1	[0, -0.0002905078650510861]	0.025675144313775836
2	[0, -0.0002905078650510861]	0.034388809298428046
3	[0, -0.0002905078650510861]	0.04201241138412425
4	[0, -0.0002905078650510861]	0.019664406463807724
5	[0, -0.0002905078650510861]	0.02998260784377588
6	[0, -0.0002905078650510861]	0.006065864245658335
7	[0, -0.0002905078650510861]	0.017992490168085653
8	[0, -0.0002905078650510861]	0.01584348842700356
9	[0, -0.0002905078650510861]	0.036937840392357695
10	[0, -0.0002905078650510861]	0.023472081925016403
11	[0, -0.0002905078650510861]	0.026439045396885522
12	[0, -0.0002905078650510861]	0.007830798214193725
13	[0, -0.0002905078650510861]	0.021172924454326787
14	[0, -0.0002905078650510861]	0.004921456694408622
15	[0, -0.0002905078650510861]	0.02995866914591866
16	[0, -0.0002905078650510861]	0.026858835818763034
17	[0, -0.0002905078650510861]	0.024094361842300314
18	[0, -0.0002905078650510861]	0.0077282738672877355
19	[0, -0.0002905078650510861]	0.023218678760498723
20	[0, -0.0002905078650510861]	0.021119499198469508
21	[0, -0.0002905078650510861]	0.022891074212536194
22	[0, -0.0002905078650510861]	0.003754483522500429
23	[0, -0.0002905078650510861]	0.01933565687856542
24	[0, -0.0002905078650510861]	0.020175496467083207
25	[0, -0.0002905078650510861]	0.012221979041232222
26	[0, -0.0002905078650510861]	0.00659459411684775
27	[0, -0.0002905078650510861]	0.031796526533130455
28	[0, -0.0002905078650510861]	0.012293144213487425
29	[0, -0.0002905078650510861]	0.01686883470559395
avg	[0, -0.0002905078650510861]	0.0008011384296429212
