0	[-0.00023641999865500757, 0]	0.011091591484478235
1	[-0.00023641999865500757, 0]	0.024319321702579715
2	[-0.00023641999865500757, 0]	0.033502376397228174
3	[-0.00023641999865500757, 0]	0.04081171425915346
4	[-0.00023641999865500757, 0]	0.02072181107747578
5	[-0.00023641999865500757, 0]	0.029768212027067992
6	[-0.00023641999865500757, 0]	0.004651114284370722
7	[-0.00023641999865500757, 0]	0.016723205326405408
8	[-0.00023641999865500757, 0]	0.015867967497159994
9	[-0.00023641999865500757, 0]	0.03820718298521906
10	[-0.00023641999865500757, 0]	0.02284055281930304
11	[-0.00023641999865500757, 0]	0.0254183498057833
12	[-0.00023641999865500757, 0]	0.006737424677094595
13	[-0.00023641999865500757, 0]	0.02115353497673281
14	[-0.00023641999865500757, 0]	0.003623393773368942
15	[-0.00023641999865500757, 0]	0.029679179570732902
16	[-0.00023641999865500757, 0]	0.028215342069361576
17	[-0.00023641999865500757, 0]	0.022805789240610542
18	[-0.00023641999865500757, 0]	0.0074430135617965494
19	[-0.00023641999865500757, 0]	0.02290755869621415
20	[-0.00023641999865500757, 0]	0.022526781308120504
21	[-0.00023641999865500757, 0]	0.023730946276618578
22	[-0.00023641999865500757, 0]	0.004955842920589279
23	[-0.00023641999865500757, 0]	0.018437991626304776
24	[-0.00023641999865500757, 0]	0.019517236523006094
25	[-0.00023641999865500757, 0]	0.012212992751067096
26	[-0.00023641999865500757, 0]	0.007373829968444105
27	[-0.00023641999865500757, 0]	0.030659295466157838
28	[-0.00023641999865500757, 0]	0.011375928108661738
29	[-0.00023641999865500757, 0]	0.016928184439430026
avg	[-0.00023641999865500757, 0]	0.0015012950996020093
0	[0, -0.00023641999865500757]	0.011326427265804967
1	[0, -0.00023641999865500757]	0.025665084724354914
2	[0, -0.00023641999865500757]	0.034357646296526365
3	[0, -0.00023641999865500757]	0.04202609928374692
4	[0, -0.00023641999865500757]	0.019650121810225147
5	[0, -0.00023641999865500757]	0.03000102693237936
6	[0, -0.00023641999865500757]	0.006041910227317781
7	[0, -0.00023641999865500757]	0.017986742611417247
8	[0, -0.00023641999865500757]	0.01586719418625427
9	[0, -0.00023641999865500757]	0.03698324019074188
10	[0, -0.00023641999865500757]	0.023389096275047462
11	[0, -0.00023641999865500757]	0.026450689247330284
12	[0, -0.00023641999865500757]	0.007768910821634234
13	[0, -0.00023641999865500757]	0.021199444855042122
14	[0, -0.00023641999865500757]	0.004921247994115833
15	[0, -0.00023641999865500757]	0.02997552619846132
16	[0, -0.00023641999865500757]	0.026866972820139563
17	[0, -0.00023641999865500757]	0.02408615761621598
18	[0, -0.00023641999865500757]	0.007760527836691886
19	[0, -0.00023641999865500757]	0.023190054582727365
20	[0, -0.00023641999865500757]	0.021137444043327097
21	[0, -0.00023641999865500757]	0.022963259822189476
22	[0, -0.00023641999865500757]	0.0038095149638877825
23	[0, -0.00023641999865500757]	0.01935645026548961
24	[0, -0.00023641999865500757]	0.02021180554774522
25	[0, -0.00023641999865500757]	0.012230089928281404
26	[0, -0.00023641999865500757]	0.006613314246235684
27	[0, -0.00023641999865500757]	0.03181567211788506
28	[0, -0.00023641999865500757]	0.012269636610069329
29	[0, -0.00023641999865500757]	0.016877921864389155
avg	[0, -0.00023641999865500757]	0.0007210192407326743
