0	[-0.00019240241827602392, 0]	0.011136295238076927
1	[-0.00019240241827602392, 0]	0.02456207400977276
2	[-0.00019240241827602392, 0]	0.03363383172166385
3	[-0.00019240241827602392, 0]	0.04104897422256068
4	[-0.00019240241827602392, 0]	0.02050955476270146
5	[-0.00019240241827602392, 0]	0.029822757523651627
6	[-0.00019240241827602392, 0]	0.004891319000820703
7	[-0.00019240241827602392, 0]	0.016953572563941886
8	[-0.00019240241827602392, 0]	0.015879584261977376
9	[-0.00019240241827602392, 0]	0.03801518193276736
10	[-0.00019240241827602392, 0]	0.02286998596585539
11	[-0.00019240241827602392, 0]	0.025619081049061528
12	[-0.00019240241827602392, 0]	0.006866944849097905
13	[-0.00019240241827602392, 0]	0.021178539747638295
14	[-0.00019240241827602392, 0]	0.0038668039462668173
15	[-0.00019240241827602392, 0]	0.0297443872491078
16	[-0.00019240241827602392, 0]	0.027971359400960173
17	[-0.00019240241827602392, 0]	0.023037379645270754
18	[-0.00019240241827602392, 0]	0.007514341958162229
19	[-0.00019240241827602392, 0]	0.02293142460233084
20	[-0.00019240241827602392, 0]	0.022283117416190358
21	[-0.00019240241827602392, 0]	0.023642074643827542
22	[-0.00019240241827602392, 0]	0.004774010642873232
23	[-0.00019240241827602392, 0]	0.018623610515965137
24	[-0.00019240241827602392, 0]	0.019673034996103157
25	[-0.00019240241827602392, 0]	0.012212974670603048
26	[-0.00019240241827602392, 0]	0.007235763993433329
27	[-0.00019240241827602392, 0]	0.030890089985561087
28	[-0.00019240241827602392, 0]	0.011516788865961011
29	[-0.00019240241827602392, 0]	0.016919232997838814
avg	[-0.00019240241827602392, 0]	0.0012624343501799547
0	[0, -0.00019240241827602392]	0.011338018189967158
1	[0, -0.00019240241827602392]	0.025657101968962554
2	[0, -0.00019240241827602392]	0.034332417023956785
3	[0, -0.00019240241827602392]	0.042037363070722686
4	[0, -0.00019240241827602392]	0.019638751134100168
5	[0, -0.00019240241827602392]	0.030016187238224277
6	[0, -0.00019240241827602392]	0.006023228814692233
7	[0, -0.00019240241827602392]	0.017982359666443588
8	[0, -0.00019240241827602392]	0.01588679753087339
9	[0, -0.00019240241827602392]	0.03702029350559846
10	[0, -0.00019240241827602392]	0.023321570691305114
11	[0, -0.00019240241827602392]	0.026460363650715125
12	[0, -0.00019240241827602392]	0.007718865145807124
13	[0, -0.00019240241827602392]	0.021221256107929447
14	[0, -0.00019240241827602392]	0.004922161209748213
15	[0, -0.00019240241827602392]	0.029989416676821392
16	[0, -0.00019240241827602392]	0.0268737918930425
17	[0, -0.00019240241827602392]	0.02407969939673521
18	[0, -0.00019240241827602392]	0.00778736506576496
19	[0, -0.00019240241827602392]	0.023166961208836056
20	[0, -0.00019240241827602392]	0.021152289873939217
21	[0, -0.00019240241827602392]	0.02302207564028594
22	[0, -0.00019240241827602392]	0.0038551039206243688
23	[0, -0.00019240241827602392]	0.019373632494805844
24	[0, -0.00019240241827602392]	0.020241572497234555
25	[0, -0.00019240241827602392]	0.012237122920067314
26	[0, -0.00019240241827602392]	0.006629315533519776
27	[0, -0.00019240241827602392]	0.03183141342014969
28	[0, -0.00019240241827602392]	0.012250905616150644
29	[0, -0.00019240241827602392]	0.016885629857161952
avg	[0, -0.00019240241827602392]	0.0006567512576543924
