0	[-0.00015658019951383673, 0]	0.01117662608373034
1	[-0.00015658019951383673, 0]	0.024759708428585606
2	[-0.00015658019951383673, 0]	0.03374177531425073
3	[-0.00015658019951383673, 0]	0.041242179541539276
4	[-0.00015658019951383673, 0]	0.020337426809929796
5	[-0.00015658019951383673, 0]	0.02986860777069785
6	[-0.00015658019951383673, 0]	0.005087470460505897
7	[-0.00015658019951383673, 0]	0.017141425031655593
8	[-0.00015658019951383673, 0]	0.015891902310114225
9	[-0.00015658019951383673, 0]	0.03785938697511345
10	[-0.00015658019951383673, 0]	0.022895697113379455
11	[-0.00015658019951383673, 0]	0.025782972676750844
12	[-0.00015658019951383673, 0]	0.006977099722758786
13	[-0.00015658019951383673, 0]	0.021200857044396827
14	[-0.00015658019951383673, 0]	0.004065407575229788
15	[-0.00015658019951383673, 0]	0.02979888215002159
16	[-0.00015658019951383673, 0]	0.027772849086070632
17	[-0.00015658019951383673, 0]	0.023226118550544725
18	[-0.00015658019951383673, 0]	0.007577915839053786
19	[-0.00015658019951383673, 0]	0.022952893845708314
20	[-0.00015658019951383673, 0]	0.022084920344332102
21	[-0.00015658019951383673, 0]	0.023571380484356006
22	[-0.00015658019951383673, 0]	0.004630583371354048
23	[-0.00015658019951383673, 0]	0.018775744833397695
24	[-0.00015658019951383673, 0]	0.019801129093707206
25	[-0.00015658019951383673, 0]	0.01221670975956089
26	[-0.00015658019951383673, 0]	0.0071278133362986445
27	[-0.00015658019951383673, 0]	0.03107810804407656
28	[-0.00015658019951383673, 0]	0.011634102978274434
29	[-0.00015658019951383673, 0]	0.01691461844696309
avg	[-0.00015658019951383673, 0]	0.001070772461413493
0	[0, -0.00015658019951383673]	0.011347754128170705
1	[0, -0.00015658019951383673]	0.025650740644894483
2	[0, -0.00015658019951383673]	0.03431197244228707
3	[0, -0.00015658019951383673]	0.042046612014018915
4	[0, -0.00015658019951383673]	0.019629678168555955
5	[0, -0.00015658019951383673]	0.03002863772388558
6	[0, -0.00015658019951383673]	0.006008568976875426
7	[0, -0.00015658019951383673]	0.017978987953323745
8	[0, -0.00015658019951383673]	0.01590295639382589
9	[0, -0.00015658019951383673]	0.037050518230190434
10	[0, -0.00015658019951383673]	0.023266619879448704
11	[0, -0.00015658019951383673]	0.026468368123138363
12	[0, -0.00015658019951383673]	0.0076783528236368396
13	[0, -0.00015658019951383673]	0.02123915735559036
14	[0, -0.00015658019951383673]	0.00492362134242812
15	[0, -0.00015658019951383673]	0.03000083468522925
16	[0, -0.00015658019951383673]	0.026879471769593346
17	[0, -0.00015658019951383673]	0.02407458843191038
18	[0, -0.00015658019951383673]	0.007809591283400909
19	[0, -0.00015658019951383673]	0.023148301269583563
20	[0, -0.00015658019951383673]	0.02116453161520785
21	[0, -0.00015658019951383673]	0.023069986905951436
22	[0, -0.00015658019951383673]	0.003892723204421391
23	[0, -0.00015658019951383673]	0.019387787562937697
24	[0, -0.00015658019951383673]	0.020265941084337994
25	[0, -0.00015658019951383673]	0.012243132243349959
26	[0, -0.00015658019951383673]	0.006642841614576684
27	[0, -0.00015658019951383673]	0.03184432996334772
28	[0, -0.00015658019951383673]	0.012235928101794602
29	[0, -0.00015658019951383673]	0.016892109570549617
avg	[0, -0.00015658019951383673]	0.0006052889180963379
