This is pdfTeX, Version 3.14159265-2.6-1.40.18 (TeX Live 2017/Debian) (preloaded format=pdflatex 2018.3.14)  16 MAR 2018 17:24
entering extended mode
 restricted \write18 enabled.
 %&-line parsing enabled.
**report.tex
(./report.tex
LaTeX2e <2017-04-15>
Babel <3.12> and hyphenation patterns for 9 language(s) loaded.
(/usr/share/texlive/texmf-dist/tex/latex/base/article.cls
Document Class: article 2014/09/29 v1.4h Standard LaTeX document class
(/usr/share/texlive/texmf-dist/tex/latex/base/size10.clo
File: size10.clo 2014/09/29 v1.4h Standard LaTeX file (size option)
)
\c@part=\count79
\c@section=\count80
\c@subsection=\count81
\c@subsubsection=\count82
\c@paragraph=\count83
\c@subparagraph=\count84
\c@figure=\count85
\c@table=\count86
\abovecaptionskip=\skip41
\belowcaptionskip=\skip42
\bibindent=\dimen102
)
(/usr/share/texlive/texmf-dist/tex/latex/graphics/graphicx.sty
Package: graphicx 2017/06/01 v1.1a Enhanced LaTeX Graphics (DPC,SPQR)

(/usr/share/texlive/texmf-dist/tex/latex/graphics/keyval.sty
Package: keyval 2014/10/28 v1.15 key=value parser (DPC)
\KV@toks@=\toks14
)
(/usr/share/texlive/texmf-dist/tex/latex/graphics/graphics.sty
Package: graphics 2017/06/25 v1.2c Standard LaTeX Graphics (DPC,SPQR)

(/usr/share/texlive/texmf-dist/tex/latex/graphics/trig.sty
Package: trig 2016/01/03 v1.10 sin cos tan (DPC)
)
(/usr/share/texlive/texmf-dist/tex/latex/graphics-cfg/graphics.cfg
File: graphics.cfg 2016/06/04 v1.11 sample graphics configuration
)
Package graphics Info: Driver file: pdftex.def on input line 99.

(/usr/share/texlive/texmf-dist/tex/latex/graphics-def/pdftex.def
File: pdftex.def 2017/06/24 v1.0g Graphics/color driver for pdftex
))
\Gin@req@height=\dimen103
\Gin@req@width=\dimen104
)
(/usr/share/texlive/texmf-dist/tex/latex/geometry/geometry.sty
Package: geometry 2010/09/12 v5.6 Page Geometry

(/usr/share/texlive/texmf-dist/tex/generic/oberdiek/ifpdf.sty
Package: ifpdf 2017/03/15 v3.2 Provides the ifpdf switch
)
(/usr/share/texlive/texmf-dist/tex/generic/oberdiek/ifvtex.sty
Package: ifvtex 2016/05/16 v1.6 Detect VTeX and its facilities (HO)
Package ifvtex Info: VTeX not detected.
)
(/usr/share/texlive/texmf-dist/tex/generic/ifxetex/ifxetex.sty
Package: ifxetex 2010/09/12 v0.6 Provides ifxetex conditional
)
\Gm@cnth=\count87
\Gm@cntv=\count88
\c@Gm@tempcnt=\count89
\Gm@bindingoffset=\dimen105
\Gm@wd@mp=\dimen106
\Gm@odd@mp=\dimen107
\Gm@even@mp=\dimen108
\Gm@layoutwidth=\dimen109
\Gm@layoutheight=\dimen110
\Gm@layouthoffset=\dimen111
\Gm@layoutvoffset=\dimen112
\Gm@dimlist=\toks15
)
No file report.aux.
\openout1 = `report.aux'.

LaTeX Font Info:    Checking defaults for OML/cmm/m/it on input line 7.
LaTeX Font Info:    ... okay on input line 7.
LaTeX Font Info:    Checking defaults for T1/cmr/m/n on input line 7.
LaTeX Font Info:    ... okay on input line 7.
LaTeX Font Info:    Checking defaults for OT1/cmr/m/n on input line 7.
LaTeX Font Info:    ... okay on input line 7.
LaTeX Font Info:    Checking defaults for OMS/cmsy/m/n on input line 7.
LaTeX Font Info:    ... okay on input line 7.
LaTeX Font Info:    Checking defaults for OMX/cmex/m/n on input line 7.
LaTeX Font Info:    ... okay on input line 7.
LaTeX Font Info:    Checking defaults for U/cmr/m/n on input line 7.
LaTeX Font Info:    ... okay on input line 7.
(/usr/share/texlive/texmf-dist/tex/context/base/mkii/supp-pdf.mkii
[Loading MPS to PDF converter (version 2006.09.02).]
\scratchcounter=\count90
\scratchdimen=\dimen113
\scratchbox=\box26
\nofMPsegments=\count91
\nofMParguments=\count92
\everyMPshowfont=\toks16
\MPscratchCnt=\count93
\MPscratchDim=\dimen114
\MPnumerator=\count94
\makeMPintoPDFobject=\count95
\everyMPtoPDFconversion=\toks17
) (/usr/share/texlive/texmf-dist/tex/latex/oberdiek/epstopdf-base.sty
Package: epstopdf-base 2016/05/15 v2.6 Base part for package epstopdf

(/usr/share/texlive/texmf-dist/tex/generic/oberdiek/infwarerr.sty
Package: infwarerr 2016/05/16 v1.4 Providing info/warning/error messages (HO)
)
(/usr/share/texlive/texmf-dist/tex/latex/oberdiek/grfext.sty
Package: grfext 2016/05/16 v1.2 Manage graphics extensions (HO)

(/usr/share/texlive/texmf-dist/tex/generic/oberdiek/kvdefinekeys.sty
Package: kvdefinekeys 2016/05/16 v1.4 Define keys (HO)

(/usr/share/texlive/texmf-dist/tex/generic/oberdiek/ltxcmds.sty
Package: ltxcmds 2016/05/16 v1.23 LaTeX kernel commands for general use (HO)
)))
(/usr/share/texlive/texmf-dist/tex/latex/oberdiek/kvoptions.sty
Package: kvoptions 2016/05/16 v3.12 Key value format for package options (HO)

(/usr/share/texlive/texmf-dist/tex/generic/oberdiek/kvsetkeys.sty
Package: kvsetkeys 2016/05/16 v1.17 Key value parser (HO)

(/usr/share/texlive/texmf-dist/tex/generic/oberdiek/etexcmds.sty
Package: etexcmds 2016/05/16 v1.6 Avoid name clashes with e-TeX commands (HO)

(/usr/share/texlive/texmf-dist/tex/generic/oberdiek/ifluatex.sty
Package: ifluatex 2016/05/16 v1.4 Provides the ifluatex switch (HO)
Package ifluatex Info: LuaTeX not detected.
)
Package etexcmds Info: Could not find \expanded.
(etexcmds)             That can mean that you are not using pdfTeX 1.50 or
(etexcmds)             that some package has redefined \expanded.
(etexcmds)             In the latter case, load this package earlier.
)))
(/usr/share/texlive/texmf-dist/tex/generic/oberdiek/pdftexcmds.sty
Package: pdftexcmds 2017/03/19 v0.25 Utility functions of pdfTeX for LuaTeX (HO
)
Package pdftexcmds Info: LuaTeX not detected.
Package pdftexcmds Info: \pdf@primitive is available.
Package pdftexcmds Info: \pdf@ifprimitive is available.
Package pdftexcmds Info: \pdfdraftmode found.
)
Package epstopdf-base Info: Redefining graphics rule for `.eps' on input line 4
38.
Package grfext Info: Graphics extension search list:
(grfext)             [.pdf,.png,.jpg,.mps,.jpeg,.jbig2,.jb2,.PDF,.PNG,.JPG,.JPE
G,.JBIG2,.JB2,.eps]
(grfext)             \AppendGraphicsExtensions on input line 456.

(/usr/share/texlive/texmf-dist/tex/latex/latexconfig/epstopdf-sys.cfg
File: epstopdf-sys.cfg 2010/07/13 v1.3 Configuration of (r)epstopdf for TeX Liv
e
))
*geometry* driver: auto-detecting
*geometry* detected driver: pdftex
*geometry* verbose mode - [ preamble ] result:
* driver: pdftex
* paper: <default>
* layout: <same size as paper>
* layoutoffset:(h,v)=(0.0pt,0.0pt)
* modes: 
* h-part:(L,W,R)=(2.84526pt, 608.60448pt, 2.84526pt)
* v-part:(T,H,B)=(2.84526pt, 789.27946pt, 2.84526pt)
* \paperwidth=614.295pt
* \paperheight=794.96999pt
* \textwidth=608.60448pt
* \textheight=789.27946pt
* \oddsidemargin=-69.42473pt
* \evensidemargin=-69.42473pt
* \topmargin=-106.42473pt
* \headheight=12.0pt
* \headsep=25.0pt
* \topskip=10.0pt
* \footskip=30.0pt
* \marginparwidth=65.0pt
* \marginparsep=11.0pt
* \columnsep=10.0pt
* \skip\footins=9.0pt plus 4.0pt minus 2.0pt
* \hoffset=0.0pt
* \voffset=0.0pt
* \mag=1000
* \@twocolumnfalse
* \@twosidefalse
* \@mparswitchfalse
* \@reversemarginfalse
* (1in=72.27pt=25.4mm, 1cm=28.453pt)


Overfull \hbox (8.61942pt too wide) in paragraph at lines 54--187
\OT1/cmr/m/n/10 0.02651186, 0.09726675], [ 0.07550593, -0.00678585, -0.09915465
, -0.08444691, -0.01681358], [-0.01748774, -0.08640441, 0.00404268, -0.03153633
,
 []


Overfull \hbox (5.84166pt too wide) in paragraph at lines 54--187
\OT1/cmr/m/n/10 0.01967673], [-0.02437172, -0.07086829, 0.05146688, -0.05816933
, 0.09409681], [-0.06977475, 0.04109995, -0.07812512, -0.08288789, 0.04318009],

 []


Overfull \hbox (5.50836pt too wide) in paragraph at lines 54--187
\OT1/cmr/m/n/10 0.09048273, 0.04627526, 0.04382463, 0.01594801], [-0.07721038, 
-0.06256997, 0.06169124, 0.05155168, 0.14510609], ..., [ 0.07796776, 0.02767521
,
 []


Overfull \hbox (1.95276pt too wide) in paragraph at lines 54--187
\OT1/cmr/m/n/10 0.05937346, 0.16184246], [-0.07239821, -0.02737633, 0.08495135,
 0.04478198, 0.03114031], [ 0.05057394, -0.02397885, -0.05163611, -0.00268508,
 []


Overfull \hbox (10.28606pt too wide) in paragraph at lines 54--187
\OT1/cmr/m/n/10 -0.04298538, -0.00972601, -0.06205609, -0.00456389], [-0.011868
62, -0.06713532, 0.08444406, -0.07489114, -0.0329365 ], [-0.02025175, 0.0612684
7,
 []


Overfull \hbox (1.95276pt too wide) in paragraph at lines 54--187
\OT1/cmr/m/n/10 0.06149387, -0.02661669, 0.06248296], [-0.05319644, -0.08539962
, 0.07474104, 0.06016372, 0.09440165], [ 0.07950476, -0.09707343, -0.07469958,
 []


Overfull \hbox (7.73056pt too wide) in paragraph at lines 54--187
\OT1/cmr/m/n/10 0.12229478], ..., [ 0.08669307, -0.08196932, 0.0236262 , -0.071
11381, 0.15608317], [ 0.02498968, 0.04270154, 0.09723191, 0.05595141, 0.1397723
8],
 []


Overfull \hbox (9.9528pt too wide) in paragraph at lines 54--187
\OT1/cmr/m/n/10 0.05227509, 0.04570899, 0.14166605], [-0.09258918, 0.07424264, 
0.01180716, -0.05350037, 0.11771721], ..., [-0.03566069, -0.05820665, 0.0686161
1,
 []


Overfull \hbox (8.28615pt too wide) in paragraph at lines 54--187
\OT1/cmr/m/n/10 0.15868123], [ 0.02161813, 0.06565579, 0.06067297, 0.03358316, 
0.11483094], ..., [-0.08799051, 0.04631713, 0.08791553, -0.02187232, 0.00528654
],
 []


Overfull \hbox (11.06386pt too wide) in paragraph at lines 54--187
\OT1/cmr/m/n/10 -0.06605294, -0.06180234, 0.07267966, 0.06718988], ..., [-0.062
64733, -0.04961103, 0.0630957 , -0.0519684 , 0.11824389], [-0.03570677, 0.00987
862,
 []


Overfull \hbox (7.175pt too wide) in paragraph at lines 54--187
\OT1/cmr/m/n/10 0.0983684 , 0.10886419], ..., [-0.00314024, -0.00409096, 0.0237
9125, 0.02979468, 0.07359416], [-0.03297291, -0.01504276, 0.07164509, 0.0390858
4,
 []


Overfull \hbox (4.73055pt too wide) in paragraph at lines 54--187
\OT1/cmr/m/n/10 0.04275157], [ 0.07297298, -0.01302197, -0.03216503, 0.04466023
, 0.10572824], [-0.05302576, -0.05461781, 0.03992867, -0.04006309, 0.02470358],

 []

[1

{/var/lib/texmf/fonts/map/pdftex/updmap/pdftex.map}]

LaTeX Warning: File `report_pickled_controls261/control_dpn_all.png' not found 
on input line 188.


! Package pdftex.def Error: File `report_pickled_controls261/control_dpn_all.pn
g' not found: using draft setting.

See the pdftex.def package documentation for explanation.
Type  H <return>  for immediate help.
 ...                                              
                                                  
l.188 ..._pickled_controls261/control_dpn_all.png}
                                                  
Try typing  <return>  to proceed.
If that doesn't work, type  X <return>  to quit.

[2] (./report.aux) ) 
Here is how much of TeX's memory you used:
 1888 strings out of 494813
 27297 string characters out of 6178109
 93029 words of memory out of 5000000
 5219 multiletter control sequences out of 15000+600000
 3808 words of font info for 15 fonts, out of 8000000 for 9000
 81 hyphenation exceptions out of 8191
 41i,4n,32p,273b,178s stack positions out of 5000i,500n,10000p,200000b,80000s
</usr/share/texlive/texmf-dist/fonts/type1/public/amsfonts/
cm/cmr10.pfb></usr/share/texlive/texmf-dist/fonts/type1/public/amsfonts/cm/cmtt
10.pfb>
Output written on report.pdf (2 pages, 35282 bytes).
PDF statistics:
 19 PDF objects out of 1000 (max. 8388607)
 12 compressed objects within 1 object stream
 0 named destinations out of 1000 (max. 500000)
 1 words of extra memory for PDF output out of 10000 (max. 10000000)

